[ 2017-04-12T09:34:06+08:00 ] ::1 /favicon.ico
INFO: [ app_init ] --START--
INFO: Run Behavior\BuildLiteBehavior [ RunTime:0.000007s ]
INFO: [ app_init ] --END-- [ RunTime:0.000043s ]
ERR: 无法加载模块:Favicon

[ 2017-04-12T10:03:07+08:00 ] ::1 /favicon.ico
INFO: [ app_init ] --START--
INFO: Run Behavior\BuildLiteBehavior [ RunTime:0.000007s ]
INFO: [ app_init ] --END-- [ RunTime:0.000053s ]
ERR: 无法加载模块:Favicon

[ 2017-04-12T10:03:57+08:00 ] ::1 /favicon.ico
INFO: [ app_init ] --START--
INFO: Run Behavior\BuildLiteBehavior [ RunTime:0.000004s ]
INFO: [ app_init ] --END-- [ RunTime:0.000033s ]
ERR: 无法加载模块:Favicon

[ 2017-04-12T10:11:09+08:00 ] ::1 /favicon.ico
INFO: [ app_init ] --START--
INFO: Run Behavior\BuildLiteBehavior [ RunTime:0.000005s ]
INFO: [ app_init ] --END-- [ RunTime:0.000034s ]
ERR: 无法加载模块:Favicon

[ 2017-04-12T10:11:45+08:00 ] ::1 /favicon.ico
INFO: [ app_init ] --START--
INFO: Run Behavior\BuildLiteBehavior [ RunTime:0.000018s ]
INFO: [ app_init ] --END-- [ RunTime:0.000143s ]
ERR: 无法加载模块:Favicon

[ 2017-04-12T10:58:25+08:00 ] ::1 /favicon.ico
INFO: [ app_init ] --START--
INFO: Run Behavior\BuildLiteBehavior [ RunTime:0.000007s ]
INFO: [ app_init ] --END-- [ RunTime:0.000043s ]
ERR: 无法加载模块:Favicon

[ 2017-04-12T14:28:28+08:00 ] 127.0.0.1 /favicon.ico
INFO: [ app_init ] --START--
INFO: Run Behavior\BuildLiteBehavior [ RunTime:0.000007s ]
INFO: [ app_init ] --END-- [ RunTime:0.000044s ]
ERR: 无法加载模块:Favicon

[ 2017-04-12T14:39:26+08:00 ] ::1 /Public/Admin/js/laydate/laydate.js
INFO: [ app_init ] --START--
INFO: Run Behavior\BuildLiteBehavior [ RunTime:0.000007s ]
INFO: [ app_init ] --END-- [ RunTime:0.000042s ]
ERR: 无法加载模块:Public

[ 2017-04-12T14:39:26+08:00 ] ::1 /Public/Admin/js/laydate/laydate.js
INFO: [ app_init ] --START--
INFO: Run Behavior\BuildLiteBehavior [ RunTime:0.000006s ]
INFO: [ app_init ] --END-- [ RunTime:0.000041s ]
ERR: 无法加载模块:Public

[ 2017-04-12T14:41:12+08:00 ] ::1 /Public/Admin/js/laydate/laydate.js
INFO: [ app_init ] --START--
INFO: Run Behavior\BuildLiteBehavior [ RunTime:0.000007s ]
INFO: [ app_init ] --END-- [ RunTime:0.000043s ]
ERR: 无法加载模块:Public

[ 2017-04-12T14:41:12+08:00 ] ::1 /Public/Admin/js/laydate/laydate.js
INFO: [ app_init ] --START--
INFO: Run Behavior\BuildLiteBehavior [ RunTime:0.000007s ]
INFO: [ app_init ] --END-- [ RunTime:0.000053s ]
ERR: 无法加载模块:Public

[ 2017-04-12T14:42:01+08:00 ] 127.0.0.1 /Public/Admin/js/laydate/laydate.js
INFO: [ app_init ] --START--
INFO: Run Behavior\BuildLiteBehavior [ RunTime:0.000007s ]
INFO: [ app_init ] --END-- [ RunTime:0.000044s ]
ERR: 无法加载模块:Public

[ 2017-04-12T14:42:01+08:00 ] 127.0.0.1 /Public/Admin/js/laydate/laydate.js
INFO: [ app_init ] --START--
INFO: Run Behavior\BuildLiteBehavior [ RunTime:0.000005s ]
INFO: [ app_init ] --END-- [ RunTime:0.000034s ]
ERR: 无法加载模块:Public

[ 2017-04-12T14:42:24+08:00 ] ::1 /Public/Admin/js/laydate/laydate.js
INFO: [ app_init ] --START--
INFO: Run Behavior\BuildLiteBehavior [ RunTime:0.000005s ]
INFO: [ app_init ] --END-- [ RunTime:0.000033s ]
ERR: 无法加载模块:Public

[ 2017-04-12T14:42:24+08:00 ] ::1 /Public/Admin/js/laydate/laydate.js
INFO: [ app_init ] --START--
INFO: Run Behavior\BuildLiteBehavior [ RunTime:0.000006s ]
INFO: [ app_init ] --END-- [ RunTime:0.000041s ]
ERR: 无法加载模块:Public

[ 2017-04-12T14:42:57+08:00 ] ::1 /Public/Admin/js/laydate/laydate.js
INFO: [ app_init ] --START--
INFO: Run Behavior\BuildLiteBehavior [ RunTime:0.000007s ]
INFO: [ app_init ] --END-- [ RunTime:0.000044s ]
ERR: 无法加载模块:Public

[ 2017-04-12T14:42:57+08:00 ] ::1 /Public/Admin/js/laydate/laydate.js
INFO: [ app_init ] --START--
INFO: Run Behavior\BuildLiteBehavior [ RunTime:0.000006s ]
INFO: [ app_init ] --END-- [ RunTime:0.000032s ]
ERR: 无法加载模块:Public

[ 2017-04-12T14:46:42+08:00 ] 127.0.0.1 /Public/Admin/js/laydate/laydate.js
INFO: [ app_init ] --START--
INFO: Run Behavior\BuildLiteBehavior [ RunTime:0.000005s ]
INFO: [ app_init ] --END-- [ RunTime:0.000030s ]
ERR: 无法加载模块:Public

[ 2017-04-12T14:46:42+08:00 ] 127.0.0.1 /Public/Admin/js/laydate/laydate.js
INFO: [ app_init ] --START--
INFO: Run Behavior\BuildLiteBehavior [ RunTime:0.000005s ]
INFO: [ app_init ] --END-- [ RunTime:0.000031s ]
ERR: 无法加载模块:Public

[ 2017-04-12T14:46:44+08:00 ] 127.0.0.1 /Public/Admin/js/laydate/laydate.js
INFO: [ app_init ] --START--
INFO: Run Behavior\BuildLiteBehavior [ RunTime:0.000005s ]
INFO: [ app_init ] --END-- [ RunTime:0.000033s ]
ERR: 无法加载模块:Public

[ 2017-04-12T14:46:44+08:00 ] 127.0.0.1 /Public/Admin/js/laydate/laydate.js
INFO: [ app_init ] --START--
INFO: Run Behavior\BuildLiteBehavior [ RunTime:0.000007s ]
INFO: [ app_init ] --END-- [ RunTime:0.000045s ]
ERR: 无法加载模块:Public

[ 2017-04-12T14:48:18+08:00 ] ::1 /Public/Admin/js/laydate/laydate.js
INFO: [ app_init ] --START--
INFO: Run Behavior\BuildLiteBehavior [ RunTime:0.000017s ]
INFO: [ app_init ] --END-- [ RunTime:0.000099s ]
ERR: 无法加载模块:Public

[ 2017-04-12T14:48:19+08:00 ] ::1 /Public/Admin/js/laydate/laydate.js
INFO: [ app_init ] --START--
INFO: Run Behavior\BuildLiteBehavior [ RunTime:0.000006s ]
INFO: [ app_init ] --END-- [ RunTime:0.000041s ]
ERR: 无法加载模块:Public

[ 2017-04-12T14:53:36+08:00 ] 127.0.0.1 /Public/Admin/js/laydate/laydate.js
INFO: [ app_init ] --START--
INFO: Run Behavior\BuildLiteBehavior [ RunTime:0.000005s ]
INFO: [ app_init ] --END-- [ RunTime:0.000030s ]
ERR: 无法加载模块:Public

[ 2017-04-12T14:53:36+08:00 ] 127.0.0.1 /Public/Admin/js/laydate/laydate.js
INFO: [ app_init ] --START--
INFO: Run Behavior\BuildLiteBehavior [ RunTime:0.000006s ]
INFO: [ app_init ] --END-- [ RunTime:0.000039s ]
ERR: 无法加载模块:Public

[ 2017-04-12T14:54:40+08:00 ] 127.0.0.1 /Public/Admin/js/laydate/laydate.js
INFO: [ app_init ] --START--
INFO: Run Behavior\BuildLiteBehavior [ RunTime:0.000005s ]
INFO: [ app_init ] --END-- [ RunTime:0.000035s ]
ERR: 无法加载模块:Public

[ 2017-04-12T14:54:40+08:00 ] 127.0.0.1 /Public/Admin/js/laydate/laydate.js
INFO: [ app_init ] --START--
INFO: Run Behavior\BuildLiteBehavior [ RunTime:0.000005s ]
INFO: [ app_init ] --END-- [ RunTime:0.000034s ]
ERR: 无法加载模块:Public

[ 2017-04-12T14:55:11+08:00 ] 127.0.0.1 /Public/Admin/js/laydate/laydate.js
INFO: [ app_init ] --START--
INFO: Run Behavior\BuildLiteBehavior [ RunTime:0.000005s ]
INFO: [ app_init ] --END-- [ RunTime:0.000031s ]
ERR: 无法加载模块:Public

[ 2017-04-12T14:55:11+08:00 ] 127.0.0.1 /Public/Admin/js/laydate/laydate.js
INFO: [ app_init ] --START--
INFO: Run Behavior\BuildLiteBehavior [ RunTime:0.000008s ]
INFO: [ app_init ] --END-- [ RunTime:0.000050s ]
ERR: 无法加载模块:Public

[ 2017-04-12T14:55:41+08:00 ] ::1 /Public/Admin/js/laydate/laydate.js
INFO: [ app_init ] --START--
INFO: Run Behavior\BuildLiteBehavior [ RunTime:0.000005s ]
INFO: [ app_init ] --END-- [ RunTime:0.000033s ]
ERR: 无法加载模块:Public

[ 2017-04-12T14:55:41+08:00 ] ::1 /Public/Admin/js/laydate/laydate.js
INFO: [ app_init ] --START--
INFO: Run Behavior\BuildLiteBehavior [ RunTime:0.000004s ]
INFO: [ app_init ] --END-- [ RunTime:0.000030s ]
ERR: 无法加载模块:Public

[ 2017-04-12T14:57:07+08:00 ] 127.0.0.1 /Public/admin/js/laydate/laydate.css
INFO: [ app_init ] --START--
INFO: Run Behavior\BuildLiteBehavior [ RunTime:0.000007s ]
INFO: [ app_init ] --END-- [ RunTime:0.000049s ]
ERR: 无法加载模块:Public

[ 2017-04-12T14:57:07+08:00 ] 127.0.0.1 /Public/Admin/js/laydate/laydate.js
INFO: [ app_init ] --START--
INFO: Run Behavior\BuildLiteBehavior [ RunTime:0.000004s ]
INFO: [ app_init ] --END-- [ RunTime:0.000029s ]
ERR: 无法加载模块:Public

[ 2017-04-12T14:57:07+08:00 ] 127.0.0.1 /Public/Admin/js/laydate/laydate.js
INFO: [ app_init ] --START--
INFO: Run Behavior\BuildLiteBehavior [ RunTime:0.000005s ]
INFO: [ app_init ] --END-- [ RunTime:0.000030s ]
ERR: 无法加载模块:Public

[ 2017-04-12T14:57:17+08:00 ] ::1 /Public/admin/js/laydate/laydate.css
INFO: [ app_init ] --START--
INFO: Run Behavior\BuildLiteBehavior [ RunTime:0.000007s ]
INFO: [ app_init ] --END-- [ RunTime:0.000047s ]
ERR: 无法加载模块:Public

[ 2017-04-12T14:57:17+08:00 ] ::1 /Public/Admin/js/laydate/laydate.js
INFO: [ app_init ] --START--
INFO: Run Behavior\BuildLiteBehavior [ RunTime:0.000006s ]
INFO: [ app_init ] --END-- [ RunTime:0.000045s ]
ERR: 无法加载模块:Public

[ 2017-04-12T14:57:17+08:00 ] ::1 /Public/Admin/js/laydate/laydate.js
INFO: [ app_init ] --START--
INFO: Run Behavior\BuildLiteBehavior [ RunTime:0.000004s ]
INFO: [ app_init ] --END-- [ RunTime:0.000030s ]
ERR: 无法加载模块:Public

[ 2017-04-12T14:58:27+08:00 ] ::1 /Public/admin/js/laydate/laydate.css
INFO: [ app_init ] --START--
INFO: Run Behavior\BuildLiteBehavior [ RunTime:0.000007s ]
INFO: [ app_init ] --END-- [ RunTime:0.000042s ]
ERR: 无法加载模块:Public

[ 2017-04-12T14:58:27+08:00 ] ::1 /Public/Admin/js/laydate/laydate.js
INFO: [ app_init ] --START--
INFO: Run Behavior\BuildLiteBehavior [ RunTime:0.000007s ]
INFO: [ app_init ] --END-- [ RunTime:0.000045s ]
ERR: 无法加载模块:Public

[ 2017-04-12T14:58:27+08:00 ] ::1 /Public/Admin/js/laydate/laydate.js
INFO: [ app_init ] --START--
INFO: Run Behavior\BuildLiteBehavior [ RunTime:0.000006s ]
INFO: [ app_init ] --END-- [ RunTime:0.000038s ]
ERR: 无法加载模块:Public

[ 2017-04-12T14:59:17+08:00 ] ::1 /Public/Admin/js/laydate/laydate.js
INFO: [ app_init ] --START--
INFO: Run Behavior\BuildLiteBehavior [ RunTime:0.000005s ]
INFO: [ app_init ] --END-- [ RunTime:0.000032s ]
ERR: 无法加载模块:Public

[ 2017-04-12T14:59:17+08:00 ] ::1 /Public/Admin/js/laydate/laydate.js
INFO: [ app_init ] --START--
INFO: Run Behavior\BuildLiteBehavior [ RunTime:0.000005s ]
INFO: [ app_init ] --END-- [ RunTime:0.000034s ]
ERR: 无法加载模块:Public

[ 2017-04-12T15:03:14+08:00 ] 127.0.0.1 /Public/Admin/js/laydate/laydate.js
INFO: [ app_init ] --START--
INFO: Run Behavior\BuildLiteBehavior [ RunTime:0.000005s ]
INFO: [ app_init ] --END-- [ RunTime:0.000031s ]
ERR: 无法加载模块:Public

[ 2017-04-12T15:03:14+08:00 ] 127.0.0.1 /Public/Admin/js/laydate/laydate.js
INFO: [ app_init ] --START--
INFO: Run Behavior\BuildLiteBehavior [ RunTime:0.000007s ]
INFO: [ app_init ] --END-- [ RunTime:0.000040s ]
ERR: 无法加载模块:Public

[ 2017-04-12T15:07:43+08:00 ] ::1 /Public/Admin/js/laydate/laydate.js
INFO: [ app_init ] --START--
INFO: Run Behavior\BuildLiteBehavior [ RunTime:0.000009s ]
INFO: [ app_init ] --END-- [ RunTime:0.000070s ]
ERR: 无法加载模块:Public

[ 2017-04-12T15:07:43+08:00 ] ::1 /Public/Admin/js/laydate/laydate.js
INFO: [ app_init ] --START--
INFO: Run Behavior\BuildLiteBehavior [ RunTime:0.000004s ]
INFO: [ app_init ] --END-- [ RunTime:0.000031s ]
ERR: 无法加载模块:Public

[ 2017-04-12T15:08:46+08:00 ] ::1 /Public/Admin/js/laydate/laydate.js
INFO: [ app_init ] --START--
INFO: Run Behavior\BuildLiteBehavior [ RunTime:0.000006s ]
INFO: [ app_init ] --END-- [ RunTime:0.000037s ]
ERR: 无法加载模块:Public

[ 2017-04-12T15:08:46+08:00 ] ::1 /Public/Admin/js/laydate/laydate.js
INFO: [ app_init ] --START--
INFO: Run Behavior\BuildLiteBehavior [ RunTime:0.000005s ]
INFO: [ app_init ] --END-- [ RunTime:0.000030s ]
ERR: 无法加载模块:Public

[ 2017-04-12T15:09:26+08:00 ] ::1 /Public/Admin/js/laydate/laydate.js
INFO: [ app_init ] --START--
INFO: Run Behavior\BuildLiteBehavior [ RunTime:0.000005s ]
INFO: [ app_init ] --END-- [ RunTime:0.000035s ]
ERR: 无法加载模块:Public

[ 2017-04-12T15:09:26+08:00 ] ::1 /Public/Admin/js/laydate/laydate.js
INFO: [ app_init ] --START--
INFO: Run Behavior\BuildLiteBehavior [ RunTime:0.000014s ]
INFO: [ app_init ] --END-- [ RunTime:0.000097s ]
ERR: 无法加载模块:Public

[ 2017-04-12T15:10:17+08:00 ] ::1 /Public/Admin/js/laydate/laydate.js
INFO: [ app_init ] --START--
INFO: Run Behavior\BuildLiteBehavior [ RunTime:0.000005s ]
INFO: [ app_init ] --END-- [ RunTime:0.000032s ]
ERR: 无法加载模块:Public

[ 2017-04-12T15:10:17+08:00 ] ::1 /Public/Admin/js/laydate/laydate.js
INFO: [ app_init ] --START--
INFO: Run Behavior\BuildLiteBehavior [ RunTime:0.000005s ]
INFO: [ app_init ] --END-- [ RunTime:0.000031s ]
ERR: 无法加载模块:Public

[ 2017-04-12T15:11:35+08:00 ] ::1 /Public/Admin/js/laydate/laydate.js
INFO: [ app_init ] --START--
INFO: Run Behavior\BuildLiteBehavior [ RunTime:0.000006s ]
INFO: [ app_init ] --END-- [ RunTime:0.000041s ]
ERR: 无法加载模块:Public

[ 2017-04-12T15:11:35+08:00 ] ::1 /Public/Admin/js/laydate/laydate.js
INFO: [ app_init ] --START--
INFO: Run Behavior\BuildLiteBehavior [ RunTime:0.000007s ]
INFO: [ app_init ] --END-- [ RunTime:0.000051s ]
ERR: 无法加载模块:Public

[ 2017-04-12T15:48:42+08:00 ] ::1 /Public/Admin/js/laydate/laydate.js
INFO: [ app_init ] --START--
INFO: Run Behavior\BuildLiteBehavior [ RunTime:0.000008s ]
INFO: [ app_init ] --END-- [ RunTime:0.000054s ]
ERR: 无法加载模块:Public

[ 2017-04-12T15:48:42+08:00 ] ::1 /Public/Admin/js/laydate/laydate.js
INFO: [ app_init ] --START--
INFO: Run Behavior\BuildLiteBehavior [ RunTime:0.000007s ]
INFO: [ app_init ] --END-- [ RunTime:0.000041s ]
ERR: 无法加载模块:Public

[ 2017-04-12T15:48:44+08:00 ] ::1 /Public/Admin/js/laydate/laydate.js
INFO: [ app_init ] --START--
INFO: Run Behavior\BuildLiteBehavior [ RunTime:0.000006s ]
INFO: [ app_init ] --END-- [ RunTime:0.000031s ]
ERR: 无法加载模块:Public

[ 2017-04-12T15:48:44+08:00 ] ::1 /Public/Admin/js/laydate/laydate.js
INFO: [ app_init ] --START--
INFO: Run Behavior\BuildLiteBehavior [ RunTime:0.000006s ]
INFO: [ app_init ] --END-- [ RunTime:0.000040s ]
ERR: 无法加载模块:Public

[ 2017-04-12T15:49:11+08:00 ] ::1 /Public/Admin/js/laydate/laydate.js
INFO: [ app_init ] --START--
INFO: Run Behavior\BuildLiteBehavior [ RunTime:0.000007s ]
INFO: [ app_init ] --END-- [ RunTime:0.000045s ]
ERR: 无法加载模块:Public

[ 2017-04-12T15:49:11+08:00 ] ::1 /Public/Admin/js/laydate/laydate.js
INFO: [ app_init ] --START--
INFO: Run Behavior\BuildLiteBehavior [ RunTime:0.000010s ]
INFO: [ app_init ] --END-- [ RunTime:0.000057s ]
ERR: 无法加载模块:Public

[ 2017-04-12T15:49:37+08:00 ] ::1 /Public/Admin/js/laydate/laydate.js
INFO: [ app_init ] --START--
INFO: Run Behavior\BuildLiteBehavior [ RunTime:0.000005s ]
INFO: [ app_init ] --END-- [ RunTime:0.000032s ]
ERR: 无法加载模块:Public

[ 2017-04-12T15:49:37+08:00 ] ::1 /Public/Admin/js/laydate/laydate.js
INFO: [ app_init ] --START--
INFO: Run Behavior\BuildLiteBehavior [ RunTime:0.000005s ]
INFO: [ app_init ] --END-- [ RunTime:0.000035s ]
ERR: 无法加载模块:Public

[ 2017-04-12T15:50:16+08:00 ] ::1 /Public/Admin/js/laydate/laydate.js
INFO: [ app_init ] --START--
INFO: Run Behavior\BuildLiteBehavior [ RunTime:0.000020s ]
INFO: [ app_init ] --END-- [ RunTime:0.000144s ]
ERR: 无法加载模块:Public

[ 2017-04-12T15:50:16+08:00 ] ::1 /Public/Admin/js/laydate/laydate.js
INFO: [ app_init ] --START--
INFO: Run Behavior\BuildLiteBehavior [ RunTime:0.000007s ]
INFO: [ app_init ] --END-- [ RunTime:0.000048s ]
ERR: 无法加载模块:Public

[ 2017-04-12T15:51:47+08:00 ] ::1 /Public/Admin/js/laydate/laydate.js
INFO: [ app_init ] --START--
INFO: Run Behavior\BuildLiteBehavior [ RunTime:0.000005s ]
INFO: [ app_init ] --END-- [ RunTime:0.000032s ]
ERR: 无法加载模块:Public

[ 2017-04-12T15:51:47+08:00 ] ::1 /Public/Admin/js/laydate/laydate.js
INFO: [ app_init ] --START--
INFO: Run Behavior\BuildLiteBehavior [ RunTime:0.000016s ]
INFO: [ app_init ] --END-- [ RunTime:0.000076s ]
ERR: 无法加载模块:Public

[ 2017-04-12T15:51:55+08:00 ] ::1 /Public/Admin/js/laydate/laydate.js
INFO: [ app_init ] --START--
INFO: Run Behavior\BuildLiteBehavior [ RunTime:0.000007s ]
INFO: [ app_init ] --END-- [ RunTime:0.000045s ]
ERR: 无法加载模块:Public

[ 2017-04-12T15:51:55+08:00 ] ::1 /Public/Admin/js/laydate/laydate.js
INFO: [ app_init ] --START--
INFO: Run Behavior\BuildLiteBehavior [ RunTime:0.000005s ]
INFO: [ app_init ] --END-- [ RunTime:0.000032s ]
ERR: 无法加载模块:Public

[ 2017-04-12T15:52:39+08:00 ] ::1 /Public/Admin/js/laydate/laydate.js
INFO: [ app_init ] --START--
INFO: Run Behavior\BuildLiteBehavior [ RunTime:0.000005s ]
INFO: [ app_init ] --END-- [ RunTime:0.000031s ]
ERR: 无法加载模块:Public

[ 2017-04-12T15:52:39+08:00 ] ::1 /Public/Admin/js/laydate/laydate.js
INFO: [ app_init ] --START--
INFO: Run Behavior\BuildLiteBehavior [ RunTime:0.000005s ]
INFO: [ app_init ] --END-- [ RunTime:0.000032s ]
ERR: 无法加载模块:Public

[ 2017-04-12T15:52:45+08:00 ] ::1 /Public/Admin/js/laydate/laydate.js
INFO: [ app_init ] --START--
INFO: Run Behavior\BuildLiteBehavior [ RunTime:0.000014s ]
INFO: [ app_init ] --END-- [ RunTime:0.000102s ]
ERR: 无法加载模块:Public

[ 2017-04-12T15:52:46+08:00 ] ::1 /Public/Admin/js/laydate/laydate.js
INFO: [ app_init ] --START--
INFO: Run Behavior\BuildLiteBehavior [ RunTime:0.000016s ]
INFO: [ app_init ] --END-- [ RunTime:0.000107s ]
ERR: 无法加载模块:Public

[ 2017-04-12T15:55:24+08:00 ] ::1 /Public/Admin/js/laydate/laydate.js
INFO: [ app_init ] --START--
INFO: Run Behavior\BuildLiteBehavior [ RunTime:0.000006s ]
INFO: [ app_init ] --END-- [ RunTime:0.000045s ]
ERR: 无法加载模块:Public

[ 2017-04-12T15:55:24+08:00 ] ::1 /Public/Admin/js/laydate/laydate.js
INFO: [ app_init ] --START--
INFO: Run Behavior\BuildLiteBehavior [ RunTime:0.000006s ]
INFO: [ app_init ] --END-- [ RunTime:0.000050s ]
ERR: 无法加载模块:Public

[ 2017-04-12T15:55:37+08:00 ] ::1 /Public/Admin/js/laydate/laydate.js
INFO: [ app_init ] --START--
INFO: Run Behavior\BuildLiteBehavior [ RunTime:0.000007s ]
INFO: [ app_init ] --END-- [ RunTime:0.000046s ]
ERR: 无法加载模块:Public

[ 2017-04-12T15:55:37+08:00 ] ::1 /Public/Admin/js/laydate/laydate.js
INFO: [ app_init ] --START--
INFO: Run Behavior\BuildLiteBehavior [ RunTime:0.000008s ]
INFO: [ app_init ] --END-- [ RunTime:0.000047s ]
ERR: 无法加载模块:Public

[ 2017-04-12T15:56:18+08:00 ] ::1 /Public/Admin/js/laydate/laydate.js
INFO: [ app_init ] --START--
INFO: Run Behavior\BuildLiteBehavior [ RunTime:0.000006s ]
INFO: [ app_init ] --END-- [ RunTime:0.000042s ]
ERR: 无法加载模块:Public

[ 2017-04-12T15:56:18+08:00 ] ::1 /Public/Admin/js/laydate/laydate.js
INFO: [ app_init ] --START--
INFO: Run Behavior\BuildLiteBehavior [ RunTime:0.000005s ]
INFO: [ app_init ] --END-- [ RunTime:0.000030s ]
ERR: 无法加载模块:Public

[ 2017-04-12T15:56:22+08:00 ] ::1 /Public/Admin/js/laydate/laydate.js
INFO: [ app_init ] --START--
INFO: Run Behavior\BuildLiteBehavior [ RunTime:0.000009s ]
INFO: [ app_init ] --END-- [ RunTime:0.000053s ]
ERR: 无法加载模块:Public

[ 2017-04-12T15:56:22+08:00 ] ::1 /Public/Admin/js/laydate/laydate.js
INFO: [ app_init ] --START--
INFO: Run Behavior\BuildLiteBehavior [ RunTime:0.000017s ]
INFO: [ app_init ] --END-- [ RunTime:0.000049s ]
ERR: 无法加载模块:Public

[ 2017-04-12T15:56:33+08:00 ] ::1 /Public/Admin/js/laydate/laydate.js
INFO: [ app_init ] --START--
INFO: Run Behavior\BuildLiteBehavior [ RunTime:0.000022s ]
INFO: [ app_init ] --END-- [ RunTime:0.000132s ]
ERR: 无法加载模块:Public

[ 2017-04-12T15:56:33+08:00 ] ::1 /Public/Admin/js/laydate/laydate.js
INFO: [ app_init ] --START--
INFO: Run Behavior\BuildLiteBehavior [ RunTime:0.000006s ]
INFO: [ app_init ] --END-- [ RunTime:0.000040s ]
ERR: 无法加载模块:Public

[ 2017-04-12T15:59:51+08:00 ] ::1 /Public/Admin/js/laydate/laydate.js
INFO: [ app_init ] --START--
INFO: Run Behavior\BuildLiteBehavior [ RunTime:0.000006s ]
INFO: [ app_init ] --END-- [ RunTime:0.000044s ]
ERR: 无法加载模块:Public

[ 2017-04-12T15:59:51+08:00 ] ::1 /Public/Admin/js/laydate/laydate.js
INFO: [ app_init ] --START--
INFO: Run Behavior\BuildLiteBehavior [ RunTime:0.000006s ]
INFO: [ app_init ] --END-- [ RunTime:0.000041s ]
ERR: 无法加载模块:Public

[ 2017-04-12T16:00:40+08:00 ] ::1 /Public/Admin/js/laydate/laydate.js
INFO: [ app_init ] --START--
INFO: Run Behavior\BuildLiteBehavior [ RunTime:0.000007s ]
INFO: [ app_init ] --END-- [ RunTime:0.000045s ]
ERR: 无法加载模块:Public

[ 2017-04-12T16:00:40+08:00 ] ::1 /Public/Admin/js/laydate/laydate.js
INFO: [ app_init ] --START--
INFO: Run Behavior\BuildLiteBehavior [ RunTime:0.000006s ]
INFO: [ app_init ] --END-- [ RunTime:0.000043s ]
ERR: 无法加载模块:Public

[ 2017-04-12T16:00:48+08:00 ] ::1 /Public/Admin/js/laydate/laydate.js
INFO: [ app_init ] --START--
INFO: Run Behavior\BuildLiteBehavior [ RunTime:0.000008s ]
INFO: [ app_init ] --END-- [ RunTime:0.000048s ]
ERR: 无法加载模块:Public

[ 2017-04-12T16:00:48+08:00 ] ::1 /Public/Admin/js/laydate/laydate.js
INFO: [ app_init ] --START--
INFO: Run Behavior\BuildLiteBehavior [ RunTime:0.000007s ]
INFO: [ app_init ] --END-- [ RunTime:0.000046s ]
ERR: 无法加载模块:Public

[ 2017-04-12T16:02:06+08:00 ] ::1 /Public/Admin/js/laydate/laydate.js
INFO: [ app_init ] --START--
INFO: Run Behavior\BuildLiteBehavior [ RunTime:0.000007s ]
INFO: [ app_init ] --END-- [ RunTime:0.000047s ]
ERR: 无法加载模块:Public

[ 2017-04-12T16:02:06+08:00 ] ::1 /Public/Admin/js/laydate/laydate.js
INFO: [ app_init ] --START--
INFO: Run Behavior\BuildLiteBehavior [ RunTime:0.000030s ]
INFO: [ app_init ] --END-- [ RunTime:0.000125s ]
ERR: 无法加载模块:Public

[ 2017-04-12T16:07:14+08:00 ] ::1 /Public/Admin/js/laydate/laydate.js
INFO: [ app_init ] --START--
INFO: Run Behavior\BuildLiteBehavior [ RunTime:0.000007s ]
INFO: [ app_init ] --END-- [ RunTime:0.000043s ]
ERR: 无法加载模块:Public

[ 2017-04-12T16:07:14+08:00 ] ::1 /Public/Admin/js/laydate/laydate.js
INFO: [ app_init ] --START--
INFO: Run Behavior\BuildLiteBehavior [ RunTime:0.000009s ]
INFO: [ app_init ] --END-- [ RunTime:0.000059s ]
ERR: 无法加载模块:Public

[ 2017-04-12T16:08:14+08:00 ] ::1 /Public/Admin/js/laydate/laydate.js
INFO: [ app_init ] --START--
INFO: Run Behavior\BuildLiteBehavior [ RunTime:0.000006s ]
INFO: [ app_init ] --END-- [ RunTime:0.000044s ]
ERR: 无法加载模块:Public

[ 2017-04-12T16:08:14+08:00 ] ::1 /Public/Admin/js/laydate/laydate.js
INFO: [ app_init ] --START--
INFO: Run Behavior\BuildLiteBehavior [ RunTime:0.000007s ]
INFO: [ app_init ] --END-- [ RunTime:0.000046s ]
ERR: 无法加载模块:Public

[ 2017-04-12T16:08:52+08:00 ] ::1 /Public/Admin/js/laydate/laydate.js
INFO: [ app_init ] --START--
INFO: Run Behavior\BuildLiteBehavior [ RunTime:0.000005s ]
INFO: [ app_init ] --END-- [ RunTime:0.000032s ]
ERR: 无法加载模块:Public

[ 2017-04-12T16:08:52+08:00 ] ::1 /Public/Admin/js/laydate/laydate.js
INFO: [ app_init ] --START--
INFO: Run Behavior\BuildLiteBehavior [ RunTime:0.000017s ]
INFO: [ app_init ] --END-- [ RunTime:0.000094s ]
ERR: 无法加载模块:Public

[ 2017-04-12T16:10:19+08:00 ] ::1 /Public/Admin/js/laydate/laydate.js
INFO: [ app_init ] --START--
INFO: Run Behavior\BuildLiteBehavior [ RunTime:0.000007s ]
INFO: [ app_init ] --END-- [ RunTime:0.000044s ]
ERR: 无法加载模块:Public

[ 2017-04-12T16:10:19+08:00 ] ::1 /Public/Admin/js/laydate/laydate.js
INFO: [ app_init ] --START--
INFO: Run Behavior\BuildLiteBehavior [ RunTime:0.000006s ]
INFO: [ app_init ] --END-- [ RunTime:0.000041s ]
ERR: 无法加载模块:Public

[ 2017-04-12T16:10:31+08:00 ] ::1 /Public/Admin/js/laydate/laydate.js
INFO: [ app_init ] --START--
INFO: Run Behavior\BuildLiteBehavior [ RunTime:0.000019s ]
INFO: [ app_init ] --END-- [ RunTime:0.000110s ]
ERR: 无法加载模块:Public

[ 2017-04-12T16:10:31+08:00 ] ::1 /Public/Admin/js/laydate/laydate.js
INFO: [ app_init ] --START--
INFO: Run Behavior\BuildLiteBehavior [ RunTime:0.000007s ]
INFO: [ app_init ] --END-- [ RunTime:0.000046s ]
ERR: 无法加载模块:Public

[ 2017-04-12T16:10:57+08:00 ] ::1 /Public/Admin/js/laydate/laydate.js
INFO: [ app_init ] --START--
INFO: Run Behavior\BuildLiteBehavior [ RunTime:0.000007s ]
INFO: [ app_init ] --END-- [ RunTime:0.000044s ]
ERR: 无法加载模块:Public

[ 2017-04-12T16:10:57+08:00 ] ::1 /Public/Admin/js/laydate/laydate.js
INFO: [ app_init ] --START--
INFO: Run Behavior\BuildLiteBehavior [ RunTime:0.000006s ]
INFO: [ app_init ] --END-- [ RunTime:0.000041s ]
ERR: 无法加载模块:Public

[ 2017-04-12T16:11:47+08:00 ] ::1 /Public/Admin/js/laydate/laydate.js
INFO: [ app_init ] --START--
INFO: Run Behavior\BuildLiteBehavior [ RunTime:0.000008s ]
INFO: [ app_init ] --END-- [ RunTime:0.000049s ]
ERR: 无法加载模块:Public

[ 2017-04-12T16:11:47+08:00 ] ::1 /Public/Admin/js/laydate/laydate.js
INFO: [ app_init ] --START--
INFO: Run Behavior\BuildLiteBehavior [ RunTime:0.000007s ]
INFO: [ app_init ] --END-- [ RunTime:0.000045s ]
ERR: 无法加载模块:Public

[ 2017-04-12T16:11:54+08:00 ] ::1 /Public/Admin/js/laydate/laydate.js
INFO: [ app_init ] --START--
INFO: Run Behavior\BuildLiteBehavior [ RunTime:0.000004s ]
INFO: [ app_init ] --END-- [ RunTime:0.000030s ]
ERR: 无法加载模块:Public

[ 2017-04-12T16:11:54+08:00 ] ::1 /Public/Admin/js/laydate/laydate.js
INFO: [ app_init ] --START--
INFO: Run Behavior\BuildLiteBehavior [ RunTime:0.000007s ]
INFO: [ app_init ] --END-- [ RunTime:0.000043s ]
ERR: 无法加载模块:Public

[ 2017-04-12T16:12:59+08:00 ] ::1 /Public/Admin/js/laydate/laydate.js
INFO: [ app_init ] --START--
INFO: Run Behavior\BuildLiteBehavior [ RunTime:0.000008s ]
INFO: [ app_init ] --END-- [ RunTime:0.000050s ]
ERR: 无法加载模块:Public

[ 2017-04-12T16:12:59+08:00 ] ::1 /Public/Admin/js/laydate/laydate.js
INFO: [ app_init ] --START--
INFO: Run Behavior\BuildLiteBehavior [ RunTime:0.000005s ]
INFO: [ app_init ] --END-- [ RunTime:0.000033s ]
ERR: 无法加载模块:Public

[ 2017-04-12T16:13:07+08:00 ] ::1 /Public/Admin/js/laydate/laydate.js
INFO: [ app_init ] --START--
INFO: Run Behavior\BuildLiteBehavior [ RunTime:0.000005s ]
INFO: [ app_init ] --END-- [ RunTime:0.000031s ]
ERR: 无法加载模块:Public

[ 2017-04-12T16:13:07+08:00 ] ::1 /Public/Admin/js/laydate/laydate.js
INFO: [ app_init ] --START--
INFO: Run Behavior\BuildLiteBehavior [ RunTime:0.000005s ]
INFO: [ app_init ] --END-- [ RunTime:0.000030s ]
ERR: 无法加载模块:Public

[ 2017-04-12T16:14:51+08:00 ] ::1 /Public/Admin/js/laydate/laydate.js
INFO: [ app_init ] --START--
INFO: Run Behavior\BuildLiteBehavior [ RunTime:0.000004s ]
INFO: [ app_init ] --END-- [ RunTime:0.000031s ]
ERR: 无法加载模块:Public

[ 2017-04-12T16:14:51+08:00 ] ::1 /Public/Admin/js/laydate/laydate.js
INFO: [ app_init ] --START--
INFO: Run Behavior\BuildLiteBehavior [ RunTime:0.000007s ]
INFO: [ app_init ] --END-- [ RunTime:0.000047s ]
ERR: 无法加载模块:Public

[ 2017-04-12T16:14:57+08:00 ] ::1 /Public/Admin/js/laydate/laydate.js
INFO: [ app_init ] --START--
INFO: Run Behavior\BuildLiteBehavior [ RunTime:0.000007s ]
INFO: [ app_init ] --END-- [ RunTime:0.000046s ]
ERR: 无法加载模块:Public

[ 2017-04-12T16:14:57+08:00 ] ::1 /Public/Admin/js/laydate/laydate.js
INFO: [ app_init ] --START--
INFO: Run Behavior\BuildLiteBehavior [ RunTime:0.000006s ]
INFO: [ app_init ] --END-- [ RunTime:0.000043s ]
ERR: 无法加载模块:Public

[ 2017-04-12T16:15:44+08:00 ] ::1 /Public/Admin/js/laydate/laydate.js
INFO: [ app_init ] --START--
INFO: Run Behavior\BuildLiteBehavior [ RunTime:0.000007s ]
INFO: [ app_init ] --END-- [ RunTime:0.000043s ]
ERR: 无法加载模块:Public

[ 2017-04-12T16:15:44+08:00 ] ::1 /Public/Admin/js/laydate/laydate.js
INFO: [ app_init ] --START--
INFO: Run Behavior\BuildLiteBehavior [ RunTime:0.000007s ]
INFO: [ app_init ] --END-- [ RunTime:0.000045s ]
ERR: 无法加载模块:Public

[ 2017-04-12T16:19:35+08:00 ] ::1 /Public/Admin/js/laydate/laydate.js
INFO: [ app_init ] --START--
INFO: Run Behavior\BuildLiteBehavior [ RunTime:0.000006s ]
INFO: [ app_init ] --END-- [ RunTime:0.000047s ]
ERR: 无法加载模块:Public

[ 2017-04-12T16:19:35+08:00 ] ::1 /Public/Admin/js/laydate/laydate.js
INFO: [ app_init ] --START--
INFO: Run Behavior\BuildLiteBehavior [ RunTime:0.000007s ]
INFO: [ app_init ] --END-- [ RunTime:0.000042s ]
ERR: 无法加载模块:Public

[ 2017-04-12T16:19:50+08:00 ] ::1 /Public/Admin/js/laydate/laydate.js
INFO: [ app_init ] --START--
INFO: Run Behavior\BuildLiteBehavior [ RunTime:0.000006s ]
INFO: [ app_init ] --END-- [ RunTime:0.000044s ]
ERR: 无法加载模块:Public

[ 2017-04-12T16:19:50+08:00 ] ::1 /Public/Admin/js/laydate/laydate.js
INFO: [ app_init ] --START--
INFO: Run Behavior\BuildLiteBehavior [ RunTime:0.000005s ]
INFO: [ app_init ] --END-- [ RunTime:0.000031s ]
ERR: 无法加载模块:Public

[ 2017-04-12T16:19:57+08:00 ] ::1 /Public/Admin/js/laydate/laydate.js
INFO: [ app_init ] --START--
INFO: Run Behavior\BuildLiteBehavior [ RunTime:0.000007s ]
INFO: [ app_init ] --END-- [ RunTime:0.000045s ]
ERR: 无法加载模块:Public

[ 2017-04-12T16:19:57+08:00 ] ::1 /Public/Admin/js/laydate/laydate.js
INFO: [ app_init ] --START--
INFO: Run Behavior\BuildLiteBehavior [ RunTime:0.000007s ]
INFO: [ app_init ] --END-- [ RunTime:0.000042s ]
ERR: 无法加载模块:Public

[ 2017-04-12T16:23:34+08:00 ] ::1 /Public/Admin/js/laydate/laydate.js
INFO: [ app_init ] --START--
INFO: Run Behavior\BuildLiteBehavior [ RunTime:0.000008s ]
INFO: [ app_init ] --END-- [ RunTime:0.000047s ]
ERR: 无法加载模块:Public

[ 2017-04-12T16:23:34+08:00 ] ::1 /Public/Admin/js/laydate/laydate.js
INFO: [ app_init ] --START--
INFO: Run Behavior\BuildLiteBehavior [ RunTime:0.000010s ]
INFO: [ app_init ] --END-- [ RunTime:0.000063s ]
ERR: 无法加载模块:Public

[ 2017-04-12T16:23:52+08:00 ] ::1 /Public/Admin/js/laydate/laydate.js
INFO: [ app_init ] --START--
INFO: Run Behavior\BuildLiteBehavior [ RunTime:0.000008s ]
INFO: [ app_init ] --END-- [ RunTime:0.000054s ]
ERR: 无法加载模块:Public

[ 2017-04-12T16:23:52+08:00 ] ::1 /Public/Admin/js/laydate/laydate.js
INFO: [ app_init ] --START--
INFO: Run Behavior\BuildLiteBehavior [ RunTime:0.000007s ]
INFO: [ app_init ] --END-- [ RunTime:0.000043s ]
ERR: 无法加载模块:Public

[ 2017-04-12T16:25:39+08:00 ] ::1 /Public/Admin/js/laydate/laydate.js
INFO: [ app_init ] --START--
INFO: Run Behavior\BuildLiteBehavior [ RunTime:0.000006s ]
INFO: [ app_init ] --END-- [ RunTime:0.000044s ]
ERR: 无法加载模块:Public

[ 2017-04-12T16:25:39+08:00 ] ::1 /Public/Admin/js/laydate/laydate.js
INFO: [ app_init ] --START--
INFO: Run Behavior\BuildLiteBehavior [ RunTime:0.000007s ]
INFO: [ app_init ] --END-- [ RunTime:0.000047s ]
ERR: 无法加载模块:Public

[ 2017-04-12T16:25:42+08:00 ] ::1 /Public/Admin/js/laydate/laydate.js
INFO: [ app_init ] --START--
INFO: Run Behavior\BuildLiteBehavior [ RunTime:0.000017s ]
INFO: [ app_init ] --END-- [ RunTime:0.000098s ]
ERR: 无法加载模块:Public

[ 2017-04-12T16:25:42+08:00 ] ::1 /Public/Admin/js/laydate/laydate.js
INFO: [ app_init ] --START--
INFO: Run Behavior\BuildLiteBehavior [ RunTime:0.000007s ]
INFO: [ app_init ] --END-- [ RunTime:0.000049s ]
ERR: 无法加载模块:Public

[ 2017-04-12T16:25:47+08:00 ] ::1 /Public/Admin/js/laydate/laydate.js
INFO: [ app_init ] --START--
INFO: Run Behavior\BuildLiteBehavior [ RunTime:0.000007s ]
INFO: [ app_init ] --END-- [ RunTime:0.000046s ]
ERR: 无法加载模块:Public

[ 2017-04-12T16:25:47+08:00 ] ::1 /Public/Admin/js/laydate/laydate.js
INFO: [ app_init ] --START--
INFO: Run Behavior\BuildLiteBehavior [ RunTime:0.000007s ]
INFO: [ app_init ] --END-- [ RunTime:0.000044s ]
ERR: 无法加载模块:Public

[ 2017-04-12T16:26:02+08:00 ] ::1 /Public/Admin/js/laydate/laydate.js
INFO: [ app_init ] --START--
INFO: Run Behavior\BuildLiteBehavior [ RunTime:0.000007s ]
INFO: [ app_init ] --END-- [ RunTime:0.000045s ]
ERR: 无法加载模块:Public

[ 2017-04-12T16:26:02+08:00 ] ::1 /Public/Admin/js/laydate/laydate.js
INFO: [ app_init ] --START--
INFO: Run Behavior\BuildLiteBehavior [ RunTime:0.000013s ]
INFO: [ app_init ] --END-- [ RunTime:0.000069s ]
ERR: 无法加载模块:Public

[ 2017-04-12T16:26:12+08:00 ] ::1 /Public/Admin/js/laydate/laydate.js
INFO: [ app_init ] --START--
INFO: Run Behavior\BuildLiteBehavior [ RunTime:0.000007s ]
INFO: [ app_init ] --END-- [ RunTime:0.000050s ]
ERR: 无法加载模块:Public

[ 2017-04-12T16:26:12+08:00 ] ::1 /Public/Admin/js/laydate/laydate.js
INFO: [ app_init ] --START--
INFO: Run Behavior\BuildLiteBehavior [ RunTime:0.000007s ]
INFO: [ app_init ] --END-- [ RunTime:0.000047s ]
ERR: 无法加载模块:Public

[ 2017-04-12T16:27:16+08:00 ] ::1 /Public/Admin/js/laydate/laydate.js
INFO: [ app_init ] --START--
INFO: Run Behavior\BuildLiteBehavior [ RunTime:0.000007s ]
INFO: [ app_init ] --END-- [ RunTime:0.000047s ]
ERR: 无法加载模块:Public

[ 2017-04-12T16:27:16+08:00 ] ::1 /Public/Admin/js/laydate/laydate.js
INFO: [ app_init ] --START--
INFO: Run Behavior\BuildLiteBehavior [ RunTime:0.000006s ]
INFO: [ app_init ] --END-- [ RunTime:0.000045s ]
ERR: 无法加载模块:Public

[ 2017-04-12T16:27:18+08:00 ] ::1 /Public/Admin/js/laydate/laydate.js
INFO: [ app_init ] --START--
INFO: Run Behavior\BuildLiteBehavior [ RunTime:0.000007s ]
INFO: [ app_init ] --END-- [ RunTime:0.000047s ]
ERR: 无法加载模块:Public

[ 2017-04-12T16:27:18+08:00 ] ::1 /Public/Admin/js/laydate/laydate.js
INFO: [ app_init ] --START--
INFO: Run Behavior\BuildLiteBehavior [ RunTime:0.000007s ]
INFO: [ app_init ] --END-- [ RunTime:0.000047s ]
ERR: 无法加载模块:Public

[ 2017-04-12T16:27:19+08:00 ] ::1 /Public/Admin/js/laydate/laydate.js
INFO: [ app_init ] --START--
INFO: Run Behavior\BuildLiteBehavior [ RunTime:0.000007s ]
INFO: [ app_init ] --END-- [ RunTime:0.000043s ]
ERR: 无法加载模块:Public

[ 2017-04-12T16:27:19+08:00 ] ::1 /Public/Admin/js/laydate/laydate.js
INFO: [ app_init ] --START--
INFO: Run Behavior\BuildLiteBehavior [ RunTime:0.000016s ]
INFO: [ app_init ] --END-- [ RunTime:0.000094s ]
ERR: 无法加载模块:Public

[ 2017-04-12T16:27:20+08:00 ] ::1 /Public/Admin/js/laydate/laydate.js
INFO: [ app_init ] --START--
INFO: Run Behavior\BuildLiteBehavior [ RunTime:0.000013s ]
INFO: [ app_init ] --END-- [ RunTime:0.000087s ]
ERR: 无法加载模块:Public

[ 2017-04-12T16:27:20+08:00 ] ::1 /Public/Admin/js/laydate/laydate.js
INFO: [ app_init ] --START--
INFO: Run Behavior\BuildLiteBehavior [ RunTime:0.000006s ]
INFO: [ app_init ] --END-- [ RunTime:0.000046s ]
ERR: 无法加载模块:Public

[ 2017-04-12T16:27:21+08:00 ] ::1 /Public/Admin/js/laydate/laydate.js
INFO: [ app_init ] --START--
INFO: Run Behavior\BuildLiteBehavior [ RunTime:0.000006s ]
INFO: [ app_init ] --END-- [ RunTime:0.000042s ]
ERR: 无法加载模块:Public

[ 2017-04-12T16:27:21+08:00 ] ::1 /Public/Admin/js/laydate/laydate.js
INFO: [ app_init ] --START--
INFO: Run Behavior\BuildLiteBehavior [ RunTime:0.000007s ]
INFO: [ app_init ] --END-- [ RunTime:0.000046s ]
ERR: 无法加载模块:Public

[ 2017-04-12T16:27:22+08:00 ] ::1 /Public/Admin/js/laydate/laydate.js
INFO: [ app_init ] --START--
INFO: Run Behavior\BuildLiteBehavior [ RunTime:0.000006s ]
INFO: [ app_init ] --END-- [ RunTime:0.000045s ]
ERR: 无法加载模块:Public

[ 2017-04-12T16:27:22+08:00 ] ::1 /Public/Admin/js/laydate/laydate.js
INFO: [ app_init ] --START--
INFO: Run Behavior\BuildLiteBehavior [ RunTime:0.000005s ]
INFO: [ app_init ] --END-- [ RunTime:0.000033s ]
ERR: 无法加载模块:Public

[ 2017-04-12T16:27:23+08:00 ] ::1 /Public/Admin/js/laydate/laydate.js
INFO: [ app_init ] --START--
INFO: Run Behavior\BuildLiteBehavior [ RunTime:0.000007s ]
INFO: [ app_init ] --END-- [ RunTime:0.000044s ]
ERR: 无法加载模块:Public

[ 2017-04-12T16:27:23+08:00 ] ::1 /Public/Admin/js/laydate/laydate.js
INFO: [ app_init ] --START--
INFO: Run Behavior\BuildLiteBehavior [ RunTime:0.000007s ]
INFO: [ app_init ] --END-- [ RunTime:0.000045s ]
ERR: 无法加载模块:Public

[ 2017-04-12T16:27:24+08:00 ] ::1 /Public/Admin/js/laydate/laydate.js
INFO: [ app_init ] --START--
INFO: Run Behavior\BuildLiteBehavior [ RunTime:0.000008s ]
INFO: [ app_init ] --END-- [ RunTime:0.000048s ]
ERR: 无法加载模块:Public

[ 2017-04-12T16:27:24+08:00 ] ::1 /Public/Admin/js/laydate/laydate.js
INFO: [ app_init ] --START--
INFO: Run Behavior\BuildLiteBehavior [ RunTime:0.000007s ]
INFO: [ app_init ] --END-- [ RunTime:0.000046s ]
ERR: 无法加载模块:Public

[ 2017-04-12T16:27:27+08:00 ] ::1 /Public/Admin/js/laydate/laydate.js
INFO: [ app_init ] --START--
INFO: Run Behavior\BuildLiteBehavior [ RunTime:0.000007s ]
INFO: [ app_init ] --END-- [ RunTime:0.000044s ]
ERR: 无法加载模块:Public

[ 2017-04-12T16:27:27+08:00 ] ::1 /Public/Admin/js/laydate/laydate.js
INFO: [ app_init ] --START--
INFO: Run Behavior\BuildLiteBehavior [ RunTime:0.000007s ]
INFO: [ app_init ] --END-- [ RunTime:0.000046s ]
ERR: 无法加载模块:Public

[ 2017-04-12T16:29:59+08:00 ] ::1 /Public/Admin/js/laydate/laydate.js
INFO: [ app_init ] --START--
INFO: Run Behavior\BuildLiteBehavior [ RunTime:0.000020s ]
INFO: [ app_init ] --END-- [ RunTime:0.000133s ]
ERR: 无法加载模块:Public

[ 2017-04-12T16:29:59+08:00 ] ::1 /Public/Admin/js/laydate/laydate.js
INFO: [ app_init ] --START--
INFO: Run Behavior\BuildLiteBehavior [ RunTime:0.000005s ]
INFO: [ app_init ] --END-- [ RunTime:0.000042s ]
ERR: 无法加载模块:Public

[ 2017-04-12T16:30:12+08:00 ] ::1 /Public/Admin/js/laydate/laydate.js
INFO: [ app_init ] --START--
INFO: Run Behavior\BuildLiteBehavior [ RunTime:0.000007s ]
INFO: [ app_init ] --END-- [ RunTime:0.000042s ]
ERR: 无法加载模块:Public

[ 2017-04-12T16:30:12+08:00 ] ::1 /Public/Admin/js/laydate/laydate.js
INFO: [ app_init ] --START--
INFO: Run Behavior\BuildLiteBehavior [ RunTime:0.000005s ]
INFO: [ app_init ] --END-- [ RunTime:0.000030s ]
ERR: 无法加载模块:Public

[ 2017-04-12T16:30:39+08:00 ] ::1 /Public/Admin/js/laydate/laydate.js
INFO: [ app_init ] --START--
INFO: Run Behavior\BuildLiteBehavior [ RunTime:0.000005s ]
INFO: [ app_init ] --END-- [ RunTime:0.000031s ]
ERR: 无法加载模块:Public

[ 2017-04-12T16:30:39+08:00 ] ::1 /Public/Admin/js/laydate/laydate.js
INFO: [ app_init ] --START--
INFO: Run Behavior\BuildLiteBehavior [ RunTime:0.000006s ]
INFO: [ app_init ] --END-- [ RunTime:0.000032s ]
ERR: 无法加载模块:Public

[ 2017-04-12T16:30:44+08:00 ] ::1 /Public/Admin/js/laydate/laydate.js
INFO: [ app_init ] --START--
INFO: Run Behavior\BuildLiteBehavior [ RunTime:0.000022s ]
INFO: [ app_init ] --END-- [ RunTime:0.000151s ]
ERR: 无法加载模块:Public

[ 2017-04-12T16:30:44+08:00 ] ::1 /Public/Admin/js/laydate/laydate.js
INFO: [ app_init ] --START--
INFO: Run Behavior\BuildLiteBehavior [ RunTime:0.000006s ]
INFO: [ app_init ] --END-- [ RunTime:0.000042s ]
ERR: 无法加载模块:Public

[ 2017-04-12T16:32:45+08:00 ] ::1 /Public/Admin/js/laydate/laydate.js
INFO: [ app_init ] --START--
INFO: Run Behavior\BuildLiteBehavior [ RunTime:0.000007s ]
INFO: [ app_init ] --END-- [ RunTime:0.000046s ]
ERR: 无法加载模块:Public

[ 2017-04-12T16:32:45+08:00 ] ::1 /Public/Admin/js/laydate/laydate.js
INFO: [ app_init ] --START--
INFO: Run Behavior\BuildLiteBehavior [ RunTime:0.000008s ]
INFO: [ app_init ] --END-- [ RunTime:0.000043s ]
ERR: 无法加载模块:Public

[ 2017-04-12T16:32:51+08:00 ] ::1 /Public/Admin/js/laydate/laydate.js
INFO: [ app_init ] --START--
INFO: Run Behavior\BuildLiteBehavior [ RunTime:0.000007s ]
INFO: [ app_init ] --END-- [ RunTime:0.000044s ]
ERR: 无法加载模块:Public

[ 2017-04-12T16:32:51+08:00 ] ::1 /Public/Admin/js/laydate/laydate.js
INFO: [ app_init ] --START--
INFO: Run Behavior\BuildLiteBehavior [ RunTime:0.000006s ]
INFO: [ app_init ] --END-- [ RunTime:0.000045s ]
ERR: 无法加载模块:Public

[ 2017-04-12T16:32:56+08:00 ] ::1 /Public/Admin/js/laydate/laydate.js
INFO: [ app_init ] --START--
INFO: Run Behavior\BuildLiteBehavior [ RunTime:0.000012s ]
INFO: [ app_init ] --END-- [ RunTime:0.000080s ]
ERR: 无法加载模块:Public

[ 2017-04-12T16:32:56+08:00 ] ::1 /Public/Admin/js/laydate/laydate.js
INFO: [ app_init ] --START--
INFO: Run Behavior\BuildLiteBehavior [ RunTime:0.000006s ]
INFO: [ app_init ] --END-- [ RunTime:0.000042s ]
ERR: 无法加载模块:Public

[ 2017-04-12T16:33:03+08:00 ] ::1 /Public/Admin/js/laydate/laydate.js
INFO: [ app_init ] --START--
INFO: Run Behavior\BuildLiteBehavior [ RunTime:0.000015s ]
INFO: [ app_init ] --END-- [ RunTime:0.000108s ]
ERR: 无法加载模块:Public

[ 2017-04-12T16:33:03+08:00 ] ::1 /Public/Admin/js/laydate/laydate.js
INFO: [ app_init ] --START--
INFO: Run Behavior\BuildLiteBehavior [ RunTime:0.000019s ]
INFO: [ app_init ] --END-- [ RunTime:0.000125s ]
ERR: 无法加载模块:Public

[ 2017-04-12T16:33:34+08:00 ] ::1 /Public/Admin/js/laydate/laydate.js
INFO: [ app_init ] --START--
INFO: Run Behavior\BuildLiteBehavior [ RunTime:0.000016s ]
INFO: [ app_init ] --END-- [ RunTime:0.000119s ]
ERR: 无法加载模块:Public

[ 2017-04-12T16:33:34+08:00 ] ::1 /Public/Admin/js/laydate/laydate.js
INFO: [ app_init ] --START--
INFO: Run Behavior\BuildLiteBehavior [ RunTime:0.000004s ]
INFO: [ app_init ] --END-- [ RunTime:0.000032s ]
ERR: 无法加载模块:Public

[ 2017-04-12T16:33:44+08:00 ] ::1 /Public/Admin/js/laydate/laydate.js
INFO: [ app_init ] --START--
INFO: Run Behavior\BuildLiteBehavior [ RunTime:0.000007s ]
INFO: [ app_init ] --END-- [ RunTime:0.000042s ]
ERR: 无法加载模块:Public

[ 2017-04-12T16:33:44+08:00 ] ::1 /Public/Admin/js/laydate/laydate.js
INFO: [ app_init ] --START--
INFO: Run Behavior\BuildLiteBehavior [ RunTime:0.000006s ]
INFO: [ app_init ] --END-- [ RunTime:0.000041s ]
ERR: 无法加载模块:Public

[ 2017-04-12T16:37:59+08:00 ] ::1 /Public/Admin/js/laydate/laydate.js
INFO: [ app_init ] --START--
INFO: Run Behavior\BuildLiteBehavior [ RunTime:0.000007s ]
INFO: [ app_init ] --END-- [ RunTime:0.000044s ]
ERR: 无法加载模块:Public

[ 2017-04-12T16:37:59+08:00 ] ::1 /Public/Admin/js/laydate/laydate.js
INFO: [ app_init ] --START--
INFO: Run Behavior\BuildLiteBehavior [ RunTime:0.000007s ]
INFO: [ app_init ] --END-- [ RunTime:0.000045s ]
ERR: 无法加载模块:Public

[ 2017-04-12T16:45:36+08:00 ] ::1 /Public/Admin/js/laydate/laydate.js
INFO: [ app_init ] --START--
INFO: Run Behavior\BuildLiteBehavior [ RunTime:0.000008s ]
INFO: [ app_init ] --END-- [ RunTime:0.000045s ]
ERR: 无法加载模块:Public

[ 2017-04-12T16:45:36+08:00 ] ::1 /Public/Admin/js/laydate/laydate.js
INFO: [ app_init ] --START--
INFO: Run Behavior\BuildLiteBehavior [ RunTime:0.000006s ]
INFO: [ app_init ] --END-- [ RunTime:0.000043s ]
ERR: 无法加载模块:Public

[ 2017-04-12T16:45:40+08:00 ] ::1 /Public/Admin/js/laydate/laydate.js
INFO: [ app_init ] --START--
INFO: Run Behavior\BuildLiteBehavior [ RunTime:0.000008s ]
INFO: [ app_init ] --END-- [ RunTime:0.000044s ]
ERR: 无法加载模块:Public

[ 2017-04-12T16:45:40+08:00 ] ::1 /Public/Admin/js/laydate/laydate.js
INFO: [ app_init ] --START--
INFO: Run Behavior\BuildLiteBehavior [ RunTime:0.000006s ]
INFO: [ app_init ] --END-- [ RunTime:0.000033s ]
ERR: 无法加载模块:Public

[ 2017-04-12T16:50:27+08:00 ] ::1 /Public/Admin/js/laydate/laydate.js
INFO: [ app_init ] --START--
INFO: Run Behavior\BuildLiteBehavior [ RunTime:0.000006s ]
INFO: [ app_init ] --END-- [ RunTime:0.000045s ]
ERR: 无法加载模块:Public

[ 2017-04-12T16:50:27+08:00 ] ::1 /Public/Admin/js/laydate/laydate.js
INFO: [ app_init ] --START--
INFO: Run Behavior\BuildLiteBehavior [ RunTime:0.000004s ]
INFO: [ app_init ] --END-- [ RunTime:0.000030s ]
ERR: 无法加载模块:Public

[ 2017-04-12T16:50:33+08:00 ] ::1 /Public/Admin/js/laydate/laydate.js
INFO: [ app_init ] --START--
INFO: Run Behavior\BuildLiteBehavior [ RunTime:0.000007s ]
INFO: [ app_init ] --END-- [ RunTime:0.000046s ]
ERR: 无法加载模块:Public

[ 2017-04-12T16:50:33+08:00 ] ::1 /Public/Admin/js/laydate/laydate.js
INFO: [ app_init ] --START--
INFO: Run Behavior\BuildLiteBehavior [ RunTime:0.000007s ]
INFO: [ app_init ] --END-- [ RunTime:0.000045s ]
ERR: 无法加载模块:Public

[ 2017-04-12T16:50:42+08:00 ] ::1 /Public/Admin/js/laydate/laydate.js
INFO: [ app_init ] --START--
INFO: Run Behavior\BuildLiteBehavior [ RunTime:0.000007s ]
INFO: [ app_init ] --END-- [ RunTime:0.000048s ]
ERR: 无法加载模块:Public

[ 2017-04-12T16:50:42+08:00 ] ::1 /Public/Admin/js/laydate/laydate.js
INFO: [ app_init ] --START--
INFO: Run Behavior\BuildLiteBehavior [ RunTime:0.000005s ]
INFO: [ app_init ] --END-- [ RunTime:0.000031s ]
ERR: 无法加载模块:Public

[ 2017-04-12T16:54:12+08:00 ] ::1 /Public/Admin/js/laydate/laydate.js
INFO: [ app_init ] --START--
INFO: Run Behavior\BuildLiteBehavior [ RunTime:0.000006s ]
INFO: [ app_init ] --END-- [ RunTime:0.000048s ]
ERR: 无法加载模块:Public

[ 2017-04-12T16:54:12+08:00 ] ::1 /Public/Admin/js/laydate/laydate.js
INFO: [ app_init ] --START--
INFO: Run Behavior\BuildLiteBehavior [ RunTime:0.000005s ]
INFO: [ app_init ] --END-- [ RunTime:0.000028s ]
ERR: 无法加载模块:Public

[ 2017-04-12T16:56:37+08:00 ] ::1 /Public/Admin/js/laydate/laydate.js
INFO: [ app_init ] --START--
INFO: Run Behavior\BuildLiteBehavior [ RunTime:0.000006s ]
INFO: [ app_init ] --END-- [ RunTime:0.000044s ]
ERR: 无法加载模块:Public

[ 2017-04-12T16:56:37+08:00 ] ::1 /Public/Admin/js/laydate/laydate.js
INFO: [ app_init ] --START--
INFO: Run Behavior\BuildLiteBehavior [ RunTime:0.000007s ]
INFO: [ app_init ] --END-- [ RunTime:0.000044s ]
ERR: 无法加载模块:Public

[ 2017-04-12T16:58:30+08:00 ] ::1 /Public/Admin/js/laydate/laydate.js
INFO: [ app_init ] --START--
INFO: Run Behavior\BuildLiteBehavior [ RunTime:0.000007s ]
INFO: [ app_init ] --END-- [ RunTime:0.000049s ]
ERR: 无法加载模块:Public

[ 2017-04-12T16:58:30+08:00 ] ::1 /Public/Admin/js/laydate/laydate.js
INFO: [ app_init ] --START--
INFO: Run Behavior\BuildLiteBehavior [ RunTime:0.000006s ]
INFO: [ app_init ] --END-- [ RunTime:0.000041s ]
ERR: 无法加载模块:Public

[ 2017-04-12T16:58:47+08:00 ] ::1 /Public/Admin/js/laydate/laydate.js
INFO: [ app_init ] --START--
INFO: Run Behavior\BuildLiteBehavior [ RunTime:0.000006s ]
INFO: [ app_init ] --END-- [ RunTime:0.000045s ]
ERR: 无法加载模块:Public

[ 2017-04-12T16:58:47+08:00 ] ::1 /Public/Admin/js/laydate/laydate.js
INFO: [ app_init ] --START--
INFO: Run Behavior\BuildLiteBehavior [ RunTime:0.000007s ]
INFO: [ app_init ] --END-- [ RunTime:0.000046s ]
ERR: 无法加载模块:Public

[ 2017-04-12T16:58:59+08:00 ] ::1 /Public/Admin/js/laydate/laydate.js
INFO: [ app_init ] --START--
INFO: Run Behavior\BuildLiteBehavior [ RunTime:0.000008s ]
INFO: [ app_init ] --END-- [ RunTime:0.000050s ]
ERR: 无法加载模块:Public

[ 2017-04-12T16:58:59+08:00 ] ::1 /Public/Admin/js/laydate/laydate.js
INFO: [ app_init ] --START--
INFO: Run Behavior\BuildLiteBehavior [ RunTime:0.000005s ]
INFO: [ app_init ] --END-- [ RunTime:0.000032s ]
ERR: 无法加载模块:Public

[ 2017-04-12T17:06:30+08:00 ] ::1 /Public/Admin/js/laydate/laydate.js
INFO: [ app_init ] --START--
INFO: Run Behavior\BuildLiteBehavior [ RunTime:0.000007s ]
INFO: [ app_init ] --END-- [ RunTime:0.000044s ]
ERR: 无法加载模块:Public

[ 2017-04-12T17:06:30+08:00 ] ::1 /Public/Admin/js/laydate/laydate.js
INFO: [ app_init ] --START--
INFO: Run Behavior\BuildLiteBehavior [ RunTime:0.000006s ]
INFO: [ app_init ] --END-- [ RunTime:0.000044s ]
ERR: 无法加载模块:Public

[ 2017-04-12T17:06:50+08:00 ] ::1 /Public/Admin/js/laydate/laydate.js
INFO: [ app_init ] --START--
INFO: Run Behavior\BuildLiteBehavior [ RunTime:0.000007s ]
INFO: [ app_init ] --END-- [ RunTime:0.000047s ]
ERR: 无法加载模块:Public

[ 2017-04-12T17:06:50+08:00 ] ::1 /Public/Admin/js/laydate/laydate.js
INFO: [ app_init ] --START--
INFO: Run Behavior\BuildLiteBehavior [ RunTime:0.000007s ]
INFO: [ app_init ] --END-- [ RunTime:0.000046s ]
ERR: 无法加载模块:Public

[ 2017-04-12T17:07:11+08:00 ] ::1 /Public/Admin/js/laydate/laydate.js
INFO: [ app_init ] --START--
INFO: Run Behavior\BuildLiteBehavior [ RunTime:0.000007s ]
INFO: [ app_init ] --END-- [ RunTime:0.000056s ]
ERR: 无法加载模块:Public

[ 2017-04-12T17:07:11+08:00 ] ::1 /Public/Admin/js/laydate/laydate.js
INFO: [ app_init ] --START--
INFO: Run Behavior\BuildLiteBehavior [ RunTime:0.000005s ]
INFO: [ app_init ] --END-- [ RunTime:0.000033s ]
ERR: 无法加载模块:Public

[ 2017-04-12T17:36:56+08:00 ] ::1 /Public/Admin/js/laydate/laydate.js
INFO: [ app_init ] --START--
INFO: Run Behavior\BuildLiteBehavior [ RunTime:0.000006s ]
INFO: [ app_init ] --END-- [ RunTime:0.000042s ]
ERR: 无法加载模块:Public

[ 2017-04-12T17:36:56+08:00 ] ::1 /Public/Admin/js/laydate/laydate.js
INFO: [ app_init ] --START--
INFO: Run Behavior\BuildLiteBehavior [ RunTime:0.000007s ]
INFO: [ app_init ] --END-- [ RunTime:0.000052s ]
ERR: 无法加载模块:Public

[ 2017-04-12T17:37:00+08:00 ] ::1 /Public/Admin/js/laydate/laydate.js
INFO: [ app_init ] --START--
INFO: Run Behavior\BuildLiteBehavior [ RunTime:0.000007s ]
INFO: [ app_init ] --END-- [ RunTime:0.000044s ]
ERR: 无法加载模块:Public

[ 2017-04-12T17:37:00+08:00 ] ::1 /Public/Admin/js/laydate/laydate.js
INFO: [ app_init ] --START--
INFO: Run Behavior\BuildLiteBehavior [ RunTime:0.000005s ]
INFO: [ app_init ] --END-- [ RunTime:0.000036s ]
ERR: 无法加载模块:Public

[ 2017-04-12T17:37:25+08:00 ] ::1 /Public/Admin/js/laydate/laydate.js
INFO: [ app_init ] --START--
INFO: Run Behavior\BuildLiteBehavior [ RunTime:0.000007s ]
INFO: [ app_init ] --END-- [ RunTime:0.000048s ]
ERR: 无法加载模块:Public

[ 2017-04-12T17:37:25+08:00 ] ::1 /Public/Admin/js/laydate/laydate.js
INFO: [ app_init ] --START--
INFO: Run Behavior\BuildLiteBehavior [ RunTime:0.000007s ]
INFO: [ app_init ] --END-- [ RunTime:0.000044s ]
ERR: 无法加载模块:Public

[ 2017-04-12T17:38:22+08:00 ] ::1 /Public/Admin/js/laydate/laydate.js
INFO: [ app_init ] --START--
INFO: Run Behavior\BuildLiteBehavior [ RunTime:0.000007s ]
INFO: [ app_init ] --END-- [ RunTime:0.000046s ]
ERR: 无法加载模块:Public

[ 2017-04-12T17:38:22+08:00 ] ::1 /Public/Admin/js/laydate/laydate.js
INFO: [ app_init ] --START--
INFO: Run Behavior\BuildLiteBehavior [ RunTime:0.000014s ]
INFO: [ app_init ] --END-- [ RunTime:0.000099s ]
ERR: 无法加载模块:Public

[ 2017-04-12T17:39:28+08:00 ] ::1 /Public/Admin/js/laydate/laydate.js
INFO: [ app_init ] --START--
INFO: Run Behavior\BuildLiteBehavior [ RunTime:0.000006s ]
INFO: [ app_init ] --END-- [ RunTime:0.000042s ]
ERR: 无法加载模块:Public

[ 2017-04-12T17:39:28+08:00 ] ::1 /Public/Admin/js/laydate/laydate.js
INFO: [ app_init ] --START--
INFO: Run Behavior\BuildLiteBehavior [ RunTime:0.000005s ]
INFO: [ app_init ] --END-- [ RunTime:0.000031s ]
ERR: 无法加载模块:Public

[ 2017-04-12T17:39:42+08:00 ] ::1 /Public/Admin/js/laydate/laydate.js
INFO: [ app_init ] --START--
INFO: Run Behavior\BuildLiteBehavior [ RunTime:0.000008s ]
INFO: [ app_init ] --END-- [ RunTime:0.000053s ]
ERR: 无法加载模块:Public

[ 2017-04-12T17:39:42+08:00 ] ::1 /Public/Admin/js/laydate/laydate.js
INFO: [ app_init ] --START--
INFO: Run Behavior\BuildLiteBehavior [ RunTime:0.000005s ]
INFO: [ app_init ] --END-- [ RunTime:0.000032s ]
ERR: 无法加载模块:Public

