[ 2017-04-24T16:48:34+08:00 ] ::1 /
INFO: [ app_init ] --START--
INFO: Run Behavior\BuildLiteBehavior [ RunTime:0.000011s ]
INFO: [ app_init ] --END-- [ RunTime:0.000715s ]
INFO: [ app_begin ] --START--
INFO: Run Behavior\ReadHtmlCacheBehavior [ RunTime:0.001122s ]
INFO: [ app_begin ] --END-- [ RunTime:0.001174s ]
NOTIC: [8] Undefined index: qedLogin /var/www/html/Thinkreport/Qed/Admin/Controller/CommonController.class.php 第 6 行.

[ 2017-04-24T16:48:34+08:00 ] ::1 /Admin/Public/login.html
INFO: [ app_init ] --START--
INFO: Run Behavior\BuildLiteBehavior [ RunTime:0.000006s ]
INFO: [ app_init ] --END-- [ RunTime:0.000051s ]
INFO: [ app_begin ] --START--
INFO: Run Behavior\ReadHtmlCacheBehavior [ RunTime:0.000014s ]
INFO: [ app_begin ] --END-- [ RunTime:0.000032s ]
INFO: [ view_parse ] --START--
INFO: [ template_filter ] --START--
INFO: Run Behavior\ContentReplaceBehavior [ RunTime:0.000552s ]
INFO: [ template_filter ] --END-- [ RunTime:0.000575s ]
INFO: Run Behavior\ParseTemplateBehavior [ RunTime:0.012509s ]
INFO: [ view_parse ] --END-- [ RunTime:0.012545s ]
INFO: [ view_filter ] --START--
INFO: Run Behavior\WriteHtmlCacheBehavior [ RunTime:0.000298s ]
INFO: [ view_filter ] --END-- [ RunTime:0.000315s ]
INFO: [ app_end ] --START--
INFO: Run Behavior\ShowPageTraceBehavior [ RunTime:0.000894s ]
INFO: [ app_end ] --END-- [ RunTime:0.000922s ]

[ 2017-04-24T16:48:34+08:00 ] ::1 /Admin/Public/verify
INFO: [ app_init ] --START--
INFO: Run Behavior\BuildLiteBehavior [ RunTime:0.000008s ]
INFO: [ app_init ] --END-- [ RunTime:0.000055s ]
INFO: [ app_begin ] --START--
INFO: Run Behavior\ReadHtmlCacheBehavior [ RunTime:0.000033s ]
INFO: [ app_begin ] --END-- [ RunTime:0.000058s ]
INFO: [ app_end ] --START--
INFO: Run Behavior\ShowPageTraceBehavior [ RunTime:0.000050s ]
INFO: [ app_end ] --END-- [ RunTime:0.000089s ]

[ 2017-04-24T17:03:41+08:00 ] ::1 /
INFO: [ app_init ] --START--
INFO: Run Behavior\BuildLiteBehavior [ RunTime:0.000159s ]
INFO: [ app_init ] --END-- [ RunTime:0.001329s ]
INFO: [ app_begin ] --START--
INFO: Run Behavior\ReadHtmlCacheBehavior [ RunTime:0.000474s ]
INFO: [ app_begin ] --END-- [ RunTime:0.000524s ]
NOTIC: [8] Undefined index: qedLogin /var/www/html/Thinkreport/Qed/Admin/Controller/CommonController.class.php 第 6 行.

[ 2017-04-24T17:03:41+08:00 ] ::1 /Admin/Public/login.html
INFO: [ app_init ] --START--
INFO: Run Behavior\BuildLiteBehavior [ RunTime:0.000005s ]
INFO: [ app_init ] --END-- [ RunTime:0.000049s ]
INFO: [ app_begin ] --START--
INFO: Run Behavior\ReadHtmlCacheBehavior [ RunTime:0.000015s ]
INFO: [ app_begin ] --END-- [ RunTime:0.000033s ]
INFO: [ view_parse ] --START--
INFO: [ template_filter ] --START--
INFO: Run Behavior\ContentReplaceBehavior [ RunTime:0.000606s ]
INFO: [ template_filter ] --END-- [ RunTime:0.001001s ]
INFO: Run Behavior\ParseTemplateBehavior [ RunTime:0.011721s ]
INFO: [ view_parse ] --END-- [ RunTime:0.011784s ]
INFO: [ view_filter ] --START--
INFO: Run Behavior\WriteHtmlCacheBehavior [ RunTime:0.000194s ]
INFO: [ view_filter ] --END-- [ RunTime:0.000206s ]
INFO: [ app_end ] --START--
INFO: Run Behavior\ShowPageTraceBehavior [ RunTime:0.000419s ]
INFO: [ app_end ] --END-- [ RunTime:0.000431s ]

[ 2017-04-24T17:03:41+08:00 ] ::1 /Admin/Public/verify
INFO: [ app_init ] --START--
INFO: Run Behavior\BuildLiteBehavior [ RunTime:0.000006s ]
INFO: [ app_init ] --END-- [ RunTime:0.000043s ]
INFO: [ app_begin ] --START--
INFO: Run Behavior\ReadHtmlCacheBehavior [ RunTime:0.000021s ]
INFO: [ app_begin ] --END-- [ RunTime:0.000041s ]
INFO: [ app_end ] --START--
INFO: Run Behavior\ShowPageTraceBehavior [ RunTime:0.000129s ]
INFO: [ app_end ] --END-- [ RunTime:0.000207s ]

[ 2017-04-24T17:04:31+08:00 ] ::1 /Admin/Public/login.html
INFO: [ app_init ] --START--
INFO: Run Behavior\BuildLiteBehavior [ RunTime:0.000009s ]
INFO: [ app_init ] --END-- [ RunTime:0.000515s ]
INFO: [ app_begin ] --START--
INFO: Run Behavior\ReadHtmlCacheBehavior [ RunTime:0.000029s ]
INFO: [ app_begin ] --END-- [ RunTime:0.000053s ]
SQL: SHOW COLUMNS FROM `tbluser` [ RunTime:0.0275s ]
SQL: SELECT * FROM `tbluser` WHERE (  tbluser_loginname='admin'  ) LIMIT 1   [ RunTime:0.0028s ]
SQL: SHOW COLUMNS FROM `tblrolenode` [ RunTime:0.0050s ]
SQL: SELECT `tblrolenode_menu` FROM `tblrolenode` WHERE ( tblrolenode_RID=1 ) LIMIT 1   [ RunTime:0.0003s ]
INFO: [ view_parse ] --START--
INFO: [ template_filter ] --START--
INFO: Run Behavior\ContentReplaceBehavior [ RunTime:0.000478s ]
INFO: [ template_filter ] --END-- [ RunTime:0.000507s ]
INFO: Run Behavior\ParseTemplateBehavior [ RunTime:0.004461s ]
INFO: [ view_parse ] --END-- [ RunTime:0.004498s ]
INFO: [ view_filter ] --START--
INFO: Run Behavior\WriteHtmlCacheBehavior [ RunTime:0.000242s ]
INFO: [ view_filter ] --END-- [ RunTime:0.000260s ]
INFO: [ app_end ] --START--
INFO: Run Behavior\ShowPageTraceBehavior [ RunTime:0.000029s ]
INFO: [ app_end ] --END-- [ RunTime:0.000042s ]

[ 2017-04-24T17:04:33+08:00 ] ::1 /Admin/Index/index.html
INFO: [ app_init ] --START--
INFO: Run Behavior\BuildLiteBehavior [ RunTime:0.000014s ]
INFO: [ app_init ] --END-- [ RunTime:0.000508s ]
INFO: [ app_begin ] --START--
INFO: Run Behavior\ReadHtmlCacheBehavior [ RunTime:0.000020s ]
INFO: [ app_begin ] --END-- [ RunTime:0.000054s ]
INFO: [ view_parse ] --START--
INFO: [ template_filter ] --START--
INFO: Run Behavior\ContentReplaceBehavior [ RunTime:0.000055s ]
INFO: [ template_filter ] --END-- [ RunTime:0.000079s ]
INFO: Run Behavior\ParseTemplateBehavior [ RunTime:0.008062s ]
INFO: [ view_parse ] --END-- [ RunTime:0.008108s ]
INFO: [ view_filter ] --START--
INFO: Run Behavior\WriteHtmlCacheBehavior [ RunTime:0.000019s ]
INFO: [ view_filter ] --END-- [ RunTime:0.000028s ]
INFO: [ app_end ] --START--
INFO: Run Behavior\ShowPageTraceBehavior [ RunTime:0.000016s ]
INFO: [ app_end ] --END-- [ RunTime:0.000024s ]

[ 2017-04-24T17:04:36+08:00 ] ::1 /Admin/Study/studyadd
INFO: [ app_init ] --START--
INFO: Run Behavior\BuildLiteBehavior [ RunTime:0.000009s ]
INFO: [ app_init ] --END-- [ RunTime:0.000063s ]
INFO: [ app_begin ] --START--
INFO: Run Behavior\ReadHtmlCacheBehavior [ RunTime:0.000021s ]
INFO: [ app_begin ] --END-- [ RunTime:0.000039s ]
SQL: SHOW COLUMNS FROM `tblstudy` [ RunTime:0.0219s ]
SQL: SHOW COLUMNS FROM `tblinpatientarea` [ RunTime:0.0084s ]
SQL: SELECT * FROM `tblinpatientarea` ORDER BY tblInpatientArea_seq DESC  [ RunTime:0.0011s ]
SQL: SHOW COLUMNS FROM `tbldepartment` [ RunTime:0.0044s ]
SQL: SELECT * FROM `tbldepartment` ORDER BY tbldepartment_seq DESC  [ RunTime:0.0004s ]
SQL: SHOW COLUMNS FROM `tbltracer` [ RunTime:0.0029s ]
SQL: SELECT * FROM `tbltracer` ORDER BY tbltracer_seq DESC  [ RunTime:0.0006s ]
SQL: SHOW COLUMNS FROM `tblinspectionitem` [ RunTime:0.0030s ]
SQL: SELECT * FROM `tblinspectionitem` ORDER BY tblInspectionItem_seq DESC  [ RunTime:0.0004s ]
SQL: SHOW COLUMNS FROM `tblstatuscolor` [ RunTime:0.0029s ]
SQL: SELECT * FROM `tblstatuscolor`  [ RunTime:0.0006s ]
INFO: [ view_parse ] --START--
INFO: [ template_filter ] --START--
INFO: Run Behavior\ContentReplaceBehavior [ RunTime:0.000184s ]
INFO: [ template_filter ] --END-- [ RunTime:0.000206s ]
NOTIC: [8] Undefined variable: classes /var/www/html/Thinkreport/Qed/Runtime/Cache/Admin/d96850878c913a20a33e1b93438f16ab.php 第 143 行.
NOTIC: [8] Undefined variable: classes /var/www/html/Thinkreport/Qed/Runtime/Cache/Admin/d96850878c913a20a33e1b93438f16ab.php 第 148 行.
NOTIC: [8] Undefined variable: classes /var/www/html/Thinkreport/Qed/Runtime/Cache/Admin/d96850878c913a20a33e1b93438f16ab.php 第 177 行.
NOTIC: [8] Undefined variable: key /var/www/html/Thinkreport/Qed/Runtime/Cache/Admin/d96850878c913a20a33e1b93438f16ab.php 第 178 行.
NOTIC: [8] Undefined variable: key /var/www/html/Thinkreport/Qed/Runtime/Cache/Admin/d96850878c913a20a33e1b93438f16ab.php 第 179 行.
NOTIC: [8] Undefined variable: vol /var/www/html/Thinkreport/Qed/Runtime/Cache/Admin/d96850878c913a20a33e1b93438f16ab.php 第 263 行.
INFO: Run Behavior\ParseTemplateBehavior [ RunTime:0.013366s ]
INFO: [ view_parse ] --END-- [ RunTime:0.013397s ]
INFO: [ view_filter ] --START--
INFO: Run Behavior\WriteHtmlCacheBehavior [ RunTime:0.000031s ]
INFO: [ view_filter ] --END-- [ RunTime:0.000043s ]
INFO: [ app_end ] --START--
INFO: Run Behavior\ShowPageTraceBehavior [ RunTime:0.000022s ]
INFO: [ app_end ] --END-- [ RunTime:0.000036s ]

[ 2017-04-24T17:04:38+08:00 ] ::1 /Admin/Study/studylist
INFO: [ app_init ] --START--
INFO: Run Behavior\BuildLiteBehavior [ RunTime:0.000008s ]
INFO: [ app_init ] --END-- [ RunTime:0.000056s ]
INFO: [ app_begin ] --START--
INFO: Run Behavior\ReadHtmlCacheBehavior [ RunTime:0.000016s ]
INFO: [ app_begin ] --END-- [ RunTime:0.000032s ]
SQL: SHOW COLUMNS FROM `tblstudy` [ RunTime:0.0019s ]
NOTIC: [8] Undefined index: day /var/www/html/Thinkreport/Qed/Admin/Controller/StudyController.class.php 第 11 行.
NOTIC: [8] Undefined index: start_tblstudy_studyDate /var/www/html/Thinkreport/Qed/Admin/Controller/StudyController.class.php 第 21 行.
NOTIC: [8] Undefined index: start_is_studydate /var/www/html/Thinkreport/Qed/Admin/Controller/StudyController.class.php 第 22 行.
NOTIC: [8] Undefined index: end_tblstudy_studyDate /var/www/html/Thinkreport/Qed/Admin/Controller/StudyController.class.php 第 25 行.
NOTIC: [8] Undefined index: end_is_studydate /var/www/html/Thinkreport/Qed/Admin/Controller/StudyController.class.php 第 26 行.
NOTIC: [8] Undefined index: tblInspectionItem_ID /var/www/html/Thinkreport/Qed/Admin/Controller/StudyController.class.php 第 29 行.
NOTIC: [8] Undefined index: is_item /var/www/html/Thinkreport/Qed/Admin/Controller/StudyController.class.php 第 30 行.
NOTIC: [8] Undefined index: tblstudy_SID /var/www/html/Thinkreport/Qed/Admin/Controller/StudyController.class.php 第 33 行.
NOTIC: [8] Undefined index: is_sid /var/www/html/Thinkreport/Qed/Admin/Controller/StudyController.class.php 第 34 行.
NOTIC: [8] Undefined index: tblpatient_name /var/www/html/Thinkreport/Qed/Admin/Controller/StudyController.class.php 第 37 行.
NOTIC: [8] Undefined index: is_name /var/www/html/Thinkreport/Qed/Admin/Controller/StudyController.class.php 第 38 行.
NOTIC: [8] Undefined index: tblstudy_reportState /var/www/html/Thinkreport/Qed/Admin/Controller/StudyController.class.php 第 41 行.
NOTIC: [8] Undefined index: is_reportstate /var/www/html/Thinkreport/Qed/Admin/Controller/StudyController.class.php 第 42 行.
NOTIC: [8] Undefined index: tblflup_state /var/www/html/Thinkreport/Qed/Admin/Controller/StudyController.class.php 第 45 行.
NOTIC: [8] Undefined index: is_flupstate /var/www/html/Thinkreport/Qed/Admin/Controller/StudyController.class.php 第 46 行.
NOTIC: [8] Undefined index: tbldepartment_ID /var/www/html/Thinkreport/Qed/Admin/Controller/StudyController.class.php 第 49 行.
NOTIC: [8] Undefined index: is_department /var/www/html/Thinkreport/Qed/Admin/Controller/StudyController.class.php 第 50 行.
NOTIC: [8] Undefined index: start_tblpatient_age /var/www/html/Thinkreport/Qed/Admin/Controller/StudyController.class.php 第 53 行.
NOTIC: [8] Undefined index: start_is_age /var/www/html/Thinkreport/Qed/Admin/Controller/StudyController.class.php 第 54 行.
NOTIC: [8] Undefined index: end_tblpatient_age /var/www/html/Thinkreport/Qed/Admin/Controller/StudyController.class.php 第 57 行.
NOTIC: [8] Undefined index: end_is_age /var/www/html/Thinkreport/Qed/Admin/Controller/StudyController.class.php 第 58 行.
NOTIC: [8] Undefined index: tblstudy_clinical /var/www/html/Thinkreport/Qed/Admin/Controller/StudyController.class.php 第 61 行.
NOTIC: [8] Undefined index: is_clinical /var/www/html/Thinkreport/Qed/Admin/Controller/StudyController.class.php 第 62 行.
NOTIC: [8] Undefined index: tblstudy_finding /var/www/html/Thinkreport/Qed/Admin/Controller/StudyController.class.php 第 65 行.
NOTIC: [8] Undefined index: is_finding /var/www/html/Thinkreport/Qed/Admin/Controller/StudyController.class.php 第 66 行.
NOTIC: [8] Undefined index: tblstudy_suggestion /var/www/html/Thinkreport/Qed/Admin/Controller/StudyController.class.php 第 69 行.
NOTIC: [8] Undefined index: is_suggestion /var/www/html/Thinkreport/Qed/Admin/Controller/StudyController.class.php 第 70 行.
NOTIC: [8] Undefined index: tblflup_Des /var/www/html/Thinkreport/Qed/Admin/Controller/StudyController.class.php 第 73 行.
NOTIC: [8] Undefined index: is_des /var/www/html/Thinkreport/Qed/Admin/Controller/StudyController.class.php 第 74 行.
SQL: SHOW COLUMNS FROM `tblstudy` [ RunTime:0.0007s ]
SQL: SELECT COUNT(*) AS tp_count FROM tblstudy s LEFT JOIN tblpatient p ON s.tblpatient_ID = p.tblpatient_ID LEFT JOIN tbldepartment d ON s.tbldepartment_ID = d.tbldepartment_ID LEFT JOIN tblinpatientarea a ON s.tblInpatientArea_ID = a.tblInpatientArea_ID LEFT JOIN tblinspectionitem m ON s.tblInspectionItem_ID = m.tblInspectionItem_ID LEFT JOIN tbltracer t ON s.tbltracer_ID = t.tbltracer_ID LEFT JOIN tblstatuscolor ta ON s.tblstudy_reportState = ta.tblstatuscolor_ID LEFT JOIN tblflup fl ON s.tblstudy_ID = fl.tblstudy_ID  LIMIT 1   [ RunTime:0.0141s ]
SQL: SELECT p.tblpatient_ID,p.tblpatient_PID,p.tblpatient_name,p.tblpatient_pinyin,p.tblpatient_sex,p.tblpatient_birthday,p.tblpatient_height,p.tblpatient_weight,p.tblpatient_tel,p.tblpatient_tm,s.tblstudy_ID,s.tblstudy_SID,s.tblstudy_hospitalizedID,s.tblstudy_sickbedID,s.tblstudy_outpatientID,s.tblstudy_imageID,s.tblstudy_modality,s.tblstudy_BloodSugarLevels,s.tblstudy_injectionDate,s.tblstudy_studyDate,d.tbldepartment_department,a.tblInpatientArea_area,m.tblInspectionItem_item,t.tbltracer_tracer,s.tblstudy_dose,s.tblstudy_reportState,s.tblstudy_clinical,s.tblstudy_ischarges,r.tblreport_doctor,r.tblreport_checkdoctor,r.tblreport_islock,fl.tblflup_state,ta.tblstatuscolor_name,(select count(tblreportcon_ID) from tblreportcon where tblreport_ID=r.tblreport_ID) as repage FROM tblstudy s LEFT JOIN tblpatient p ON s.tblpatient_ID = p.tblpatient_ID LEFT JOIN tbldepartment d ON s.tbldepartment_ID = d.tbldepartment_ID LEFT JOIN tblinpatientarea a ON s.tblInpatientArea_ID = a.tblInpatientArea_ID LEFT JOIN tblinspectionitem m ON s.tblInspectionItem_ID = m.tblInspectionItem_ID LEFT JOIN tbltracer t ON s.tbltracer_ID = t.tbltracer_ID LEFT JOIN tblstatuscolor ta ON s.tblstudy_reportState = ta.tblstatuscolor_ID LEFT JOIN tblflup fl ON s.tblstudy_ID = fl.tblstudy_ID LEFT JOIN tblreport r ON s.tblstudy_ID = r.tblstudy_ID  ORDER BY s.tblstudy_ID DESC LIMIT 0,10   [ RunTime:0.0101s ]
SQL: SHOW COLUMNS FROM `tblinspectionitem` [ RunTime:0.0007s ]
SQL: SELECT * FROM `tblinspectionitem` ORDER BY tblInspectionItem_seq DESC  [ RunTime:0.0004s ]
SQL: SHOW COLUMNS FROM `tblstatuscolor` [ RunTime:0.0005s ]
SQL: SELECT * FROM `tblstatuscolor`  [ RunTime:0.0002s ]
SQL: SHOW COLUMNS FROM `tbldepartment` [ RunTime:0.0003s ]
SQL: SELECT * FROM `tbldepartment` ORDER BY tbldepartment_seq DESC  [ RunTime:0.0003s ]
INFO: [ view_parse ] --START--
INFO: [ template_filter ] --START--
INFO: Run Behavior\ContentReplaceBehavior [ RunTime:0.000142s ]
INFO: [ template_filter ] --END-- [ RunTime:0.000165s ]
NOTIC: [8] Undefined index: start_tblstudy_studyDate /var/www/html/Thinkreport/Qed/Runtime/Cache/Admin/58fb0ea3fe51845d6549be65a1dd91fa.php 第 135 行.
NOTIC: [8] Undefined index: end_tblstudy_studyDate /var/www/html/Thinkreport/Qed/Runtime/Cache/Admin/58fb0ea3fe51845d6549be65a1dd91fa.php 第 141 行.
NOTIC: [8] Undefined index: tblInspectionItem_ID /var/www/html/Thinkreport/Qed/Runtime/Cache/Admin/58fb0ea3fe51845d6549be65a1dd91fa.php 第 150 行.
NOTIC: [8] Undefined index: tblInspectionItem_ID /var/www/html/Thinkreport/Qed/Runtime/Cache/Admin/58fb0ea3fe51845d6549be65a1dd91fa.php 第 150 行.
NOTIC: [8] Undefined index: tblInspectionItem_ID /var/www/html/Thinkreport/Qed/Runtime/Cache/Admin/58fb0ea3fe51845d6549be65a1dd91fa.php 第 150 行.
NOTIC: [8] Undefined index: tblInspectionItem_ID /var/www/html/Thinkreport/Qed/Runtime/Cache/Admin/58fb0ea3fe51845d6549be65a1dd91fa.php 第 150 行.
NOTIC: [8] Undefined index: tblInspectionItem_ID /var/www/html/Thinkreport/Qed/Runtime/Cache/Admin/58fb0ea3fe51845d6549be65a1dd91fa.php 第 150 行.
NOTIC: [8] Undefined index: tblInspectionItem_ID /var/www/html/Thinkreport/Qed/Runtime/Cache/Admin/58fb0ea3fe51845d6549be65a1dd91fa.php 第 150 行.
NOTIC: [8] Undefined index: tblInspectionItem_ID /var/www/html/Thinkreport/Qed/Runtime/Cache/Admin/58fb0ea3fe51845d6549be65a1dd91fa.php 第 150 行.
NOTIC: [8] Undefined index: tblInspectionItem_ID /var/www/html/Thinkreport/Qed/Runtime/Cache/Admin/58fb0ea3fe51845d6549be65a1dd91fa.php 第 150 行.
NOTIC: [8] Undefined index: tblInspectionItem_ID /var/www/html/Thinkreport/Qed/Runtime/Cache/Admin/58fb0ea3fe51845d6549be65a1dd91fa.php 第 150 行.
NOTIC: [8] Undefined index: tblInspectionItem_ID /var/www/html/Thinkreport/Qed/Runtime/Cache/Admin/58fb0ea3fe51845d6549be65a1dd91fa.php 第 150 行.
NOTIC: [8] Undefined index: tblInspectionItem_ID /var/www/html/Thinkreport/Qed/Runtime/Cache/Admin/58fb0ea3fe51845d6549be65a1dd91fa.php 第 150 行.
NOTIC: [8] Undefined index: tblInspectionItem_ID /var/www/html/Thinkreport/Qed/Runtime/Cache/Admin/58fb0ea3fe51845d6549be65a1dd91fa.php 第 150 行.
NOTIC: [8] Undefined index: tblInspectionItem_ID /var/www/html/Thinkreport/Qed/Runtime/Cache/Admin/58fb0ea3fe51845d6549be65a1dd91fa.php 第 150 行.
NOTIC: [8] Undefined index: tblstudy_SID /var/www/html/Thinkreport/Qed/Runtime/Cache/Admin/58fb0ea3fe51845d6549be65a1dd91fa.php 第 158 行.
NOTIC: [8] Undefined index: tblpatient_name /var/www/html/Thinkreport/Qed/Runtime/Cache/Admin/58fb0ea3fe51845d6549be65a1dd91fa.php 第 162 行.
NOTIC: [8] Undefined index: tblstudy_reportState /var/www/html/Thinkreport/Qed/Runtime/Cache/Admin/58fb0ea3fe51845d6549be65a1dd91fa.php 第 169 行.
NOTIC: [8] Undefined index: tblstudy_reportState /var/www/html/Thinkreport/Qed/Runtime/Cache/Admin/58fb0ea3fe51845d6549be65a1dd91fa.php 第 169 行.
NOTIC: [8] Undefined index: tblstudy_reportState /var/www/html/Thinkreport/Qed/Runtime/Cache/Admin/58fb0ea3fe51845d6549be65a1dd91fa.php 第 169 行.
NOTIC: [8] Undefined index: tblstudy_reportState /var/www/html/Thinkreport/Qed/Runtime/Cache/Admin/58fb0ea3fe51845d6549be65a1dd91fa.php 第 169 行.
NOTIC: [8] Undefined index: tblstudy_reportState /var/www/html/Thinkreport/Qed/Runtime/Cache/Admin/58fb0ea3fe51845d6549be65a1dd91fa.php 第 169 行.
NOTIC: [8] Undefined index: tblstudy_reportState /var/www/html/Thinkreport/Qed/Runtime/Cache/Admin/58fb0ea3fe51845d6549be65a1dd91fa.php 第 169 行.
NOTIC: [8] Undefined index: tblstudy_reportState /var/www/html/Thinkreport/Qed/Runtime/Cache/Admin/58fb0ea3fe51845d6549be65a1dd91fa.php 第 169 行.
NOTIC: [8] Undefined index: tblstudy_reportState /var/www/html/Thinkreport/Qed/Runtime/Cache/Admin/58fb0ea3fe51845d6549be65a1dd91fa.php 第 169 行.
NOTIC: [8] Undefined index: tblstudy_reportState /var/www/html/Thinkreport/Qed/Runtime/Cache/Admin/58fb0ea3fe51845d6549be65a1dd91fa.php 第 169 行.
NOTIC: [8] Undefined index: tblstudy_reportState /var/www/html/Thinkreport/Qed/Runtime/Cache/Admin/58fb0ea3fe51845d6549be65a1dd91fa.php 第 169 行.
NOTIC: [8] Undefined index: tblflup_state /var/www/html/Thinkreport/Qed/Runtime/Cache/Admin/58fb0ea3fe51845d6549be65a1dd91fa.php 第 180 行.
NOTIC: [8] Undefined index: tblflup_state /var/www/html/Thinkreport/Qed/Runtime/Cache/Admin/58fb0ea3fe51845d6549be65a1dd91fa.php 第 180 行.
NOTIC: [8] Undefined index: tbldepartment_ID /var/www/html/Thinkreport/Qed/Runtime/Cache/Admin/58fb0ea3fe51845d6549be65a1dd91fa.php 第 191 行.
NOTIC: [8] Undefined index: tbldepartment_ID /var/www/html/Thinkreport/Qed/Runtime/Cache/Admin/58fb0ea3fe51845d6549be65a1dd91fa.php 第 191 行.
NOTIC: [8] Undefined index: tbldepartment_ID /var/www/html/Thinkreport/Qed/Runtime/Cache/Admin/58fb0ea3fe51845d6549be65a1dd91fa.php 第 191 行.
NOTIC: [8] Undefined index: tbldepartment_ID /var/www/html/Thinkreport/Qed/Runtime/Cache/Admin/58fb0ea3fe51845d6549be65a1dd91fa.php 第 191 行.
NOTIC: [8] Undefined index: tbldepartment_ID /var/www/html/Thinkreport/Qed/Runtime/Cache/Admin/58fb0ea3fe51845d6549be65a1dd91fa.php 第 191 行.
NOTIC: [8] Undefined index: tbldepartment_ID /var/www/html/Thinkreport/Qed/Runtime/Cache/Admin/58fb0ea3fe51845d6549be65a1dd91fa.php 第 191 行.
NOTIC: [8] Undefined index: tbldepartment_ID /var/www/html/Thinkreport/Qed/Runtime/Cache/Admin/58fb0ea3fe51845d6549be65a1dd91fa.php 第 191 行.
NOTIC: [8] Undefined index: tbldepartment_ID /var/www/html/Thinkreport/Qed/Runtime/Cache/Admin/58fb0ea3fe51845d6549be65a1dd91fa.php 第 191 行.
NOTIC: [8] Undefined index: tbldepartment_ID /var/www/html/Thinkreport/Qed/Runtime/Cache/Admin/58fb0ea3fe51845d6549be65a1dd91fa.php 第 191 行.
NOTIC: [8] Undefined index: tbldepartment_ID /var/www/html/Thinkreport/Qed/Runtime/Cache/Admin/58fb0ea3fe51845d6549be65a1dd91fa.php 第 191 行.
NOTIC: [8] Undefined index: tbldepartment_ID /var/www/html/Thinkreport/Qed/Runtime/Cache/Admin/58fb0ea3fe51845d6549be65a1dd91fa.php 第 191 行.
NOTIC: [8] Undefined index: tbldepartment_ID /var/www/html/Thinkreport/Qed/Runtime/Cache/Admin/58fb0ea3fe51845d6549be65a1dd91fa.php 第 191 行.
NOTIC: [8] Undefined index: tbldepartment_ID /var/www/html/Thinkreport/Qed/Runtime/Cache/Admin/58fb0ea3fe51845d6549be65a1dd91fa.php 第 191 行.
NOTIC: [8] Undefined index: tbldepartment_ID /var/www/html/Thinkreport/Qed/Runtime/Cache/Admin/58fb0ea3fe51845d6549be65a1dd91fa.php 第 191 行.
NOTIC: [8] Undefined index: tbldepartment_ID /var/www/html/Thinkreport/Qed/Runtime/Cache/Admin/58fb0ea3fe51845d6549be65a1dd91fa.php 第 191 行.
NOTIC: [8] Undefined index: tbldepartment_ID /var/www/html/Thinkreport/Qed/Runtime/Cache/Admin/58fb0ea3fe51845d6549be65a1dd91fa.php 第 191 行.
NOTIC: [8] Undefined index: tbldepartment_ID /var/www/html/Thinkreport/Qed/Runtime/Cache/Admin/58fb0ea3fe51845d6549be65a1dd91fa.php 第 191 行.
NOTIC: [8] Undefined index: tbldepartment_ID /var/www/html/Thinkreport/Qed/Runtime/Cache/Admin/58fb0ea3fe51845d6549be65a1dd91fa.php 第 191 行.
NOTIC: [8] Undefined index: tbldepartment_ID /var/www/html/Thinkreport/Qed/Runtime/Cache/Admin/58fb0ea3fe51845d6549be65a1dd91fa.php 第 191 行.
NOTIC: [8] Undefined index: tbldepartment_ID /var/www/html/Thinkreport/Qed/Runtime/Cache/Admin/58fb0ea3fe51845d6549be65a1dd91fa.php 第 191 行.
NOTIC: [8] Undefined index: tbldepartment_ID /var/www/html/Thinkreport/Qed/Runtime/Cache/Admin/58fb0ea3fe51845d6549be65a1dd91fa.php 第 191 行.
NOTIC: [8] Undefined index: tbldepartment_ID /var/www/html/Thinkreport/Qed/Runtime/Cache/Admin/58fb0ea3fe51845d6549be65a1dd91fa.php 第 191 行.
NOTIC: [8] Undefined index: tbldepartment_ID /var/www/html/Thinkreport/Qed/Runtime/Cache/Admin/58fb0ea3fe51845d6549be65a1dd91fa.php 第 191 行.
NOTIC: [8] Undefined index: tbldepartment_ID /var/www/html/Thinkreport/Qed/Runtime/Cache/Admin/58fb0ea3fe51845d6549be65a1dd91fa.php 第 191 行.
NOTIC: [8] Undefined index: tbldepartment_ID /var/www/html/Thinkreport/Qed/Runtime/Cache/Admin/58fb0ea3fe51845d6549be65a1dd91fa.php 第 191 行.
NOTIC: [8] Undefined index: tbldepartment_ID /var/www/html/Thinkreport/Qed/Runtime/Cache/Admin/58fb0ea3fe51845d6549be65a1dd91fa.php 第 191 行.
NOTIC: [8] Undefined index: tbldepartment_ID /var/www/html/Thinkreport/Qed/Runtime/Cache/Admin/58fb0ea3fe51845d6549be65a1dd91fa.php 第 191 行.
NOTIC: [8] Undefined index: tbldepartment_ID /var/www/html/Thinkreport/Qed/Runtime/Cache/Admin/58fb0ea3fe51845d6549be65a1dd91fa.php 第 191 行.
NOTIC: [8] Undefined index: start_tblpatient_age /var/www/html/Thinkreport/Qed/Runtime/Cache/Admin/58fb0ea3fe51845d6549be65a1dd91fa.php 第 199 行.
NOTIC: [8] Undefined index: end_tblpatient_age /var/www/html/Thinkreport/Qed/Runtime/Cache/Admin/58fb0ea3fe51845d6549be65a1dd91fa.php 第 203 行.
NOTIC: [8] Undefined index: tblstudy_sid /var/www/html/Thinkreport/Qed/Runtime/Cache/Admin/58fb0ea3fe51845d6549be65a1dd91fa.php 第 207 行.
NOTIC: [8] Undefined index: tblstudy_finding /var/www/html/Thinkreport/Qed/Runtime/Cache/Admin/58fb0ea3fe51845d6549be65a1dd91fa.php 第 211 行.
NOTIC: [8] Undefined index: tblstudy_suggestion /var/www/html/Thinkreport/Qed/Runtime/Cache/Admin/58fb0ea3fe51845d6549be65a1dd91fa.php 第 215 行.
NOTIC: [8] Undefined index: tblflup_Des /var/www/html/Thinkreport/Qed/Runtime/Cache/Admin/58fb0ea3fe51845d6549be65a1dd91fa.php 第 219 行.
INFO: Run Behavior\ParseTemplateBehavior [ RunTime:0.008413s ]
INFO: [ view_parse ] --END-- [ RunTime:0.008445s ]
INFO: [ view_filter ] --START--
INFO: Run Behavior\WriteHtmlCacheBehavior [ RunTime:0.000027s ]
INFO: [ view_filter ] --END-- [ RunTime:0.000038s ]
INFO: [ app_end ] --START--
INFO: Run Behavior\ShowPageTraceBehavior [ RunTime:0.000021s ]
INFO: [ app_end ] --END-- [ RunTime:0.000036s ]

