[ 2017-04-19T09:49:53+08:00 ] ::1 /
INFO: [ app_init ] --START--
INFO: Run Behavior\BuildLiteBehavior [ RunTime:0.000008s ]
INFO: [ app_init ] --END-- [ RunTime:0.000375s ]
INFO: [ app_begin ] --START--
INFO: Run Behavior\ReadHtmlCacheBehavior [ RunTime:0.000539s ]
INFO: [ app_begin ] --END-- [ RunTime:0.000563s ]
NOTIC: [8] Undefined index: qedLogin /var/www/html/Thinkreport/Qed/Admin/Controller/CommonController.class.php 第 6 行.

[ 2017-04-19T09:49:53+08:00 ] ::1 /Admin/Public/login.html
INFO: [ app_init ] --START--
INFO: Run Behavior\BuildLiteBehavior [ RunTime:0.000004s ]
INFO: [ app_init ] --END-- [ RunTime:0.000046s ]
INFO: [ app_begin ] --START--
INFO: Run Behavior\ReadHtmlCacheBehavior [ RunTime:0.000014s ]
INFO: [ app_begin ] --END-- [ RunTime:0.000027s ]
INFO: [ view_parse ] --START--
INFO: [ template_filter ] --START--
INFO: Run Behavior\ContentReplaceBehavior [ RunTime:0.000036s ]
INFO: [ template_filter ] --END-- [ RunTime:0.000059s ]
INFO: Run Behavior\ParseTemplateBehavior [ RunTime:0.004595s ]
INFO: [ view_parse ] --END-- [ RunTime:0.004611s ]
INFO: [ view_filter ] --START--
INFO: Run Behavior\WriteHtmlCacheBehavior [ RunTime:0.000112s ]
INFO: [ view_filter ] --END-- [ RunTime:0.000124s ]
INFO: [ app_end ] --START--
INFO: Run Behavior\ShowPageTraceBehavior [ RunTime:0.000396s ]
INFO: [ app_end ] --END-- [ RunTime:0.000410s ]

[ 2017-04-19T09:49:53+08:00 ] ::1 /Admin/Public/verify
INFO: [ app_init ] --START--
INFO: Run Behavior\BuildLiteBehavior [ RunTime:0.000008s ]
INFO: [ app_init ] --END-- [ RunTime:0.000055s ]
INFO: [ app_begin ] --START--
INFO: Run Behavior\ReadHtmlCacheBehavior [ RunTime:0.000018s ]
INFO: [ app_begin ] --END-- [ RunTime:0.000036s ]
INFO: [ app_end ] --START--
INFO: Run Behavior\ShowPageTraceBehavior [ RunTime:0.000030s ]
INFO: [ app_end ] --END-- [ RunTime:0.000058s ]

[ 2017-04-19T09:50:15+08:00 ] ::1 /Admin/Public/login.html
INFO: [ app_init ] --START--
INFO: Run Behavior\BuildLiteBehavior [ RunTime:0.000006s ]
INFO: [ app_init ] --END-- [ RunTime:0.000053s ]
INFO: [ app_begin ] --START--
INFO: Run Behavior\ReadHtmlCacheBehavior [ RunTime:0.000018s ]
INFO: [ app_begin ] --END-- [ RunTime:0.000031s ]
SQL: SHOW COLUMNS FROM `tbluser` [ RunTime:0.0006s ]
SQL: SELECT * FROM `tbluser` WHERE (  tbluser_loginname='admin'  ) LIMIT 1   [ RunTime:0.0002s ]
SQL: SHOW COLUMNS FROM `tblrolenode` [ RunTime:0.0004s ]
SQL: SELECT `tblrolenode_menu` FROM `tblrolenode` WHERE ( tblrolenode_RID=1 ) LIMIT 1   [ RunTime:0.0001s ]
INFO: [ view_parse ] --START--
INFO: [ template_filter ] --START--
INFO: Run Behavior\ContentReplaceBehavior [ RunTime:0.000027s ]
INFO: [ template_filter ] --END-- [ RunTime:0.000058s ]
INFO: Run Behavior\ParseTemplateBehavior [ RunTime:0.002436s ]
INFO: [ view_parse ] --END-- [ RunTime:0.002457s ]
INFO: [ view_filter ] --START--
INFO: Run Behavior\WriteHtmlCacheBehavior [ RunTime:0.000037s ]
INFO: [ view_filter ] --END-- [ RunTime:0.000050s ]
INFO: [ app_end ] --START--
INFO: Run Behavior\ShowPageTraceBehavior [ RunTime:0.000030s ]
INFO: [ app_end ] --END-- [ RunTime:0.000043s ]

[ 2017-04-19T09:50:16+08:00 ] ::1 /Admin/Index/index.html
INFO: [ app_init ] --START--
INFO: Run Behavior\BuildLiteBehavior [ RunTime:0.000010s ]
INFO: [ app_init ] --END-- [ RunTime:0.000067s ]
INFO: [ app_begin ] --START--
INFO: Run Behavior\ReadHtmlCacheBehavior [ RunTime:0.000026s ]
INFO: [ app_begin ] --END-- [ RunTime:0.000055s ]
INFO: [ view_parse ] --START--
INFO: [ template_filter ] --START--
INFO: Run Behavior\ContentReplaceBehavior [ RunTime:0.000136s ]
INFO: [ template_filter ] --END-- [ RunTime:0.000189s ]
INFO: Run Behavior\ParseTemplateBehavior [ RunTime:0.003484s ]
INFO: [ view_parse ] --END-- [ RunTime:0.003524s ]
INFO: [ view_filter ] --START--
INFO: Run Behavior\WriteHtmlCacheBehavior [ RunTime:0.000034s ]
INFO: [ view_filter ] --END-- [ RunTime:0.000049s ]
INFO: [ app_end ] --START--
INFO: Run Behavior\ShowPageTraceBehavior [ RunTime:0.000020s ]
INFO: [ app_end ] --END-- [ RunTime:0.000035s ]

[ 2017-04-19T09:50:30+08:00 ] ::1 /Admin/Custom/customlist
INFO: [ app_init ] --START--
INFO: Run Behavior\BuildLiteBehavior [ RunTime:0.000028s ]
INFO: [ app_init ] --END-- [ RunTime:0.000175s ]
INFO: [ app_begin ] --START--
INFO: Run Behavior\ReadHtmlCacheBehavior [ RunTime:0.000092s ]
INFO: [ app_begin ] --END-- [ RunTime:0.000151s ]
SQL: SHOW COLUMNS FROM `tblcustom` [ RunTime:0.0023s ]
SQL: SELECT COUNT(*) AS tp_count FROM `tblcustom` LIMIT 1   [ RunTime:0.0003s ]
SQL: SELECT * FROM `tblcustom` ORDER BY tblcustom_ID DESC LIMIT 0,10   [ RunTime:0.0005s ]
INFO: [ view_parse ] --START--
INFO: [ template_filter ] --START--
INFO: Run Behavior\ContentReplaceBehavior [ RunTime:0.000180s ]
INFO: [ template_filter ] --END-- [ RunTime:0.000242s ]
NOTIC: [8] Undefined index: tbltracer_tracer /var/www/html/Thinkreport/Qed/Runtime/Cache/Admin/c4798470568d6d146c0eb1a867ed55ab.php 第 124 行.
NOTIC: [8] Undefined index: tbltracer_id /var/www/html/Thinkreport/Qed/Runtime/Cache/Admin/c4798470568d6d146c0eb1a867ed55ab.php 第 142 行.
NOTIC: [8] Undefined index: tbltracer_id /var/www/html/Thinkreport/Qed/Runtime/Cache/Admin/c4798470568d6d146c0eb1a867ed55ab.php 第 142 行.
NOTIC: [8] Undefined index: tbltracer_id /var/www/html/Thinkreport/Qed/Runtime/Cache/Admin/c4798470568d6d146c0eb1a867ed55ab.php 第 142 行.
NOTIC: [8] Undefined index: tbltracer_id /var/www/html/Thinkreport/Qed/Runtime/Cache/Admin/c4798470568d6d146c0eb1a867ed55ab.php 第 142 行.
NOTIC: [8] Undefined index: tbltracer_id /var/www/html/Thinkreport/Qed/Runtime/Cache/Admin/c4798470568d6d146c0eb1a867ed55ab.php 第 142 行.
NOTIC: [8] Undefined index: tbltracer_id /var/www/html/Thinkreport/Qed/Runtime/Cache/Admin/c4798470568d6d146c0eb1a867ed55ab.php 第 142 行.
NOTIC: [8] Undefined index: tbltracer_id /var/www/html/Thinkreport/Qed/Runtime/Cache/Admin/c4798470568d6d146c0eb1a867ed55ab.php 第 142 行.
NOTIC: [8] Undefined index: tbltracer_id /var/www/html/Thinkreport/Qed/Runtime/Cache/Admin/c4798470568d6d146c0eb1a867ed55ab.php 第 142 行.
NOTIC: [8] Undefined variable: page /var/www/html/Thinkreport/Qed/Runtime/Cache/Admin/c4798470568d6d146c0eb1a867ed55ab.php 第 145 行.
INFO: Run Behavior\ParseTemplateBehavior [ RunTime:0.006275s ]
INFO: [ view_parse ] --END-- [ RunTime:0.006308s ]
INFO: [ view_filter ] --START--
INFO: Run Behavior\WriteHtmlCacheBehavior [ RunTime:0.000059s ]
INFO: [ view_filter ] --END-- [ RunTime:0.000078s ]
INFO: [ app_end ] --START--
INFO: Run Behavior\ShowPageTraceBehavior [ RunTime:0.000043s ]
INFO: [ app_end ] --END-- [ RunTime:0.000063s ]

[ 2017-04-19T09:51:01+08:00 ] ::1 /Admin/Tracer/editTracer/menuname/%E6%B7%BB%E5%8A%A0%E8%87%AA%E5%AE%9A%E4%B9%89%E5%AD%97%E6%AE%B5.html
INFO: [ app_init ] --START--
INFO: Run Behavior\BuildLiteBehavior [ RunTime:0.000013s ]
INFO: [ app_init ] --END-- [ RunTime:0.000109s ]
INFO: [ app_begin ] --START--
INFO: Run Behavior\ReadHtmlCacheBehavior [ RunTime:0.000052s ]
INFO: [ app_begin ] --END-- [ RunTime:0.000085s ]
SQL: SHOW COLUMNS FROM `tbltracer` [ RunTime:0.0021s ]
NOTIC: [8] Undefined index: id /var/www/html/Thinkreport/Qed/Admin/Controller/TracerController.class.php 第 43 行.
NOTIC: [8] Undefined variable: vol /var/www/html/Thinkreport/Qed/Admin/Controller/TracerController.class.php 第 45 行.
INFO: [ view_parse ] --START--
INFO: [ template_filter ] --START--
INFO: Run Behavior\ContentReplaceBehavior [ RunTime:0.000199s ]
INFO: [ template_filter ] --END-- [ RunTime:0.000286s ]
INFO: Run Behavior\ParseTemplateBehavior [ RunTime:0.004256s ]
INFO: [ view_parse ] --END-- [ RunTime:0.004305s ]
INFO: [ view_filter ] --START--
INFO: Run Behavior\WriteHtmlCacheBehavior [ RunTime:0.000065s ]
INFO: [ view_filter ] --END-- [ RunTime:0.000087s ]
INFO: [ app_end ] --START--
INFO: Run Behavior\ShowPageTraceBehavior [ RunTime:0.000044s ]
INFO: [ app_end ] --END-- [ RunTime:0.000062s ]

[ 2017-04-19T09:51:39+08:00 ] ::1 /Admin/Tracer/editTracer/menuname/%E6%B7%BB%E5%8A%A0%E8%87%AA%E5%AE%9A%E4%B9%89%E5%AD%97%E6%AE%B5.html
INFO: [ app_init ] --START--
INFO: Run Behavior\BuildLiteBehavior [ RunTime:0.000005s ]
INFO: [ app_init ] --END-- [ RunTime:0.000041s ]
INFO: [ app_begin ] --START--
INFO: Run Behavior\ReadHtmlCacheBehavior [ RunTime:0.000019s ]
INFO: [ app_begin ] --END-- [ RunTime:0.000031s ]
SQL: SHOW COLUMNS FROM `tbltracer` [ RunTime:0.0003s ]
NOTIC: [8] Undefined index: id /var/www/html/Thinkreport/Qed/Admin/Controller/TracerController.class.php 第 43 行.
NOTIC: [8] Undefined variable: vol /var/www/html/Thinkreport/Qed/Admin/Controller/TracerController.class.php 第 45 行.
INFO: [ view_parse ] --START--
INFO: [ template_filter ] --START--
INFO: Run Behavior\ContentReplaceBehavior [ RunTime:0.000052s ]
INFO: [ template_filter ] --END-- [ RunTime:0.000067s ]
INFO: Run Behavior\ParseTemplateBehavior [ RunTime:0.001236s ]
INFO: [ view_parse ] --END-- [ RunTime:0.001251s ]
INFO: [ view_filter ] --START--
INFO: Run Behavior\WriteHtmlCacheBehavior [ RunTime:0.000021s ]
INFO: [ view_filter ] --END-- [ RunTime:0.000028s ]
INFO: [ app_end ] --START--
INFO: Run Behavior\ShowPageTraceBehavior [ RunTime:0.000014s ]
INFO: [ app_end ] --END-- [ RunTime:0.000021s ]

[ 2017-04-19T09:51:41+08:00 ] ::1 /Admin/Custom/customlist
INFO: [ app_init ] --START--
INFO: Run Behavior\BuildLiteBehavior [ RunTime:0.000006s ]
INFO: [ app_init ] --END-- [ RunTime:0.000034s ]
INFO: [ app_begin ] --START--
INFO: Run Behavior\ReadHtmlCacheBehavior [ RunTime:0.000019s ]
INFO: [ app_begin ] --END-- [ RunTime:0.000037s ]
SQL: SHOW COLUMNS FROM `tblcustom` [ RunTime:0.0004s ]
SQL: SELECT COUNT(*) AS tp_count FROM `tblcustom` LIMIT 1   [ RunTime:0.0002s ]
SQL: SELECT * FROM `tblcustom` ORDER BY tblcustom_ID DESC LIMIT 0,10   [ RunTime:0.0001s ]
INFO: [ view_parse ] --START--
INFO: [ template_filter ] --START--
INFO: Run Behavior\ContentReplaceBehavior [ RunTime:0.000073s ]
INFO: [ template_filter ] --END-- [ RunTime:0.000099s ]
NOTIC: [8] Undefined index: tbltracer_tracer /var/www/html/Thinkreport/Qed/Runtime/Cache/Admin/c4798470568d6d146c0eb1a867ed55ab.php 第 124 行.
NOTIC: [8] Undefined index: tbltracer_id /var/www/html/Thinkreport/Qed/Runtime/Cache/Admin/c4798470568d6d146c0eb1a867ed55ab.php 第 142 行.
NOTIC: [8] Undefined index: tbltracer_id /var/www/html/Thinkreport/Qed/Runtime/Cache/Admin/c4798470568d6d146c0eb1a867ed55ab.php 第 142 行.
NOTIC: [8] Undefined index: tbltracer_id /var/www/html/Thinkreport/Qed/Runtime/Cache/Admin/c4798470568d6d146c0eb1a867ed55ab.php 第 142 行.
NOTIC: [8] Undefined index: tbltracer_id /var/www/html/Thinkreport/Qed/Runtime/Cache/Admin/c4798470568d6d146c0eb1a867ed55ab.php 第 142 行.
NOTIC: [8] Undefined index: tbltracer_id /var/www/html/Thinkreport/Qed/Runtime/Cache/Admin/c4798470568d6d146c0eb1a867ed55ab.php 第 142 行.
NOTIC: [8] Undefined index: tbltracer_id /var/www/html/Thinkreport/Qed/Runtime/Cache/Admin/c4798470568d6d146c0eb1a867ed55ab.php 第 142 行.
NOTIC: [8] Undefined index: tbltracer_id /var/www/html/Thinkreport/Qed/Runtime/Cache/Admin/c4798470568d6d146c0eb1a867ed55ab.php 第 142 行.
NOTIC: [8] Undefined index: tbltracer_id /var/www/html/Thinkreport/Qed/Runtime/Cache/Admin/c4798470568d6d146c0eb1a867ed55ab.php 第 142 行.
NOTIC: [8] Undefined variable: page /var/www/html/Thinkreport/Qed/Runtime/Cache/Admin/c4798470568d6d146c0eb1a867ed55ab.php 第 145 行.
INFO: Run Behavior\ParseTemplateBehavior [ RunTime:0.002173s ]
INFO: [ view_parse ] --END-- [ RunTime:0.002198s ]
INFO: [ view_filter ] --START--
INFO: Run Behavior\WriteHtmlCacheBehavior [ RunTime:0.000075s ]
INFO: [ view_filter ] --END-- [ RunTime:0.000104s ]
INFO: [ app_end ] --START--
INFO: Run Behavior\ShowPageTraceBehavior [ RunTime:0.000040s ]
INFO: [ app_end ] --END-- [ RunTime:0.000056s ]

[ 2017-04-19T09:51:43+08:00 ] ::1 /Admin/Custom/customlist
INFO: [ app_init ] --START--
INFO: Run Behavior\BuildLiteBehavior [ RunTime:0.000013s ]
INFO: [ app_init ] --END-- [ RunTime:0.000093s ]
INFO: [ app_begin ] --START--
INFO: Run Behavior\ReadHtmlCacheBehavior [ RunTime:0.000037s ]
INFO: [ app_begin ] --END-- [ RunTime:0.000064s ]
SQL: SHOW COLUMNS FROM `tblcustom` [ RunTime:0.0004s ]
SQL: SELECT COUNT(*) AS tp_count FROM `tblcustom` LIMIT 1   [ RunTime:0.0001s ]
SQL: SELECT * FROM `tblcustom` ORDER BY tblcustom_ID DESC LIMIT 0,10   [ RunTime:0.0001s ]
INFO: [ view_parse ] --START--
INFO: [ template_filter ] --START--
INFO: Run Behavior\ContentReplaceBehavior [ RunTime:0.000063s ]
INFO: [ template_filter ] --END-- [ RunTime:0.000078s ]
NOTIC: [8] Undefined index: tbltracer_tracer /var/www/html/Thinkreport/Qed/Runtime/Cache/Admin/c4798470568d6d146c0eb1a867ed55ab.php 第 124 行.
NOTIC: [8] Undefined index: tbltracer_id /var/www/html/Thinkreport/Qed/Runtime/Cache/Admin/c4798470568d6d146c0eb1a867ed55ab.php 第 142 行.
NOTIC: [8] Undefined index: tbltracer_id /var/www/html/Thinkreport/Qed/Runtime/Cache/Admin/c4798470568d6d146c0eb1a867ed55ab.php 第 142 行.
NOTIC: [8] Undefined index: tbltracer_id /var/www/html/Thinkreport/Qed/Runtime/Cache/Admin/c4798470568d6d146c0eb1a867ed55ab.php 第 142 行.
NOTIC: [8] Undefined index: tbltracer_id /var/www/html/Thinkreport/Qed/Runtime/Cache/Admin/c4798470568d6d146c0eb1a867ed55ab.php 第 142 行.
NOTIC: [8] Undefined index: tbltracer_id /var/www/html/Thinkreport/Qed/Runtime/Cache/Admin/c4798470568d6d146c0eb1a867ed55ab.php 第 142 行.
NOTIC: [8] Undefined index: tbltracer_id /var/www/html/Thinkreport/Qed/Runtime/Cache/Admin/c4798470568d6d146c0eb1a867ed55ab.php 第 142 行.
NOTIC: [8] Undefined index: tbltracer_id /var/www/html/Thinkreport/Qed/Runtime/Cache/Admin/c4798470568d6d146c0eb1a867ed55ab.php 第 142 行.
NOTIC: [8] Undefined index: tbltracer_id /var/www/html/Thinkreport/Qed/Runtime/Cache/Admin/c4798470568d6d146c0eb1a867ed55ab.php 第 142 行.
NOTIC: [8] Undefined variable: page /var/www/html/Thinkreport/Qed/Runtime/Cache/Admin/c4798470568d6d146c0eb1a867ed55ab.php 第 145 行.
INFO: Run Behavior\ParseTemplateBehavior [ RunTime:0.002149s ]
INFO: [ view_parse ] --END-- [ RunTime:0.002162s ]
INFO: [ view_filter ] --START--
INFO: Run Behavior\WriteHtmlCacheBehavior [ RunTime:0.000019s ]
INFO: [ view_filter ] --END-- [ RunTime:0.000027s ]
INFO: [ app_end ] --START--
INFO: Run Behavior\ShowPageTraceBehavior [ RunTime:0.000015s ]
INFO: [ app_end ] --END-- [ RunTime:0.000023s ]

[ 2017-04-19T09:51:45+08:00 ] ::1 /Admin/Tracer/editTracer/menuname/%E6%B7%BB%E5%8A%A0%E8%87%AA%E5%AE%9A%E4%B9%89%E5%AD%97%E6%AE%B5.html
INFO: [ app_init ] --START--
INFO: Run Behavior\BuildLiteBehavior [ RunTime:0.000006s ]
INFO: [ app_init ] --END-- [ RunTime:0.000031s ]
INFO: [ app_begin ] --START--
INFO: Run Behavior\ReadHtmlCacheBehavior [ RunTime:0.000011s ]
INFO: [ app_begin ] --END-- [ RunTime:0.000023s ]
SQL: SHOW COLUMNS FROM `tbltracer` [ RunTime:0.0004s ]
NOTIC: [8] Undefined index: id /var/www/html/Thinkreport/Qed/Admin/Controller/TracerController.class.php 第 43 行.
NOTIC: [8] Undefined variable: vol /var/www/html/Thinkreport/Qed/Admin/Controller/TracerController.class.php 第 45 行.
INFO: [ view_parse ] --START--
INFO: [ template_filter ] --START--
INFO: Run Behavior\ContentReplaceBehavior [ RunTime:0.000055s ]
INFO: [ template_filter ] --END-- [ RunTime:0.000078s ]
INFO: Run Behavior\ParseTemplateBehavior [ RunTime:0.001429s ]
INFO: [ view_parse ] --END-- [ RunTime:0.001449s ]
INFO: [ view_filter ] --START--
INFO: Run Behavior\WriteHtmlCacheBehavior [ RunTime:0.000038s ]
INFO: [ view_filter ] --END-- [ RunTime:0.000050s ]
INFO: [ app_end ] --START--
INFO: Run Behavior\ShowPageTraceBehavior [ RunTime:0.000017s ]
INFO: [ app_end ] --END-- [ RunTime:0.000031s ]

[ 2017-04-19T09:52:28+08:00 ] ::1 /Admin/Tracer/editTracer/menuname/%E6%B7%BB%E5%8A%A0%E8%87%AA%E5%AE%9A%E4%B9%89%E5%AD%97%E6%AE%B5.html
INFO: [ app_init ] --START--
INFO: Run Behavior\BuildLiteBehavior [ RunTime:0.000004s ]
INFO: [ app_init ] --END-- [ RunTime:0.000031s ]
INFO: [ app_begin ] --START--
INFO: Run Behavior\ReadHtmlCacheBehavior [ RunTime:0.000013s ]
INFO: [ app_begin ] --END-- [ RunTime:0.000023s ]
SQL: SHOW COLUMNS FROM `tbltracer` [ RunTime:0.0003s ]
NOTIC: [8] Undefined index: id /var/www/html/Thinkreport/Qed/Admin/Controller/TracerController.class.php 第 43 行.
NOTIC: [8] Undefined variable: vol /var/www/html/Thinkreport/Qed/Admin/Controller/TracerController.class.php 第 45 行.
INFO: [ view_parse ] --START--
INFO: [ template_filter ] --START--
INFO: Run Behavior\ContentReplaceBehavior [ RunTime:0.000053s ]
INFO: [ template_filter ] --END-- [ RunTime:0.000066s ]
INFO: Run Behavior\ParseTemplateBehavior [ RunTime:0.001184s ]
INFO: [ view_parse ] --END-- [ RunTime:0.001199s ]
INFO: [ view_filter ] --START--
INFO: Run Behavior\WriteHtmlCacheBehavior [ RunTime:0.000019s ]
INFO: [ view_filter ] --END-- [ RunTime:0.000027s ]
INFO: [ app_end ] --START--
INFO: Run Behavior\ShowPageTraceBehavior [ RunTime:0.000012s ]
INFO: [ app_end ] --END-- [ RunTime:0.000019s ]

[ 2017-04-19T09:53:39+08:00 ] ::1 /Admin/Custom/customlist
INFO: [ app_init ] --START--
INFO: Run Behavior\BuildLiteBehavior [ RunTime:0.000004s ]
INFO: [ app_init ] --END-- [ RunTime:0.000035s ]
INFO: [ app_begin ] --START--
INFO: Run Behavior\ReadHtmlCacheBehavior [ RunTime:0.000015s ]
INFO: [ app_begin ] --END-- [ RunTime:0.000025s ]
SQL: SHOW COLUMNS FROM `tblcustom` [ RunTime:0.0003s ]
SQL: SELECT COUNT(*) AS tp_count FROM `tblcustom` LIMIT 1   [ RunTime:0.0001s ]
SQL: SELECT * FROM `tblcustom` ORDER BY tblcustom_ID DESC LIMIT 0,10   [ RunTime:0.0001s ]
INFO: [ view_parse ] --START--
INFO: [ template_filter ] --START--
INFO: Run Behavior\ContentReplaceBehavior [ RunTime:0.000066s ]
INFO: [ template_filter ] --END-- [ RunTime:0.000090s ]
NOTIC: [8] Undefined index: tbltracer_tracer /var/www/html/Thinkreport/Qed/Runtime/Cache/Admin/c4798470568d6d146c0eb1a867ed55ab.php 第 124 行.
NOTIC: [8] Undefined index: tbltracer_id /var/www/html/Thinkreport/Qed/Runtime/Cache/Admin/c4798470568d6d146c0eb1a867ed55ab.php 第 142 行.
NOTIC: [8] Undefined index: tbltracer_id /var/www/html/Thinkreport/Qed/Runtime/Cache/Admin/c4798470568d6d146c0eb1a867ed55ab.php 第 142 行.
NOTIC: [8] Undefined index: tbltracer_id /var/www/html/Thinkreport/Qed/Runtime/Cache/Admin/c4798470568d6d146c0eb1a867ed55ab.php 第 142 行.
NOTIC: [8] Undefined index: tbltracer_id /var/www/html/Thinkreport/Qed/Runtime/Cache/Admin/c4798470568d6d146c0eb1a867ed55ab.php 第 142 行.
NOTIC: [8] Undefined index: tbltracer_id /var/www/html/Thinkreport/Qed/Runtime/Cache/Admin/c4798470568d6d146c0eb1a867ed55ab.php 第 142 行.
NOTIC: [8] Undefined index: tbltracer_id /var/www/html/Thinkreport/Qed/Runtime/Cache/Admin/c4798470568d6d146c0eb1a867ed55ab.php 第 142 行.
NOTIC: [8] Undefined index: tbltracer_id /var/www/html/Thinkreport/Qed/Runtime/Cache/Admin/c4798470568d6d146c0eb1a867ed55ab.php 第 142 行.
NOTIC: [8] Undefined index: tbltracer_id /var/www/html/Thinkreport/Qed/Runtime/Cache/Admin/c4798470568d6d146c0eb1a867ed55ab.php 第 142 行.
NOTIC: [8] Undefined variable: page /var/www/html/Thinkreport/Qed/Runtime/Cache/Admin/c4798470568d6d146c0eb1a867ed55ab.php 第 145 行.
INFO: Run Behavior\ParseTemplateBehavior [ RunTime:0.002031s ]
INFO: [ view_parse ] --END-- [ RunTime:0.002048s ]
INFO: [ view_filter ] --START--
INFO: Run Behavior\WriteHtmlCacheBehavior [ RunTime:0.000043s ]
INFO: [ view_filter ] --END-- [ RunTime:0.000058s ]
INFO: [ app_end ] --START--
INFO: Run Behavior\ShowPageTraceBehavior [ RunTime:0.000036s ]
INFO: [ app_end ] --END-- [ RunTime:0.000051s ]

[ 2017-04-19T09:53:41+08:00 ] ::1 /Admin/Custom/customlist
INFO: [ app_init ] --START--
INFO: Run Behavior\BuildLiteBehavior [ RunTime:0.000005s ]
INFO: [ app_init ] --END-- [ RunTime:0.000033s ]
INFO: [ app_begin ] --START--
INFO: Run Behavior\ReadHtmlCacheBehavior [ RunTime:0.000012s ]
INFO: [ app_begin ] --END-- [ RunTime:0.000025s ]
SQL: SHOW COLUMNS FROM `tblcustom` [ RunTime:0.0004s ]
SQL: SELECT COUNT(*) AS tp_count FROM `tblcustom` LIMIT 1   [ RunTime:0.0002s ]
SQL: SELECT * FROM `tblcustom` ORDER BY tblcustom_ID DESC LIMIT 0,10   [ RunTime:0.0002s ]
INFO: [ view_parse ] --START--
INFO: [ template_filter ] --START--
INFO: Run Behavior\ContentReplaceBehavior [ RunTime:0.000090s ]
INFO: [ template_filter ] --END-- [ RunTime:0.000111s ]
NOTIC: [8] Undefined index: tbltracer_tracer /var/www/html/Thinkreport/Qed/Runtime/Cache/Admin/c4798470568d6d146c0eb1a867ed55ab.php 第 124 行.
NOTIC: [8] Undefined index: tbltracer_id /var/www/html/Thinkreport/Qed/Runtime/Cache/Admin/c4798470568d6d146c0eb1a867ed55ab.php 第 142 行.
NOTIC: [8] Undefined index: tbltracer_id /var/www/html/Thinkreport/Qed/Runtime/Cache/Admin/c4798470568d6d146c0eb1a867ed55ab.php 第 142 行.
NOTIC: [8] Undefined index: tbltracer_id /var/www/html/Thinkreport/Qed/Runtime/Cache/Admin/c4798470568d6d146c0eb1a867ed55ab.php 第 142 行.
NOTIC: [8] Undefined index: tbltracer_id /var/www/html/Thinkreport/Qed/Runtime/Cache/Admin/c4798470568d6d146c0eb1a867ed55ab.php 第 142 行.
NOTIC: [8] Undefined index: tbltracer_id /var/www/html/Thinkreport/Qed/Runtime/Cache/Admin/c4798470568d6d146c0eb1a867ed55ab.php 第 142 行.
NOTIC: [8] Undefined index: tbltracer_id /var/www/html/Thinkreport/Qed/Runtime/Cache/Admin/c4798470568d6d146c0eb1a867ed55ab.php 第 142 行.
NOTIC: [8] Undefined index: tbltracer_id /var/www/html/Thinkreport/Qed/Runtime/Cache/Admin/c4798470568d6d146c0eb1a867ed55ab.php 第 142 行.
NOTIC: [8] Undefined index: tbltracer_id /var/www/html/Thinkreport/Qed/Runtime/Cache/Admin/c4798470568d6d146c0eb1a867ed55ab.php 第 142 行.
NOTIC: [8] Undefined variable: page /var/www/html/Thinkreport/Qed/Runtime/Cache/Admin/c4798470568d6d146c0eb1a867ed55ab.php 第 145 行.
INFO: Run Behavior\ParseTemplateBehavior [ RunTime:0.002619s ]
INFO: [ view_parse ] --END-- [ RunTime:0.002636s ]
INFO: [ view_filter ] --START--
INFO: Run Behavior\WriteHtmlCacheBehavior [ RunTime:0.000016s ]
INFO: [ view_filter ] --END-- [ RunTime:0.000026s ]
INFO: [ app_end ] --START--
INFO: Run Behavior\ShowPageTraceBehavior [ RunTime:0.000017s ]
INFO: [ app_end ] --END-- [ RunTime:0.000032s ]

[ 2017-04-19T09:53:44+08:00 ] ::1 /Admin/Custom/editCustom/menuname/%E6%B7%BB%E5%8A%A0%E8%87%AA%E5%AE%9A%E4%B9%89%E5%AD%97%E6%AE%B5.html
INFO: [ app_init ] --START--
INFO: Run Behavior\BuildLiteBehavior [ RunTime:0.000014s ]
INFO: [ app_init ] --END-- [ RunTime:0.000102s ]
INFO: [ app_begin ] --START--
INFO: Run Behavior\ReadHtmlCacheBehavior [ RunTime:0.000049s ]
INFO: [ app_begin ] --END-- [ RunTime:0.000092s ]
SQL: SHOW COLUMNS FROM `tblcustom` [ RunTime:0.0007s ]
INFO: [ view_parse ] --START--
INFO: [ template_filter ] --START--
INFO: Run Behavior\ContentReplaceBehavior [ RunTime:0.000054s ]
INFO: [ template_filter ] --END-- [ RunTime:0.000078s ]
NOTIC: [8] Undefined variable: menuname /var/www/html/Thinkreport/Qed/Runtime/Cache/Admin/74a3cf570d93090916293ce0ea9ee4c3.php 第 112 行.
NOTIC: [8] Undefined variable: vol /var/www/html/Thinkreport/Qed/Runtime/Cache/Admin/74a3cf570d93090916293ce0ea9ee4c3.php 第 118 行.
NOTIC: [8] Undefined variable: vol /var/www/html/Thinkreport/Qed/Runtime/Cache/Admin/74a3cf570d93090916293ce0ea9ee4c3.php 第 122 行.
INFO: Run Behavior\ParseTemplateBehavior [ RunTime:0.004371s ]
INFO: [ view_parse ] --END-- [ RunTime:0.004390s ]
INFO: [ view_filter ] --START--
INFO: Run Behavior\WriteHtmlCacheBehavior [ RunTime:0.000018s ]
INFO: [ view_filter ] --END-- [ RunTime:0.000024s ]
INFO: [ app_end ] --START--
INFO: Run Behavior\ShowPageTraceBehavior [ RunTime:0.000012s ]
INFO: [ app_end ] --END-- [ RunTime:0.000018s ]

[ 2017-04-19T09:54:11+08:00 ] ::1 /Admin/Custom/customlist
INFO: [ app_init ] --START--
INFO: Run Behavior\BuildLiteBehavior [ RunTime:0.000010s ]
INFO: [ app_init ] --END-- [ RunTime:0.000073s ]
INFO: [ app_begin ] --START--
INFO: Run Behavior\ReadHtmlCacheBehavior [ RunTime:0.000030s ]
INFO: [ app_begin ] --END-- [ RunTime:0.000056s ]
SQL: SHOW COLUMNS FROM `tblcustom` [ RunTime:0.0007s ]
SQL: SELECT COUNT(*) AS tp_count FROM `tblcustom` LIMIT 1   [ RunTime:0.0004s ]
SQL: SELECT * FROM `tblcustom` ORDER BY tblcustom_ID DESC LIMIT 0,10   [ RunTime:0.0004s ]
INFO: [ view_parse ] --START--
INFO: [ template_filter ] --START--
INFO: Run Behavior\ContentReplaceBehavior [ RunTime:0.000066s ]
INFO: [ template_filter ] --END-- [ RunTime:0.000091s ]
NOTIC: [8] Undefined index: tbltracer_tracer /var/www/html/Thinkreport/Qed/Runtime/Cache/Admin/c4798470568d6d146c0eb1a867ed55ab.php 第 124 行.
NOTIC: [8] Undefined index: tbltracer_id /var/www/html/Thinkreport/Qed/Runtime/Cache/Admin/c4798470568d6d146c0eb1a867ed55ab.php 第 142 行.
NOTIC: [8] Undefined index: tbltracer_id /var/www/html/Thinkreport/Qed/Runtime/Cache/Admin/c4798470568d6d146c0eb1a867ed55ab.php 第 142 行.
NOTIC: [8] Undefined index: tbltracer_id /var/www/html/Thinkreport/Qed/Runtime/Cache/Admin/c4798470568d6d146c0eb1a867ed55ab.php 第 142 行.
NOTIC: [8] Undefined index: tbltracer_id /var/www/html/Thinkreport/Qed/Runtime/Cache/Admin/c4798470568d6d146c0eb1a867ed55ab.php 第 142 行.
NOTIC: [8] Undefined index: tbltracer_id /var/www/html/Thinkreport/Qed/Runtime/Cache/Admin/c4798470568d6d146c0eb1a867ed55ab.php 第 142 行.
NOTIC: [8] Undefined index: tbltracer_id /var/www/html/Thinkreport/Qed/Runtime/Cache/Admin/c4798470568d6d146c0eb1a867ed55ab.php 第 142 行.
NOTIC: [8] Undefined index: tbltracer_id /var/www/html/Thinkreport/Qed/Runtime/Cache/Admin/c4798470568d6d146c0eb1a867ed55ab.php 第 142 行.
NOTIC: [8] Undefined index: tbltracer_id /var/www/html/Thinkreport/Qed/Runtime/Cache/Admin/c4798470568d6d146c0eb1a867ed55ab.php 第 142 行.
NOTIC: [8] Undefined variable: page /var/www/html/Thinkreport/Qed/Runtime/Cache/Admin/c4798470568d6d146c0eb1a867ed55ab.php 第 145 行.
INFO: Run Behavior\ParseTemplateBehavior [ RunTime:0.003216s ]
INFO: [ view_parse ] --END-- [ RunTime:0.003252s ]
INFO: [ view_filter ] --START--
INFO: Run Behavior\WriteHtmlCacheBehavior [ RunTime:0.000068s ]
INFO: [ view_filter ] --END-- [ RunTime:0.000080s ]
INFO: [ app_end ] --START--
INFO: Run Behavior\ShowPageTraceBehavior [ RunTime:0.000055s ]
INFO: [ app_end ] --END-- [ RunTime:0.000082s ]

[ 2017-04-19T09:54:13+08:00 ] ::1 /Admin/Custom/customlist
INFO: [ app_init ] --START--
INFO: Run Behavior\BuildLiteBehavior [ RunTime:0.000004s ]
INFO: [ app_init ] --END-- [ RunTime:0.000029s ]
INFO: [ app_begin ] --START--
INFO: Run Behavior\ReadHtmlCacheBehavior [ RunTime:0.000011s ]
INFO: [ app_begin ] --END-- [ RunTime:0.000022s ]
SQL: SHOW COLUMNS FROM `tblcustom` [ RunTime:0.0003s ]
SQL: SELECT COUNT(*) AS tp_count FROM `tblcustom` LIMIT 1   [ RunTime:0.0002s ]
SQL: SELECT * FROM `tblcustom` ORDER BY tblcustom_ID DESC LIMIT 0,10   [ RunTime:0.0002s ]
INFO: [ view_parse ] --START--
INFO: [ template_filter ] --START--
INFO: Run Behavior\ContentReplaceBehavior [ RunTime:0.000074s ]
INFO: [ template_filter ] --END-- [ RunTime:0.000091s ]
NOTIC: [8] Undefined index: tbltracer_tracer /var/www/html/Thinkreport/Qed/Runtime/Cache/Admin/c4798470568d6d146c0eb1a867ed55ab.php 第 124 行.
NOTIC: [8] Undefined index: tbltracer_id /var/www/html/Thinkreport/Qed/Runtime/Cache/Admin/c4798470568d6d146c0eb1a867ed55ab.php 第 142 行.
NOTIC: [8] Undefined index: tbltracer_id /var/www/html/Thinkreport/Qed/Runtime/Cache/Admin/c4798470568d6d146c0eb1a867ed55ab.php 第 142 行.
NOTIC: [8] Undefined index: tbltracer_id /var/www/html/Thinkreport/Qed/Runtime/Cache/Admin/c4798470568d6d146c0eb1a867ed55ab.php 第 142 行.
NOTIC: [8] Undefined index: tbltracer_id /var/www/html/Thinkreport/Qed/Runtime/Cache/Admin/c4798470568d6d146c0eb1a867ed55ab.php 第 142 行.
NOTIC: [8] Undefined index: tbltracer_id /var/www/html/Thinkreport/Qed/Runtime/Cache/Admin/c4798470568d6d146c0eb1a867ed55ab.php 第 142 行.
NOTIC: [8] Undefined index: tbltracer_id /var/www/html/Thinkreport/Qed/Runtime/Cache/Admin/c4798470568d6d146c0eb1a867ed55ab.php 第 142 行.
NOTIC: [8] Undefined index: tbltracer_id /var/www/html/Thinkreport/Qed/Runtime/Cache/Admin/c4798470568d6d146c0eb1a867ed55ab.php 第 142 行.
NOTIC: [8] Undefined index: tbltracer_id /var/www/html/Thinkreport/Qed/Runtime/Cache/Admin/c4798470568d6d146c0eb1a867ed55ab.php 第 142 行.
NOTIC: [8] Undefined variable: page /var/www/html/Thinkreport/Qed/Runtime/Cache/Admin/c4798470568d6d146c0eb1a867ed55ab.php 第 145 行.
INFO: Run Behavior\ParseTemplateBehavior [ RunTime:0.002195s ]
INFO: [ view_parse ] --END-- [ RunTime:0.002208s ]
INFO: [ view_filter ] --START--
INFO: Run Behavior\WriteHtmlCacheBehavior [ RunTime:0.000013s ]
INFO: [ view_filter ] --END-- [ RunTime:0.000019s ]
INFO: [ app_end ] --START--
INFO: Run Behavior\ShowPageTraceBehavior [ RunTime:0.000010s ]
INFO: [ app_end ] --END-- [ RunTime:0.000019s ]

[ 2017-04-19T09:54:15+08:00 ] ::1 /Admin/Custom/editCustom/menuname/%E6%B7%BB%E5%8A%A0%E8%87%AA%E5%AE%9A%E4%B9%89%E5%AD%97%E6%AE%B5.html
INFO: [ app_init ] --START--
INFO: Run Behavior\BuildLiteBehavior [ RunTime:0.000008s ]
INFO: [ app_init ] --END-- [ RunTime:0.000062s ]
INFO: [ app_begin ] --START--
INFO: Run Behavior\ReadHtmlCacheBehavior [ RunTime:0.000029s ]
INFO: [ app_begin ] --END-- [ RunTime:0.000054s ]
SQL: SHOW COLUMNS FROM `tblcustom` [ RunTime:0.0004s ]
INFO: [ view_parse ] --START--
INFO: [ template_filter ] --START--
INFO: Run Behavior\ContentReplaceBehavior [ RunTime:0.000054s ]
INFO: [ template_filter ] --END-- [ RunTime:0.000074s ]
NOTIC: [8] Undefined variable: menuname /var/www/html/Thinkreport/Qed/Runtime/Cache/Admin/74a3cf570d93090916293ce0ea9ee4c3.php 第 112 行.
NOTIC: [8] Undefined variable: vol /var/www/html/Thinkreport/Qed/Runtime/Cache/Admin/74a3cf570d93090916293ce0ea9ee4c3.php 第 118 行.
NOTIC: [8] Undefined variable: vol /var/www/html/Thinkreport/Qed/Runtime/Cache/Admin/74a3cf570d93090916293ce0ea9ee4c3.php 第 122 行.
INFO: Run Behavior\ParseTemplateBehavior [ RunTime:0.001359s ]
INFO: [ view_parse ] --END-- [ RunTime:0.001377s ]
INFO: [ view_filter ] --START--
INFO: Run Behavior\WriteHtmlCacheBehavior [ RunTime:0.000034s ]
INFO: [ view_filter ] --END-- [ RunTime:0.000046s ]
INFO: [ app_end ] --START--
INFO: Run Behavior\ShowPageTraceBehavior [ RunTime:0.000022s ]
INFO: [ app_end ] --END-- [ RunTime:0.000035s ]

[ 2017-04-19T10:05:00+08:00 ] ::1 /Admin/Custom/customlist
INFO: [ app_init ] --START--
INFO: Run Behavior\BuildLiteBehavior [ RunTime:0.000005s ]
INFO: [ app_init ] --END-- [ RunTime:0.000034s ]
INFO: [ app_begin ] --START--
INFO: Run Behavior\ReadHtmlCacheBehavior [ RunTime:0.000015s ]
INFO: [ app_begin ] --END-- [ RunTime:0.000026s ]
SQL: SHOW COLUMNS FROM `tblcustom` [ RunTime:0.0003s ]
SQL: SELECT COUNT(*) AS tp_count FROM `tblcustom` LIMIT 1   [ RunTime:0.0001s ]
SQL: SELECT * FROM `tblcustom` ORDER BY tblcustom_ID DESC LIMIT 0,10   [ RunTime:0.0001s ]
INFO: [ view_parse ] --START--
INFO: [ template_filter ] --START--
INFO: Run Behavior\ContentReplaceBehavior [ RunTime:0.000064s ]
INFO: [ template_filter ] --END-- [ RunTime:0.000078s ]
NOTIC: [8] Undefined index: tbltracer_tracer /var/www/html/Thinkreport/Qed/Runtime/Cache/Admin/c4798470568d6d146c0eb1a867ed55ab.php 第 124 行.
NOTIC: [8] Undefined index: tbltracer_id /var/www/html/Thinkreport/Qed/Runtime/Cache/Admin/c4798470568d6d146c0eb1a867ed55ab.php 第 142 行.
NOTIC: [8] Undefined index: tbltracer_id /var/www/html/Thinkreport/Qed/Runtime/Cache/Admin/c4798470568d6d146c0eb1a867ed55ab.php 第 142 行.
NOTIC: [8] Undefined index: tbltracer_id /var/www/html/Thinkreport/Qed/Runtime/Cache/Admin/c4798470568d6d146c0eb1a867ed55ab.php 第 142 行.
NOTIC: [8] Undefined index: tbltracer_id /var/www/html/Thinkreport/Qed/Runtime/Cache/Admin/c4798470568d6d146c0eb1a867ed55ab.php 第 142 行.
NOTIC: [8] Undefined index: tbltracer_id /var/www/html/Thinkreport/Qed/Runtime/Cache/Admin/c4798470568d6d146c0eb1a867ed55ab.php 第 142 行.
NOTIC: [8] Undefined index: tbltracer_id /var/www/html/Thinkreport/Qed/Runtime/Cache/Admin/c4798470568d6d146c0eb1a867ed55ab.php 第 142 行.
NOTIC: [8] Undefined index: tbltracer_id /var/www/html/Thinkreport/Qed/Runtime/Cache/Admin/c4798470568d6d146c0eb1a867ed55ab.php 第 142 行.
NOTIC: [8] Undefined index: tbltracer_id /var/www/html/Thinkreport/Qed/Runtime/Cache/Admin/c4798470568d6d146c0eb1a867ed55ab.php 第 142 行.
NOTIC: [8] Undefined variable: page /var/www/html/Thinkreport/Qed/Runtime/Cache/Admin/c4798470568d6d146c0eb1a867ed55ab.php 第 145 行.
INFO: Run Behavior\ParseTemplateBehavior [ RunTime:0.001962s ]
INFO: [ view_parse ] --END-- [ RunTime:0.001977s ]
INFO: [ view_filter ] --START--
INFO: Run Behavior\WriteHtmlCacheBehavior [ RunTime:0.000019s ]
INFO: [ view_filter ] --END-- [ RunTime:0.000027s ]
INFO: [ app_end ] --START--
INFO: Run Behavior\ShowPageTraceBehavior [ RunTime:0.000014s ]
INFO: [ app_end ] --END-- [ RunTime:0.000021s ]

[ 2017-04-19T10:05:42+08:00 ] ::1 /Admin/Custom/customlist
INFO: [ app_init ] --START--
INFO: Run Behavior\BuildLiteBehavior [ RunTime:0.000005s ]
INFO: [ app_init ] --END-- [ RunTime:0.000032s ]
INFO: [ app_begin ] --START--
INFO: Run Behavior\ReadHtmlCacheBehavior [ RunTime:0.000015s ]
INFO: [ app_begin ] --END-- [ RunTime:0.000026s ]
SQL: SHOW COLUMNS FROM `tblcustom` [ RunTime:0.0003s ]
SQL: SELECT COUNT(*) AS tp_count FROM `tblcustom` LIMIT 1   [ RunTime:0.0002s ]
SQL: SELECT * FROM `tblcustom` ORDER BY tblcustom_ID DESC LIMIT 0,10   [ RunTime:0.0002s ]
INFO: [ view_parse ] --START--
INFO: [ template_filter ] --START--
INFO: Run Behavior\ContentReplaceBehavior [ RunTime:0.000078s ]
INFO: [ template_filter ] --END-- [ RunTime:0.000108s ]
NOTIC: [8] Undefined index: tblcustom_name /var/www/html/Thinkreport/Qed/Runtime/Cache/Admin/c4798470568d6d146c0eb1a867ed55ab.php 第 124 行.
NOTIC: [8] Undefined index: tbltracer_id /var/www/html/Thinkreport/Qed/Runtime/Cache/Admin/c4798470568d6d146c0eb1a867ed55ab.php 第 142 行.
NOTIC: [8] Undefined index: tbltracer_id /var/www/html/Thinkreport/Qed/Runtime/Cache/Admin/c4798470568d6d146c0eb1a867ed55ab.php 第 142 行.
NOTIC: [8] Undefined index: tbltracer_id /var/www/html/Thinkreport/Qed/Runtime/Cache/Admin/c4798470568d6d146c0eb1a867ed55ab.php 第 142 行.
NOTIC: [8] Undefined index: tbltracer_id /var/www/html/Thinkreport/Qed/Runtime/Cache/Admin/c4798470568d6d146c0eb1a867ed55ab.php 第 142 行.
NOTIC: [8] Undefined index: tbltracer_id /var/www/html/Thinkreport/Qed/Runtime/Cache/Admin/c4798470568d6d146c0eb1a867ed55ab.php 第 142 行.
NOTIC: [8] Undefined index: tbltracer_id /var/www/html/Thinkreport/Qed/Runtime/Cache/Admin/c4798470568d6d146c0eb1a867ed55ab.php 第 142 行.
NOTIC: [8] Undefined index: tbltracer_id /var/www/html/Thinkreport/Qed/Runtime/Cache/Admin/c4798470568d6d146c0eb1a867ed55ab.php 第 142 行.
NOTIC: [8] Undefined index: tbltracer_id /var/www/html/Thinkreport/Qed/Runtime/Cache/Admin/c4798470568d6d146c0eb1a867ed55ab.php 第 142 行.
NOTIC: [8] Undefined variable: page /var/www/html/Thinkreport/Qed/Runtime/Cache/Admin/c4798470568d6d146c0eb1a867ed55ab.php 第 145 行.
INFO: Run Behavior\ParseTemplateBehavior [ RunTime:0.002993s ]
INFO: [ view_parse ] --END-- [ RunTime:0.003014s ]
INFO: [ view_filter ] --START--
INFO: Run Behavior\WriteHtmlCacheBehavior [ RunTime:0.000034s ]
INFO: [ view_filter ] --END-- [ RunTime:0.000048s ]
INFO: [ app_end ] --START--
INFO: Run Behavior\ShowPageTraceBehavior [ RunTime:0.000022s ]
INFO: [ app_end ] --END-- [ RunTime:0.000037s ]

[ 2017-04-19T10:07:56+08:00 ] ::1 /Admin/Custom/customlist
INFO: [ app_init ] --START--
INFO: Run Behavior\BuildLiteBehavior [ RunTime:0.000006s ]
INFO: [ app_init ] --END-- [ RunTime:0.000042s ]
INFO: [ app_begin ] --START--
INFO: Run Behavior\ReadHtmlCacheBehavior [ RunTime:0.000019s ]
INFO: [ app_begin ] --END-- [ RunTime:0.000033s ]
SQL: SHOW COLUMNS FROM `tblcustom` [ RunTime:0.0003s ]
NOTIC: [8] Undefined index: tblcustom_name /var/www/html/Thinkreport/Qed/Admin/Controller/CustomController.class.php 第 12 行.
SQL: SELECT COUNT(*) AS tp_count FROM `tblcustom` LIMIT 1   [ RunTime:0.0001s ]
SQL: SELECT * FROM `tblcustom` ORDER BY tblcustom_ID DESC LIMIT 0,10   [ RunTime:0.0002s ]
INFO: [ view_parse ] --START--
INFO: [ template_filter ] --START--
INFO: Run Behavior\ContentReplaceBehavior [ RunTime:0.000107s ]
INFO: [ template_filter ] --END-- [ RunTime:0.000126s ]
NOTIC: [8] Undefined index: tblcustom_name /var/www/html/Thinkreport/Qed/Runtime/Cache/Admin/c4798470568d6d146c0eb1a867ed55ab.php 第 124 行.
NOTIC: [8] Undefined index: tbltracer_id /var/www/html/Thinkreport/Qed/Runtime/Cache/Admin/c4798470568d6d146c0eb1a867ed55ab.php 第 142 行.
NOTIC: [8] Undefined index: tbltracer_id /var/www/html/Thinkreport/Qed/Runtime/Cache/Admin/c4798470568d6d146c0eb1a867ed55ab.php 第 142 行.
NOTIC: [8] Undefined index: tbltracer_id /var/www/html/Thinkreport/Qed/Runtime/Cache/Admin/c4798470568d6d146c0eb1a867ed55ab.php 第 142 行.
NOTIC: [8] Undefined index: tbltracer_id /var/www/html/Thinkreport/Qed/Runtime/Cache/Admin/c4798470568d6d146c0eb1a867ed55ab.php 第 142 行.
NOTIC: [8] Undefined index: tbltracer_id /var/www/html/Thinkreport/Qed/Runtime/Cache/Admin/c4798470568d6d146c0eb1a867ed55ab.php 第 142 行.
NOTIC: [8] Undefined index: tbltracer_id /var/www/html/Thinkreport/Qed/Runtime/Cache/Admin/c4798470568d6d146c0eb1a867ed55ab.php 第 142 行.
NOTIC: [8] Undefined index: tbltracer_id /var/www/html/Thinkreport/Qed/Runtime/Cache/Admin/c4798470568d6d146c0eb1a867ed55ab.php 第 142 行.
NOTIC: [8] Undefined index: tbltracer_id /var/www/html/Thinkreport/Qed/Runtime/Cache/Admin/c4798470568d6d146c0eb1a867ed55ab.php 第 142 行.
NOTIC: [8] Undefined variable: page /var/www/html/Thinkreport/Qed/Runtime/Cache/Admin/c4798470568d6d146c0eb1a867ed55ab.php 第 145 行.
INFO: Run Behavior\ParseTemplateBehavior [ RunTime:0.002418s ]
INFO: [ view_parse ] --END-- [ RunTime:0.002435s ]
INFO: [ view_filter ] --START--
INFO: Run Behavior\WriteHtmlCacheBehavior [ RunTime:0.000020s ]
INFO: [ view_filter ] --END-- [ RunTime:0.000029s ]
INFO: [ app_end ] --START--
INFO: Run Behavior\ShowPageTraceBehavior [ RunTime:0.000015s ]
INFO: [ app_end ] --END-- [ RunTime:0.000024s ]

[ 2017-04-19T10:08:00+08:00 ] ::1 /Admin/Custom/customlist?tblcustom_name=7
INFO: [ app_init ] --START--
INFO: Run Behavior\BuildLiteBehavior [ RunTime:0.000006s ]
INFO: [ app_init ] --END-- [ RunTime:0.000045s ]
INFO: [ app_begin ] --START--
INFO: Run Behavior\ReadHtmlCacheBehavior [ RunTime:0.000021s ]
INFO: [ app_begin ] --END-- [ RunTime:0.000036s ]
SQL: SHOW COLUMNS FROM `tblcustom` [ RunTime:0.0003s ]
NOTIC: [8] Undefined index: tblcustom_name /var/www/html/Thinkreport/Qed/Admin/Controller/CustomController.class.php 第 12 行.
SQL: SELECT COUNT(*) AS tp_count FROM `tblcustom` LIMIT 1   [ RunTime:0.0001s ]
SQL: SELECT * FROM `tblcustom` ORDER BY tblcustom_ID DESC LIMIT 0,10   [ RunTime:0.0001s ]
INFO: [ view_parse ] --START--
INFO: [ template_filter ] --START--
INFO: Run Behavior\ContentReplaceBehavior [ RunTime:0.000075s ]
INFO: [ template_filter ] --END-- [ RunTime:0.000102s ]
NOTIC: [8] Undefined index: tbltracer_id /var/www/html/Thinkreport/Qed/Runtime/Cache/Admin/c4798470568d6d146c0eb1a867ed55ab.php 第 142 行.
NOTIC: [8] Undefined index: tbltracer_id /var/www/html/Thinkreport/Qed/Runtime/Cache/Admin/c4798470568d6d146c0eb1a867ed55ab.php 第 142 行.
NOTIC: [8] Undefined index: tbltracer_id /var/www/html/Thinkreport/Qed/Runtime/Cache/Admin/c4798470568d6d146c0eb1a867ed55ab.php 第 142 行.
NOTIC: [8] Undefined index: tbltracer_id /var/www/html/Thinkreport/Qed/Runtime/Cache/Admin/c4798470568d6d146c0eb1a867ed55ab.php 第 142 行.
NOTIC: [8] Undefined index: tbltracer_id /var/www/html/Thinkreport/Qed/Runtime/Cache/Admin/c4798470568d6d146c0eb1a867ed55ab.php 第 142 行.
NOTIC: [8] Undefined index: tbltracer_id /var/www/html/Thinkreport/Qed/Runtime/Cache/Admin/c4798470568d6d146c0eb1a867ed55ab.php 第 142 行.
NOTIC: [8] Undefined index: tbltracer_id /var/www/html/Thinkreport/Qed/Runtime/Cache/Admin/c4798470568d6d146c0eb1a867ed55ab.php 第 142 行.
NOTIC: [8] Undefined index: tbltracer_id /var/www/html/Thinkreport/Qed/Runtime/Cache/Admin/c4798470568d6d146c0eb1a867ed55ab.php 第 142 行.
NOTIC: [8] Undefined variable: page /var/www/html/Thinkreport/Qed/Runtime/Cache/Admin/c4798470568d6d146c0eb1a867ed55ab.php 第 145 行.
INFO: Run Behavior\ParseTemplateBehavior [ RunTime:0.002433s ]
INFO: [ view_parse ] --END-- [ RunTime:0.002452s ]
INFO: [ view_filter ] --START--
INFO: Run Behavior\WriteHtmlCacheBehavior [ RunTime:0.000029s ]
INFO: [ view_filter ] --END-- [ RunTime:0.000040s ]
INFO: [ app_end ] --START--
INFO: Run Behavior\ShowPageTraceBehavior [ RunTime:0.000025s ]
INFO: [ app_end ] --END-- [ RunTime:0.000042s ]

[ 2017-04-19T10:08:32+08:00 ] ::1 /Admin/Custom/customlist?tblcustom_name=7
INFO: [ app_init ] --START--
INFO: Run Behavior\BuildLiteBehavior [ RunTime:0.000008s ]
INFO: [ app_init ] --END-- [ RunTime:0.000057s ]
INFO: [ app_begin ] --START--
INFO: Run Behavior\ReadHtmlCacheBehavior [ RunTime:0.000024s ]
INFO: [ app_begin ] --END-- [ RunTime:0.000045s ]
SQL: SHOW COLUMNS FROM `tblcustom` [ RunTime:0.0004s ]
NOTIC: [8] Undefined index: tblcustom_name /var/www/html/Thinkreport/Qed/Admin/Controller/CustomController.class.php 第 12 行.
SQL: SELECT COUNT(*) AS tp_count FROM `tblcustom` LIMIT 1   [ RunTime:0.0001s ]
SQL: SELECT * FROM `tblcustom` ORDER BY tblcustom_ID DESC LIMIT 0,10   [ RunTime:0.0001s ]
INFO: [ view_parse ] --START--
INFO: [ template_filter ] --START--
INFO: Run Behavior\ContentReplaceBehavior [ RunTime:0.000076s ]
INFO: [ template_filter ] --END-- [ RunTime:0.000098s ]
NOTIC: [8] Undefined index: tbltracer_id /var/www/html/Thinkreport/Qed/Runtime/Cache/Admin/c4798470568d6d146c0eb1a867ed55ab.php 第 142 行.
NOTIC: [8] Undefined index: tbltracer_id /var/www/html/Thinkreport/Qed/Runtime/Cache/Admin/c4798470568d6d146c0eb1a867ed55ab.php 第 142 行.
NOTIC: [8] Undefined index: tbltracer_id /var/www/html/Thinkreport/Qed/Runtime/Cache/Admin/c4798470568d6d146c0eb1a867ed55ab.php 第 142 行.
NOTIC: [8] Undefined index: tbltracer_id /var/www/html/Thinkreport/Qed/Runtime/Cache/Admin/c4798470568d6d146c0eb1a867ed55ab.php 第 142 行.
NOTIC: [8] Undefined index: tbltracer_id /var/www/html/Thinkreport/Qed/Runtime/Cache/Admin/c4798470568d6d146c0eb1a867ed55ab.php 第 142 行.
NOTIC: [8] Undefined index: tbltracer_id /var/www/html/Thinkreport/Qed/Runtime/Cache/Admin/c4798470568d6d146c0eb1a867ed55ab.php 第 142 行.
NOTIC: [8] Undefined index: tbltracer_id /var/www/html/Thinkreport/Qed/Runtime/Cache/Admin/c4798470568d6d146c0eb1a867ed55ab.php 第 142 行.
NOTIC: [8] Undefined index: tbltracer_id /var/www/html/Thinkreport/Qed/Runtime/Cache/Admin/c4798470568d6d146c0eb1a867ed55ab.php 第 142 行.
NOTIC: [8] Undefined variable: page /var/www/html/Thinkreport/Qed/Runtime/Cache/Admin/c4798470568d6d146c0eb1a867ed55ab.php 第 145 行.
INFO: Run Behavior\ParseTemplateBehavior [ RunTime:0.002712s ]
INFO: [ view_parse ] --END-- [ RunTime:0.002726s ]
INFO: [ view_filter ] --START--
INFO: Run Behavior\WriteHtmlCacheBehavior [ RunTime:0.000020s ]
INFO: [ view_filter ] --END-- [ RunTime:0.000029s ]
INFO: [ app_end ] --START--
INFO: Run Behavior\ShowPageTraceBehavior [ RunTime:0.000016s ]
INFO: [ app_end ] --END-- [ RunTime:0.000024s ]

[ 2017-04-19T10:08:33+08:00 ] ::1 /Admin/Custom/customlist?tblcustom_name=7
INFO: [ app_init ] --START--
INFO: Run Behavior\BuildLiteBehavior [ RunTime:0.000005s ]
INFO: [ app_init ] --END-- [ RunTime:0.000030s ]
INFO: [ app_begin ] --START--
INFO: Run Behavior\ReadHtmlCacheBehavior [ RunTime:0.000018s ]
INFO: [ app_begin ] --END-- [ RunTime:0.000035s ]
SQL: SHOW COLUMNS FROM `tblcustom` [ RunTime:0.0003s ]
NOTIC: [8] Undefined index: tblcustom_name /var/www/html/Thinkreport/Qed/Admin/Controller/CustomController.class.php 第 12 行.
SQL: SELECT COUNT(*) AS tp_count FROM `tblcustom` LIMIT 1   [ RunTime:0.0001s ]
SQL: SELECT * FROM `tblcustom` ORDER BY tblcustom_ID DESC LIMIT 0,10   [ RunTime:0.0001s ]
INFO: [ view_parse ] --START--
INFO: [ template_filter ] --START--
INFO: Run Behavior\ContentReplaceBehavior [ RunTime:0.000065s ]
INFO: [ template_filter ] --END-- [ RunTime:0.000088s ]
NOTIC: [8] Undefined index: tbltracer_id /var/www/html/Thinkreport/Qed/Runtime/Cache/Admin/c4798470568d6d146c0eb1a867ed55ab.php 第 142 行.
NOTIC: [8] Undefined index: tbltracer_id /var/www/html/Thinkreport/Qed/Runtime/Cache/Admin/c4798470568d6d146c0eb1a867ed55ab.php 第 142 行.
NOTIC: [8] Undefined index: tbltracer_id /var/www/html/Thinkreport/Qed/Runtime/Cache/Admin/c4798470568d6d146c0eb1a867ed55ab.php 第 142 行.
NOTIC: [8] Undefined index: tbltracer_id /var/www/html/Thinkreport/Qed/Runtime/Cache/Admin/c4798470568d6d146c0eb1a867ed55ab.php 第 142 行.
NOTIC: [8] Undefined index: tbltracer_id /var/www/html/Thinkreport/Qed/Runtime/Cache/Admin/c4798470568d6d146c0eb1a867ed55ab.php 第 142 行.
NOTIC: [8] Undefined index: tbltracer_id /var/www/html/Thinkreport/Qed/Runtime/Cache/Admin/c4798470568d6d146c0eb1a867ed55ab.php 第 142 行.
NOTIC: [8] Undefined index: tbltracer_id /var/www/html/Thinkreport/Qed/Runtime/Cache/Admin/c4798470568d6d146c0eb1a867ed55ab.php 第 142 行.
NOTIC: [8] Undefined index: tbltracer_id /var/www/html/Thinkreport/Qed/Runtime/Cache/Admin/c4798470568d6d146c0eb1a867ed55ab.php 第 142 行.
NOTIC: [8] Undefined variable: page /var/www/html/Thinkreport/Qed/Runtime/Cache/Admin/c4798470568d6d146c0eb1a867ed55ab.php 第 145 行.
INFO: Run Behavior\ParseTemplateBehavior [ RunTime:0.002088s ]
INFO: [ view_parse ] --END-- [ RunTime:0.002117s ]
INFO: [ view_filter ] --START--
INFO: Run Behavior\WriteHtmlCacheBehavior [ RunTime:0.000067s ]
INFO: [ view_filter ] --END-- [ RunTime:0.000088s ]
INFO: [ app_end ] --START--
INFO: Run Behavior\ShowPageTraceBehavior [ RunTime:0.000031s ]
INFO: [ app_end ] --END-- [ RunTime:0.000050s ]

[ 2017-04-19T10:08:34+08:00 ] ::1 /Admin/Custom/customlist?tblcustom_name=7
INFO: [ app_init ] --START--
INFO: Run Behavior\BuildLiteBehavior [ RunTime:0.000004s ]
INFO: [ app_init ] --END-- [ RunTime:0.000033s ]
INFO: [ app_begin ] --START--
INFO: Run Behavior\ReadHtmlCacheBehavior [ RunTime:0.000012s ]
INFO: [ app_begin ] --END-- [ RunTime:0.000024s ]
SQL: SHOW COLUMNS FROM `tblcustom` [ RunTime:0.0004s ]
NOTIC: [8] Undefined index: tblcustom_name /var/www/html/Thinkreport/Qed/Admin/Controller/CustomController.class.php 第 12 行.
SQL: SELECT COUNT(*) AS tp_count FROM `tblcustom` LIMIT 1   [ RunTime:0.0001s ]
SQL: SELECT * FROM `tblcustom` ORDER BY tblcustom_ID DESC LIMIT 0,10   [ RunTime:0.0002s ]
INFO: [ view_parse ] --START--
INFO: [ template_filter ] --START--
INFO: Run Behavior\ContentReplaceBehavior [ RunTime:0.000112s ]
INFO: [ template_filter ] --END-- [ RunTime:0.000190s ]
NOTIC: [8] Undefined index: tbltracer_id /var/www/html/Thinkreport/Qed/Runtime/Cache/Admin/c4798470568d6d146c0eb1a867ed55ab.php 第 142 行.
NOTIC: [8] Undefined index: tbltracer_id /var/www/html/Thinkreport/Qed/Runtime/Cache/Admin/c4798470568d6d146c0eb1a867ed55ab.php 第 142 行.
NOTIC: [8] Undefined index: tbltracer_id /var/www/html/Thinkreport/Qed/Runtime/Cache/Admin/c4798470568d6d146c0eb1a867ed55ab.php 第 142 行.
NOTIC: [8] Undefined index: tbltracer_id /var/www/html/Thinkreport/Qed/Runtime/Cache/Admin/c4798470568d6d146c0eb1a867ed55ab.php 第 142 行.
NOTIC: [8] Undefined index: tbltracer_id /var/www/html/Thinkreport/Qed/Runtime/Cache/Admin/c4798470568d6d146c0eb1a867ed55ab.php 第 142 行.
NOTIC: [8] Undefined index: tbltracer_id /var/www/html/Thinkreport/Qed/Runtime/Cache/Admin/c4798470568d6d146c0eb1a867ed55ab.php 第 142 行.
NOTIC: [8] Undefined index: tbltracer_id /var/www/html/Thinkreport/Qed/Runtime/Cache/Admin/c4798470568d6d146c0eb1a867ed55ab.php 第 142 行.
NOTIC: [8] Undefined index: tbltracer_id /var/www/html/Thinkreport/Qed/Runtime/Cache/Admin/c4798470568d6d146c0eb1a867ed55ab.php 第 142 行.
NOTIC: [8] Undefined variable: page /var/www/html/Thinkreport/Qed/Runtime/Cache/Admin/c4798470568d6d146c0eb1a867ed55ab.php 第 145 行.
INFO: Run Behavior\ParseTemplateBehavior [ RunTime:0.003037s ]
INFO: [ view_parse ] --END-- [ RunTime:0.003057s ]
INFO: [ view_filter ] --START--
INFO: Run Behavior\WriteHtmlCacheBehavior [ RunTime:0.000028s ]
INFO: [ view_filter ] --END-- [ RunTime:0.000036s ]
INFO: [ app_end ] --START--
INFO: Run Behavior\ShowPageTraceBehavior [ RunTime:0.000015s ]
INFO: [ app_end ] --END-- [ RunTime:0.000023s ]

[ 2017-04-19T10:09:49+08:00 ] ::1 /Admin/Custom/customlist?tblcustom_name=7
INFO: [ app_init ] --START--
INFO: Run Behavior\BuildLiteBehavior [ RunTime:0.000005s ]
INFO: [ app_init ] --END-- [ RunTime:0.000034s ]
INFO: [ app_begin ] --START--
INFO: Run Behavior\ReadHtmlCacheBehavior [ RunTime:0.000012s ]
INFO: [ app_begin ] --END-- [ RunTime:0.000024s ]
SQL: SHOW COLUMNS FROM `tblcustom` [ RunTime:0.0003s ]
NOTIC: [8] Undefined index: tblcustom_name /var/www/html/Thinkreport/Qed/Admin/Controller/CustomController.class.php 第 12 行.
SQL: SELECT COUNT(*) AS tp_count FROM `tblcustom` LIMIT 1   [ RunTime:0.0002s ]
SQL: SELECT * FROM `tblcustom` ORDER BY tblcustom_ID DESC LIMIT 0,10   [ RunTime:0.0002s ]
INFO: [ view_parse ] --START--
INFO: [ template_filter ] --START--
INFO: Run Behavior\ContentReplaceBehavior [ RunTime:0.000078s ]
INFO: [ template_filter ] --END-- [ RunTime:0.000101s ]
NOTIC: [8] Undefined index: tbltracer_id /var/www/html/Thinkreport/Qed/Runtime/Cache/Admin/c4798470568d6d146c0eb1a867ed55ab.php 第 142 行.
NOTIC: [8] Undefined index: tbltracer_id /var/www/html/Thinkreport/Qed/Runtime/Cache/Admin/c4798470568d6d146c0eb1a867ed55ab.php 第 142 行.
NOTIC: [8] Undefined index: tbltracer_id /var/www/html/Thinkreport/Qed/Runtime/Cache/Admin/c4798470568d6d146c0eb1a867ed55ab.php 第 142 行.
NOTIC: [8] Undefined index: tbltracer_id /var/www/html/Thinkreport/Qed/Runtime/Cache/Admin/c4798470568d6d146c0eb1a867ed55ab.php 第 142 行.
NOTIC: [8] Undefined index: tbltracer_id /var/www/html/Thinkreport/Qed/Runtime/Cache/Admin/c4798470568d6d146c0eb1a867ed55ab.php 第 142 行.
NOTIC: [8] Undefined index: tbltracer_id /var/www/html/Thinkreport/Qed/Runtime/Cache/Admin/c4798470568d6d146c0eb1a867ed55ab.php 第 142 行.
NOTIC: [8] Undefined index: tbltracer_id /var/www/html/Thinkreport/Qed/Runtime/Cache/Admin/c4798470568d6d146c0eb1a867ed55ab.php 第 142 行.
NOTIC: [8] Undefined index: tbltracer_id /var/www/html/Thinkreport/Qed/Runtime/Cache/Admin/c4798470568d6d146c0eb1a867ed55ab.php 第 142 行.
NOTIC: [8] Undefined variable: page /var/www/html/Thinkreport/Qed/Runtime/Cache/Admin/c4798470568d6d146c0eb1a867ed55ab.php 第 145 行.
INFO: Run Behavior\ParseTemplateBehavior [ RunTime:0.002621s ]
INFO: [ view_parse ] --END-- [ RunTime:0.002637s ]
INFO: [ view_filter ] --START--
INFO: Run Behavior\WriteHtmlCacheBehavior [ RunTime:0.000024s ]
INFO: [ view_filter ] --END-- [ RunTime:0.000032s ]
INFO: [ app_end ] --START--
INFO: Run Behavior\ShowPageTraceBehavior [ RunTime:0.000023s ]
INFO: [ app_end ] --END-- [ RunTime:0.000036s ]

[ 2017-04-19T10:09:50+08:00 ] ::1 /Admin/Custom/customlist?tblcustom_name=7
INFO: [ app_init ] --START--
INFO: Run Behavior\BuildLiteBehavior [ RunTime:0.000013s ]
INFO: [ app_init ] --END-- [ RunTime:0.000084s ]
INFO: [ app_begin ] --START--
INFO: Run Behavior\ReadHtmlCacheBehavior [ RunTime:0.000023s ]
INFO: [ app_begin ] --END-- [ RunTime:0.000046s ]
SQL: SHOW COLUMNS FROM `tblcustom` [ RunTime:0.0006s ]
NOTIC: [8] Undefined index: tblcustom_name /var/www/html/Thinkreport/Qed/Admin/Controller/CustomController.class.php 第 12 行.
SQL: SELECT COUNT(*) AS tp_count FROM `tblcustom` LIMIT 1   [ RunTime:0.0003s ]
SQL: SELECT * FROM `tblcustom` ORDER BY tblcustom_ID DESC LIMIT 0,10   [ RunTime:0.0002s ]
INFO: [ view_parse ] --START--
INFO: [ template_filter ] --START--
INFO: Run Behavior\ContentReplaceBehavior [ RunTime:0.000079s ]
INFO: [ template_filter ] --END-- [ RunTime:0.000104s ]
NOTIC: [8] Undefined index: tbltracer_id /var/www/html/Thinkreport/Qed/Runtime/Cache/Admin/c4798470568d6d146c0eb1a867ed55ab.php 第 142 行.
NOTIC: [8] Undefined index: tbltracer_id /var/www/html/Thinkreport/Qed/Runtime/Cache/Admin/c4798470568d6d146c0eb1a867ed55ab.php 第 142 行.
NOTIC: [8] Undefined index: tbltracer_id /var/www/html/Thinkreport/Qed/Runtime/Cache/Admin/c4798470568d6d146c0eb1a867ed55ab.php 第 142 行.
NOTIC: [8] Undefined index: tbltracer_id /var/www/html/Thinkreport/Qed/Runtime/Cache/Admin/c4798470568d6d146c0eb1a867ed55ab.php 第 142 行.
NOTIC: [8] Undefined index: tbltracer_id /var/www/html/Thinkreport/Qed/Runtime/Cache/Admin/c4798470568d6d146c0eb1a867ed55ab.php 第 142 行.
NOTIC: [8] Undefined index: tbltracer_id /var/www/html/Thinkreport/Qed/Runtime/Cache/Admin/c4798470568d6d146c0eb1a867ed55ab.php 第 142 行.
NOTIC: [8] Undefined index: tbltracer_id /var/www/html/Thinkreport/Qed/Runtime/Cache/Admin/c4798470568d6d146c0eb1a867ed55ab.php 第 142 行.
NOTIC: [8] Undefined index: tbltracer_id /var/www/html/Thinkreport/Qed/Runtime/Cache/Admin/c4798470568d6d146c0eb1a867ed55ab.php 第 142 行.
NOTIC: [8] Undefined variable: page /var/www/html/Thinkreport/Qed/Runtime/Cache/Admin/c4798470568d6d146c0eb1a867ed55ab.php 第 145 行.
INFO: Run Behavior\ParseTemplateBehavior [ RunTime:0.002527s ]
INFO: [ view_parse ] --END-- [ RunTime:0.002553s ]
INFO: [ view_filter ] --START--
INFO: Run Behavior\WriteHtmlCacheBehavior [ RunTime:0.000041s ]
INFO: [ view_filter ] --END-- [ RunTime:0.000053s ]
INFO: [ app_end ] --START--
INFO: Run Behavior\ShowPageTraceBehavior [ RunTime:0.000022s ]
INFO: [ app_end ] --END-- [ RunTime:0.000036s ]

[ 2017-04-19T10:09:51+08:00 ] ::1 /Admin/Custom/customlist?tblcustom_name=7
INFO: [ app_init ] --START--
INFO: Run Behavior\BuildLiteBehavior [ RunTime:0.000006s ]
INFO: [ app_init ] --END-- [ RunTime:0.000052s ]
INFO: [ app_begin ] --START--
INFO: Run Behavior\ReadHtmlCacheBehavior [ RunTime:0.000017s ]
INFO: [ app_begin ] --END-- [ RunTime:0.000034s ]
SQL: SHOW COLUMNS FROM `tblcustom` [ RunTime:0.0004s ]
NOTIC: [8] Undefined index: tblcustom_name /var/www/html/Thinkreport/Qed/Admin/Controller/CustomController.class.php 第 12 行.
SQL: SELECT COUNT(*) AS tp_count FROM `tblcustom` LIMIT 1   [ RunTime:0.0004s ]
SQL: SELECT * FROM `tblcustom` ORDER BY tblcustom_ID DESC LIMIT 0,10   [ RunTime:0.0004s ]
INFO: [ view_parse ] --START--
INFO: [ template_filter ] --START--
INFO: Run Behavior\ContentReplaceBehavior [ RunTime:0.000083s ]
INFO: [ template_filter ] --END-- [ RunTime:0.000112s ]
NOTIC: [8] Undefined index: tbltracer_id /var/www/html/Thinkreport/Qed/Runtime/Cache/Admin/c4798470568d6d146c0eb1a867ed55ab.php 第 142 行.
NOTIC: [8] Undefined index: tbltracer_id /var/www/html/Thinkreport/Qed/Runtime/Cache/Admin/c4798470568d6d146c0eb1a867ed55ab.php 第 142 行.
NOTIC: [8] Undefined index: tbltracer_id /var/www/html/Thinkreport/Qed/Runtime/Cache/Admin/c4798470568d6d146c0eb1a867ed55ab.php 第 142 行.
NOTIC: [8] Undefined index: tbltracer_id /var/www/html/Thinkreport/Qed/Runtime/Cache/Admin/c4798470568d6d146c0eb1a867ed55ab.php 第 142 行.
NOTIC: [8] Undefined index: tbltracer_id /var/www/html/Thinkreport/Qed/Runtime/Cache/Admin/c4798470568d6d146c0eb1a867ed55ab.php 第 142 行.
NOTIC: [8] Undefined index: tbltracer_id /var/www/html/Thinkreport/Qed/Runtime/Cache/Admin/c4798470568d6d146c0eb1a867ed55ab.php 第 142 行.
NOTIC: [8] Undefined index: tbltracer_id /var/www/html/Thinkreport/Qed/Runtime/Cache/Admin/c4798470568d6d146c0eb1a867ed55ab.php 第 142 行.
NOTIC: [8] Undefined index: tbltracer_id /var/www/html/Thinkreport/Qed/Runtime/Cache/Admin/c4798470568d6d146c0eb1a867ed55ab.php 第 142 行.
NOTIC: [8] Undefined variable: page /var/www/html/Thinkreport/Qed/Runtime/Cache/Admin/c4798470568d6d146c0eb1a867ed55ab.php 第 145 行.
INFO: Run Behavior\ParseTemplateBehavior [ RunTime:0.003089s ]
INFO: [ view_parse ] --END-- [ RunTime:0.003108s ]
INFO: [ view_filter ] --START--
INFO: Run Behavior\WriteHtmlCacheBehavior [ RunTime:0.000018s ]
INFO: [ view_filter ] --END-- [ RunTime:0.000026s ]
INFO: [ app_end ] --START--
INFO: Run Behavior\ShowPageTraceBehavior [ RunTime:0.000017s ]
INFO: [ app_end ] --END-- [ RunTime:0.000029s ]

[ 2017-04-19T10:10:40+08:00 ] ::1 /Admin/Custom/customlist?tblcustom_name=7
INFO: [ app_init ] --START--
INFO: Run Behavior\BuildLiteBehavior [ RunTime:0.000005s ]
INFO: [ app_init ] --END-- [ RunTime:0.000034s ]
INFO: [ app_begin ] --START--
INFO: Run Behavior\ReadHtmlCacheBehavior [ RunTime:0.000015s ]
INFO: [ app_begin ] --END-- [ RunTime:0.000026s ]
SQL: SHOW COLUMNS FROM `tblcustom` [ RunTime:0.0004s ]
NOTIC: [8] Undefined index: tblcustom_name /var/www/html/Thinkreport/Qed/Admin/Controller/CustomController.class.php 第 12 行.
SQL: SELECT COUNT(*) AS tp_count FROM `tblcustom` LIMIT 1   [ RunTime:0.0002s ]
SQL: SELECT * FROM `tblcustom` ORDER BY tblcustom_ID DESC LIMIT 0,10   [ RunTime:0.0002s ]

[ 2017-04-19T10:11:24+08:00 ] ::1 /Admin/Custom/customlist?tblcustom_name=7
INFO: [ app_init ] --START--
INFO: Run Behavior\BuildLiteBehavior [ RunTime:0.000004s ]
INFO: [ app_init ] --END-- [ RunTime:0.000030s ]
INFO: [ app_begin ] --START--
INFO: Run Behavior\ReadHtmlCacheBehavior [ RunTime:0.000013s ]
INFO: [ app_begin ] --END-- [ RunTime:0.000023s ]
SQL: SHOW COLUMNS FROM `tblcustom` [ RunTime:0.0003s ]
NOTIC: [8] Undefined index: tblcustom_name /var/www/html/Thinkreport/Qed/Admin/Controller/CustomController.class.php 第 12 行.
SQL: SELECT COUNT(*) AS tp_count FROM `tblcustom` LIMIT 1   [ RunTime:0.0001s ]
SQL: SELECT * FROM `tblcustom` ORDER BY tblcustom_ID DESC LIMIT 0,10   [ RunTime:0.0002s ]

[ 2017-04-19T10:12:27+08:00 ] ::1 /Admin/Custom/customlist?tblcustom_name=7
INFO: [ app_init ] --START--
INFO: Run Behavior\BuildLiteBehavior [ RunTime:0.000005s ]
INFO: [ app_init ] --END-- [ RunTime:0.000039s ]
INFO: [ app_begin ] --START--
INFO: Run Behavior\ReadHtmlCacheBehavior [ RunTime:0.000015s ]
INFO: [ app_begin ] --END-- [ RunTime:0.000029s ]
SQL: SHOW COLUMNS FROM `tblcustom` [ RunTime:0.0003s ]
SQL: SELECT COUNT(*) AS tp_count FROM `tblcustom` WHERE `tblcustom_name` LIKE '%7%' LIMIT 1   [ RunTime:0.0002s ]
SQL: SELECT * FROM `tblcustom` WHERE `tblcustom_name` LIKE '%7%' ORDER BY tblcustom_ID DESC LIMIT 0,10   [ RunTime:0.0002s ]

[ 2017-04-19T10:12:36+08:00 ] ::1 /Admin/Custom/customlist?tblcustom_name=7
INFO: [ app_init ] --START--
INFO: Run Behavior\BuildLiteBehavior [ RunTime:0.000005s ]
INFO: [ app_init ] --END-- [ RunTime:0.000041s ]
INFO: [ app_begin ] --START--
INFO: Run Behavior\ReadHtmlCacheBehavior [ RunTime:0.000015s ]
INFO: [ app_begin ] --END-- [ RunTime:0.000028s ]
SQL: SHOW COLUMNS FROM `tblcustom` [ RunTime:0.0004s ]
SQL: SELECT COUNT(*) AS tp_count FROM `tblcustom` WHERE `tblcustom_name` LIKE '%7%' LIMIT 1   [ RunTime:0.0002s ]
SQL: SELECT * FROM `tblcustom` WHERE `tblcustom_name` LIKE '%7%' ORDER BY tblcustom_ID DESC LIMIT 0,10   [ RunTime:0.0002s ]
INFO: [ view_parse ] --START--
INFO: [ template_filter ] --START--
INFO: Run Behavior\ContentReplaceBehavior [ RunTime:0.000082s ]
INFO: [ template_filter ] --END-- [ RunTime:0.000136s ]
NOTIC: [8] Undefined index: tbltracer_id /var/www/html/Thinkreport/Qed/Runtime/Cache/Admin/c4798470568d6d146c0eb1a867ed55ab.php 第 142 行.
INFO: Run Behavior\ParseTemplateBehavior [ RunTime:0.002497s ]
INFO: [ view_parse ] --END-- [ RunTime:0.002515s ]
INFO: [ view_filter ] --START--
INFO: Run Behavior\WriteHtmlCacheBehavior [ RunTime:0.000022s ]
INFO: [ view_filter ] --END-- [ RunTime:0.000030s ]
INFO: [ app_end ] --START--
INFO: Run Behavior\ShowPageTraceBehavior [ RunTime:0.000012s ]
INFO: [ app_end ] --END-- [ RunTime:0.000018s ]

[ 2017-04-19T10:13:00+08:00 ] ::1 /Admin/Custom/customlist?tblcustom_name=7
INFO: [ app_init ] --START--
INFO: Run Behavior\BuildLiteBehavior [ RunTime:0.000007s ]
INFO: [ app_init ] --END-- [ RunTime:0.000050s ]
INFO: [ app_begin ] --START--
INFO: Run Behavior\ReadHtmlCacheBehavior [ RunTime:0.000016s ]
INFO: [ app_begin ] --END-- [ RunTime:0.000029s ]
SQL: SHOW COLUMNS FROM `tblcustom` [ RunTime:0.0005s ]
SQL: SELECT COUNT(*) AS tp_count FROM `tblcustom` WHERE `tblcustom_name` LIKE '%7%' LIMIT 1   [ RunTime:0.0002s ]
SQL: SELECT * FROM `tblcustom` WHERE `tblcustom_name` LIKE '%7%' ORDER BY tblcustom_ID DESC LIMIT 0,10   [ RunTime:0.0002s ]
INFO: [ view_parse ] --START--
INFO: [ template_filter ] --START--
INFO: Run Behavior\ContentReplaceBehavior [ RunTime:0.000081s ]
INFO: [ template_filter ] --END-- [ RunTime:0.000111s ]
NOTIC: [8] Undefined index: tbltracer_id /var/www/html/Thinkreport/Qed/Runtime/Cache/Admin/c4798470568d6d146c0eb1a867ed55ab.php 第 142 行.
INFO: Run Behavior\ParseTemplateBehavior [ RunTime:0.002414s ]
INFO: [ view_parse ] --END-- [ RunTime:0.002436s ]
INFO: [ view_filter ] --START--
INFO: Run Behavior\WriteHtmlCacheBehavior [ RunTime:0.000031s ]
INFO: [ view_filter ] --END-- [ RunTime:0.000042s ]
INFO: [ app_end ] --START--
INFO: Run Behavior\ShowPageTraceBehavior [ RunTime:0.000021s ]
INFO: [ app_end ] --END-- [ RunTime:0.000032s ]

[ 2017-04-19T10:13:37+08:00 ] ::1 /Admin/Custom/customlist
INFO: [ app_init ] --START--
INFO: Run Behavior\BuildLiteBehavior [ RunTime:0.000005s ]
INFO: [ app_init ] --END-- [ RunTime:0.000033s ]
INFO: [ app_begin ] --START--
INFO: Run Behavior\ReadHtmlCacheBehavior [ RunTime:0.000014s ]
INFO: [ app_begin ] --END-- [ RunTime:0.000025s ]
SQL: SHOW COLUMNS FROM `tblcustom` [ RunTime:0.0005s ]
NOTIC: [8] Undefined index: tblcustom_name /var/www/html/Thinkreport/Qed/Admin/Controller/CustomController.class.php 第 12 行.
SQL: SELECT COUNT(*) AS tp_count FROM `tblcustom` LIMIT 1   [ RunTime:0.0002s ]
SQL: SELECT * FROM `tblcustom` ORDER BY tblcustom_ID DESC LIMIT 0,10   [ RunTime:0.0007s ]
INFO: [ view_parse ] --START--
INFO: [ template_filter ] --START--
INFO: Run Behavior\ContentReplaceBehavior [ RunTime:0.000100s ]
INFO: [ template_filter ] --END-- [ RunTime:0.000128s ]
NOTIC: [8] Undefined index: tblcustom_name /var/www/html/Thinkreport/Qed/Runtime/Cache/Admin/c4798470568d6d146c0eb1a867ed55ab.php 第 124 行.
NOTIC: [8] Undefined index: tbltracer_id /var/www/html/Thinkreport/Qed/Runtime/Cache/Admin/c4798470568d6d146c0eb1a867ed55ab.php 第 142 行.
NOTIC: [8] Undefined index: tbltracer_id /var/www/html/Thinkreport/Qed/Runtime/Cache/Admin/c4798470568d6d146c0eb1a867ed55ab.php 第 142 行.
NOTIC: [8] Undefined index: tbltracer_id /var/www/html/Thinkreport/Qed/Runtime/Cache/Admin/c4798470568d6d146c0eb1a867ed55ab.php 第 142 行.
NOTIC: [8] Undefined index: tbltracer_id /var/www/html/Thinkreport/Qed/Runtime/Cache/Admin/c4798470568d6d146c0eb1a867ed55ab.php 第 142 行.
NOTIC: [8] Undefined index: tbltracer_id /var/www/html/Thinkreport/Qed/Runtime/Cache/Admin/c4798470568d6d146c0eb1a867ed55ab.php 第 142 行.
NOTIC: [8] Undefined index: tbltracer_id /var/www/html/Thinkreport/Qed/Runtime/Cache/Admin/c4798470568d6d146c0eb1a867ed55ab.php 第 142 行.
NOTIC: [8] Undefined index: tbltracer_id /var/www/html/Thinkreport/Qed/Runtime/Cache/Admin/c4798470568d6d146c0eb1a867ed55ab.php 第 142 行.
NOTIC: [8] Undefined index: tbltracer_id /var/www/html/Thinkreport/Qed/Runtime/Cache/Admin/c4798470568d6d146c0eb1a867ed55ab.php 第 142 行.
INFO: Run Behavior\ParseTemplateBehavior [ RunTime:0.003758s ]
INFO: [ view_parse ] --END-- [ RunTime:0.003782s ]
INFO: [ view_filter ] --START--
INFO: Run Behavior\WriteHtmlCacheBehavior [ RunTime:0.000030s ]
INFO: [ view_filter ] --END-- [ RunTime:0.000040s ]
INFO: [ app_end ] --START--
INFO: Run Behavior\ShowPageTraceBehavior [ RunTime:0.000077s ]
INFO: [ app_end ] --END-- [ RunTime:0.000116s ]

[ 2017-04-19T10:13:38+08:00 ] ::1 /Admin/Custom/editCustom/menuname/%E6%B7%BB%E5%8A%A0%E8%87%AA%E5%AE%9A%E4%B9%89%E5%AD%97%E6%AE%B5.html
INFO: [ app_init ] --START--
INFO: Run Behavior\BuildLiteBehavior [ RunTime:0.000012s ]
INFO: [ app_init ] --END-- [ RunTime:0.000082s ]
INFO: [ app_begin ] --START--
INFO: Run Behavior\ReadHtmlCacheBehavior [ RunTime:0.000036s ]
INFO: [ app_begin ] --END-- [ RunTime:0.000075s ]
SQL: SHOW COLUMNS FROM `tblcustom` [ RunTime:0.0007s ]
NOTIC: [8] Undefined index: id /var/www/html/Thinkreport/Qed/Admin/Controller/CustomController.class.php 第 44 行.
NOTIC: [8] Undefined variable: vol /var/www/html/Thinkreport/Qed/Admin/Controller/CustomController.class.php 第 46 行.
INFO: [ view_parse ] --START--
INFO: [ template_filter ] --START--
INFO: Run Behavior\ContentReplaceBehavior [ RunTime:0.000079s ]
INFO: [ template_filter ] --END-- [ RunTime:0.000102s ]
INFO: Run Behavior\ParseTemplateBehavior [ RunTime:0.001810s ]
INFO: [ view_parse ] --END-- [ RunTime:0.001828s ]
INFO: [ view_filter ] --START--
INFO: Run Behavior\WriteHtmlCacheBehavior [ RunTime:0.000013s ]
INFO: [ view_filter ] --END-- [ RunTime:0.000020s ]
INFO: [ app_end ] --START--
INFO: Run Behavior\ShowPageTraceBehavior [ RunTime:0.000008s ]
INFO: [ app_end ] --END-- [ RunTime:0.000015s ]

[ 2017-04-19T10:15:58+08:00 ] ::1 /Admin/Custom/editCustom
INFO: [ app_init ] --START--
INFO: Run Behavior\BuildLiteBehavior [ RunTime:0.000005s ]
INFO: [ app_init ] --END-- [ RunTime:0.000035s ]
INFO: [ app_begin ] --START--
INFO: Run Behavior\ReadHtmlCacheBehavior [ RunTime:0.000014s ]
INFO: [ app_begin ] --END-- [ RunTime:0.000026s ]
SQL: SHOW COLUMNS FROM `tblcustom` [ RunTime:0.0004s ]
NOTIC: [8] Undefined index: menuname /var/www/html/Thinkreport/Qed/Admin/Controller/CustomController.class.php 第 29 行.
SQL: INSERT INTO `tblcustom` (`tblcustom_name`,`tblcustom_displayname`) VALUES ('a','自定义a') [ RunTime:0.0267s ]
INFO: [ view_parse ] --START--
INFO: [ template_filter ] --START--
INFO: Run Behavior\ContentReplaceBehavior [ RunTime:0.000032s ]
INFO: [ template_filter ] --END-- [ RunTime:0.000064s ]
INFO: Run Behavior\ParseTemplateBehavior [ RunTime:0.001058s ]
INFO: [ view_parse ] --END-- [ RunTime:0.001081s ]
INFO: [ view_filter ] --START--
INFO: Run Behavior\WriteHtmlCacheBehavior [ RunTime:0.000023s ]
INFO: [ view_filter ] --END-- [ RunTime:0.000033s ]
INFO: [ app_end ] --START--
INFO: Run Behavior\ShowPageTraceBehavior [ RunTime:0.000020s ]
INFO: [ app_end ] --END-- [ RunTime:0.000030s ]

[ 2017-04-19T10:15:59+08:00 ] ::1 /Admin/Custom/customlist.html
INFO: [ app_init ] --START--
INFO: Run Behavior\BuildLiteBehavior [ RunTime:0.000011s ]
INFO: [ app_init ] --END-- [ RunTime:0.000065s ]
INFO: [ app_begin ] --START--
INFO: Run Behavior\ReadHtmlCacheBehavior [ RunTime:0.000026s ]
INFO: [ app_begin ] --END-- [ RunTime:0.000052s ]
SQL: SHOW COLUMNS FROM `tblcustom` [ RunTime:0.0009s ]
NOTIC: [8] Undefined index: tblcustom_name /var/www/html/Thinkreport/Qed/Admin/Controller/CustomController.class.php 第 12 行.
SQL: SELECT COUNT(*) AS tp_count FROM `tblcustom` LIMIT 1   [ RunTime:0.0004s ]
SQL: SELECT * FROM `tblcustom` ORDER BY tblcustom_ID DESC LIMIT 0,10   [ RunTime:0.0004s ]
INFO: [ view_parse ] --START--
INFO: [ template_filter ] --START--
INFO: Run Behavior\ContentReplaceBehavior [ RunTime:0.000066s ]
INFO: [ template_filter ] --END-- [ RunTime:0.000087s ]
NOTIC: [8] Undefined index: tblcustom_name /var/www/html/Thinkreport/Qed/Runtime/Cache/Admin/c4798470568d6d146c0eb1a867ed55ab.php 第 124 行.
NOTIC: [8] Undefined index: tbltracer_id /var/www/html/Thinkreport/Qed/Runtime/Cache/Admin/c4798470568d6d146c0eb1a867ed55ab.php 第 142 行.
NOTIC: [8] Undefined index: tbltracer_id /var/www/html/Thinkreport/Qed/Runtime/Cache/Admin/c4798470568d6d146c0eb1a867ed55ab.php 第 142 行.
NOTIC: [8] Undefined index: tbltracer_id /var/www/html/Thinkreport/Qed/Runtime/Cache/Admin/c4798470568d6d146c0eb1a867ed55ab.php 第 142 行.
NOTIC: [8] Undefined index: tbltracer_id /var/www/html/Thinkreport/Qed/Runtime/Cache/Admin/c4798470568d6d146c0eb1a867ed55ab.php 第 142 行.
NOTIC: [8] Undefined index: tbltracer_id /var/www/html/Thinkreport/Qed/Runtime/Cache/Admin/c4798470568d6d146c0eb1a867ed55ab.php 第 142 行.
NOTIC: [8] Undefined index: tbltracer_id /var/www/html/Thinkreport/Qed/Runtime/Cache/Admin/c4798470568d6d146c0eb1a867ed55ab.php 第 142 行.
NOTIC: [8] Undefined index: tbltracer_id /var/www/html/Thinkreport/Qed/Runtime/Cache/Admin/c4798470568d6d146c0eb1a867ed55ab.php 第 142 行.
NOTIC: [8] Undefined index: tbltracer_id /var/www/html/Thinkreport/Qed/Runtime/Cache/Admin/c4798470568d6d146c0eb1a867ed55ab.php 第 142 行.
NOTIC: [8] Undefined index: tbltracer_id /var/www/html/Thinkreport/Qed/Runtime/Cache/Admin/c4798470568d6d146c0eb1a867ed55ab.php 第 142 行.
INFO: Run Behavior\ParseTemplateBehavior [ RunTime:0.003134s ]
INFO: [ view_parse ] --END-- [ RunTime:0.003178s ]
INFO: [ view_filter ] --START--
INFO: Run Behavior\WriteHtmlCacheBehavior [ RunTime:0.000074s ]
INFO: [ view_filter ] --END-- [ RunTime:0.000095s ]
INFO: [ app_end ] --START--
INFO: Run Behavior\ShowPageTraceBehavior [ RunTime:0.000057s ]
INFO: [ app_end ] --END-- [ RunTime:0.000102s ]

[ 2017-04-19T10:16:05+08:00 ] ::1 /Admin/Custom/editCustom/menuname/%E4%BF%AE%E6%94%B9%E8%87%AA%E5%AE%9A%E4%B9%89%E5%AD%97%E6%AE%B5.html
INFO: [ app_init ] --START--
INFO: Run Behavior\BuildLiteBehavior [ RunTime:0.000006s ]
INFO: [ app_init ] --END-- [ RunTime:0.000043s ]
INFO: [ app_begin ] --START--
INFO: Run Behavior\ReadHtmlCacheBehavior [ RunTime:0.000020s ]
INFO: [ app_begin ] --END-- [ RunTime:0.000036s ]
SQL: SHOW COLUMNS FROM `tblcustom` [ RunTime:0.0003s ]
NOTIC: [8] Undefined index: id /var/www/html/Thinkreport/Qed/Admin/Controller/CustomController.class.php 第 44 行.
NOTIC: [8] Undefined variable: vol /var/www/html/Thinkreport/Qed/Admin/Controller/CustomController.class.php 第 46 行.
INFO: [ view_parse ] --START--
INFO: [ template_filter ] --START--
INFO: Run Behavior\ContentReplaceBehavior [ RunTime:0.000056s ]
INFO: [ template_filter ] --END-- [ RunTime:0.000074s ]
INFO: Run Behavior\ParseTemplateBehavior [ RunTime:0.001334s ]
INFO: [ view_parse ] --END-- [ RunTime:0.001356s ]
INFO: [ view_filter ] --START--
INFO: Run Behavior\WriteHtmlCacheBehavior [ RunTime:0.000023s ]
INFO: [ view_filter ] --END-- [ RunTime:0.000031s ]
INFO: [ app_end ] --START--
INFO: Run Behavior\ShowPageTraceBehavior [ RunTime:0.000013s ]
INFO: [ app_end ] --END-- [ RunTime:0.000020s ]

[ 2017-04-19T10:17:27+08:00 ] ::1 /Admin/Custom/customlist.html
INFO: [ app_init ] --START--
INFO: Run Behavior\BuildLiteBehavior [ RunTime:0.000005s ]
INFO: [ app_init ] --END-- [ RunTime:0.000033s ]
INFO: [ app_begin ] --START--
INFO: Run Behavior\ReadHtmlCacheBehavior [ RunTime:0.000015s ]
INFO: [ app_begin ] --END-- [ RunTime:0.000026s ]
SQL: SHOW COLUMNS FROM `tblcustom` [ RunTime:0.0004s ]
NOTIC: [8] Undefined index: tblcustom_name /var/www/html/Thinkreport/Qed/Admin/Controller/CustomController.class.php 第 12 行.
SQL: SELECT COUNT(*) AS tp_count FROM `tblcustom` LIMIT 1   [ RunTime:0.0002s ]
SQL: SELECT * FROM `tblcustom` ORDER BY tblcustom_ID DESC LIMIT 0,10   [ RunTime:0.0002s ]
INFO: [ view_parse ] --START--
INFO: [ template_filter ] --START--
INFO: Run Behavior\ContentReplaceBehavior [ RunTime:0.000076s ]
INFO: [ template_filter ] --END-- [ RunTime:0.000111s ]
NOTIC: [8] Undefined index: tblcustom_name /var/www/html/Thinkreport/Qed/Runtime/Cache/Admin/c4798470568d6d146c0eb1a867ed55ab.php 第 124 行.
INFO: Run Behavior\ParseTemplateBehavior [ RunTime:0.002379s ]
INFO: [ view_parse ] --END-- [ RunTime:0.002403s ]
INFO: [ view_filter ] --START--
INFO: Run Behavior\WriteHtmlCacheBehavior [ RunTime:0.000047s ]
INFO: [ view_filter ] --END-- [ RunTime:0.000059s ]
INFO: [ app_end ] --START--
INFO: Run Behavior\ShowPageTraceBehavior [ RunTime:0.000041s ]
INFO: [ app_end ] --END-- [ RunTime:0.000062s ]

[ 2017-04-19T10:17:28+08:00 ] ::1 /Admin/Custom/editCustom/menuname/%E4%BF%AE%E6%94%B9%E8%87%AA%E5%AE%9A%E4%B9%89%E5%AD%97%E6%AE%B5/id/29.html
INFO: [ app_init ] --START--
INFO: Run Behavior\BuildLiteBehavior [ RunTime:0.000005s ]
INFO: [ app_init ] --END-- [ RunTime:0.000031s ]
INFO: [ app_begin ] --START--
INFO: Run Behavior\ReadHtmlCacheBehavior [ RunTime:0.000011s ]
INFO: [ app_begin ] --END-- [ RunTime:0.000023s ]
SQL: SHOW COLUMNS FROM `tblcustom` [ RunTime:0.0004s ]
SQL: SELECT * FROM `tblcustom` WHERE ( tblcustom_ID=29 ) LIMIT 1   [ RunTime:0.0002s ]
INFO: [ view_parse ] --START--
INFO: [ template_filter ] --START--
INFO: Run Behavior\ContentReplaceBehavior [ RunTime:0.000064s ]
INFO: [ template_filter ] --END-- [ RunTime:0.000088s ]
INFO: Run Behavior\ParseTemplateBehavior [ RunTime:0.001802s ]
INFO: [ view_parse ] --END-- [ RunTime:0.001822s ]
INFO: [ view_filter ] --START--
INFO: Run Behavior\WriteHtmlCacheBehavior [ RunTime:0.000016s ]
INFO: [ view_filter ] --END-- [ RunTime:0.000024s ]
INFO: [ app_end ] --START--
INFO: Run Behavior\ShowPageTraceBehavior [ RunTime:0.000010s ]
INFO: [ app_end ] --END-- [ RunTime:0.000018s ]

[ 2017-04-19T10:17:34+08:00 ] ::1 /Admin/Custom/editCustom/menuname/%E4%BF%AE%E6%94%B9%E8%87%AA%E5%AE%9A%E4%B9%89%E5%AD%97%E6%AE%B5/id/29.html
INFO: [ app_init ] --START--
INFO: Run Behavior\BuildLiteBehavior [ RunTime:0.000019s ]
INFO: [ app_init ] --END-- [ RunTime:0.000135s ]
INFO: [ app_begin ] --START--
INFO: Run Behavior\ReadHtmlCacheBehavior [ RunTime:0.000064s ]
INFO: [ app_begin ] --END-- [ RunTime:0.000122s ]
SQL: SHOW COLUMNS FROM `tblcustom` [ RunTime:0.0007s ]
SQL: SELECT * FROM `tblcustom` WHERE ( tblcustom_ID=29 ) LIMIT 1   [ RunTime:0.0004s ]
INFO: [ view_parse ] --START--
INFO: [ template_filter ] --START--
INFO: Run Behavior\ContentReplaceBehavior [ RunTime:0.000143s ]
INFO: [ template_filter ] --END-- [ RunTime:0.000185s ]
INFO: Run Behavior\ParseTemplateBehavior [ RunTime:0.003242s ]
INFO: [ view_parse ] --END-- [ RunTime:0.003286s ]
INFO: [ view_filter ] --START--
INFO: Run Behavior\WriteHtmlCacheBehavior [ RunTime:0.000051s ]
INFO: [ view_filter ] --END-- [ RunTime:0.000071s ]
INFO: [ app_end ] --START--
INFO: Run Behavior\ShowPageTraceBehavior [ RunTime:0.000032s ]
INFO: [ app_end ] --END-- [ RunTime:0.000050s ]

[ 2017-04-19T10:17:39+08:00 ] ::1 /Admin/Custom/editCustom/menuname/%E4%BF%AE%E6%94%B9%E8%87%AA%E5%AE%9A%E4%B9%89%E5%AD%97%E6%AE%B5/id/28.html
INFO: [ app_init ] --START--
INFO: Run Behavior\BuildLiteBehavior [ RunTime:0.000018s ]
INFO: [ app_init ] --END-- [ RunTime:0.000137s ]
INFO: [ app_begin ] --START--
INFO: Run Behavior\ReadHtmlCacheBehavior [ RunTime:0.000061s ]
INFO: [ app_begin ] --END-- [ RunTime:0.000118s ]
SQL: SHOW COLUMNS FROM `tblcustom` [ RunTime:0.0008s ]
SQL: SELECT * FROM `tblcustom` WHERE ( tblcustom_ID=28 ) LIMIT 1   [ RunTime:0.0004s ]
INFO: [ view_parse ] --START--
INFO: [ template_filter ] --START--
INFO: Run Behavior\ContentReplaceBehavior [ RunTime:0.000158s ]
INFO: [ template_filter ] --END-- [ RunTime:0.000206s ]
INFO: Run Behavior\ParseTemplateBehavior [ RunTime:0.003678s ]
INFO: [ view_parse ] --END-- [ RunTime:0.003729s ]
INFO: [ view_filter ] --START--
INFO: Run Behavior\WriteHtmlCacheBehavior [ RunTime:0.000058s ]
INFO: [ view_filter ] --END-- [ RunTime:0.000081s ]
INFO: [ app_end ] --START--
INFO: Run Behavior\ShowPageTraceBehavior [ RunTime:0.000036s ]
INFO: [ app_end ] --END-- [ RunTime:0.000058s ]

[ 2017-04-19T10:17:58+08:00 ] ::1 /Admin/Custom/editCustom
INFO: [ app_init ] --START--
INFO: Run Behavior\BuildLiteBehavior [ RunTime:0.000008s ]
INFO: [ app_init ] --END-- [ RunTime:0.000051s ]
INFO: [ app_begin ] --START--
INFO: Run Behavior\ReadHtmlCacheBehavior [ RunTime:0.000013s ]
INFO: [ app_begin ] --END-- [ RunTime:0.000026s ]
SQL: SHOW COLUMNS FROM `tblcustom` [ RunTime:0.0008s ]
NOTIC: [8] Undefined index: menuname /var/www/html/Thinkreport/Qed/Admin/Controller/CustomController.class.php 第 29 行.
SQL: UPDATE `tblcustom` SET `tblcustom_name`='s2',`tblcustom_displayname`='自定义S2' WHERE ( tblcustom_ID=28 ) [ RunTime:0.0254s ]
INFO: [ view_parse ] --START--
INFO: [ template_filter ] --START--
INFO: Run Behavior\ContentReplaceBehavior [ RunTime:0.000019s ]
INFO: [ template_filter ] --END-- [ RunTime:0.000034s ]
INFO: Run Behavior\ParseTemplateBehavior [ RunTime:0.000657s ]
INFO: [ view_parse ] --END-- [ RunTime:0.000675s ]
INFO: [ view_filter ] --START--
INFO: Run Behavior\WriteHtmlCacheBehavior [ RunTime:0.000018s ]
INFO: [ view_filter ] --END-- [ RunTime:0.000026s ]
INFO: [ app_end ] --START--
INFO: Run Behavior\ShowPageTraceBehavior [ RunTime:0.000012s ]
INFO: [ app_end ] --END-- [ RunTime:0.000018s ]

[ 2017-04-19T10:17:59+08:00 ] ::1 /Admin/Custom/customlist.html
INFO: [ app_init ] --START--
INFO: Run Behavior\BuildLiteBehavior [ RunTime:0.000012s ]
INFO: [ app_init ] --END-- [ RunTime:0.000091s ]
INFO: [ app_begin ] --START--
INFO: Run Behavior\ReadHtmlCacheBehavior [ RunTime:0.000054s ]
INFO: [ app_begin ] --END-- [ RunTime:0.000108s ]
SQL: SHOW COLUMNS FROM `tblcustom` [ RunTime:0.0010s ]
NOTIC: [8] Undefined index: tblcustom_name /var/www/html/Thinkreport/Qed/Admin/Controller/CustomController.class.php 第 12 行.
SQL: SELECT COUNT(*) AS tp_count FROM `tblcustom` LIMIT 1   [ RunTime:0.0004s ]
SQL: SELECT * FROM `tblcustom` ORDER BY tblcustom_ID DESC LIMIT 0,10   [ RunTime:0.0004s ]
INFO: [ view_parse ] --START--
INFO: [ template_filter ] --START--
INFO: Run Behavior\ContentReplaceBehavior [ RunTime:0.000183s ]
INFO: [ template_filter ] --END-- [ RunTime:0.000267s ]
NOTIC: [8] Undefined index: tblcustom_name /var/www/html/Thinkreport/Qed/Runtime/Cache/Admin/c4798470568d6d146c0eb1a867ed55ab.php 第 124 行.
INFO: Run Behavior\ParseTemplateBehavior [ RunTime:0.006176s ]
INFO: [ view_parse ] --END-- [ RunTime:0.006232s ]
INFO: [ view_filter ] --START--
INFO: Run Behavior\WriteHtmlCacheBehavior [ RunTime:0.000054s ]
INFO: [ view_filter ] --END-- [ RunTime:0.000081s ]
INFO: [ app_end ] --START--
INFO: Run Behavior\ShowPageTraceBehavior [ RunTime:0.000086s ]
INFO: [ app_end ] --END-- [ RunTime:0.000143s ]

[ 2017-04-19T10:18:11+08:00 ] ::1 /Admin/Custom/customlist.html
INFO: [ app_init ] --START--
INFO: Run Behavior\BuildLiteBehavior [ RunTime:0.000006s ]
INFO: [ app_init ] --END-- [ RunTime:0.000044s ]
INFO: [ app_begin ] --START--
INFO: Run Behavior\ReadHtmlCacheBehavior [ RunTime:0.000017s ]
INFO: [ app_begin ] --END-- [ RunTime:0.000034s ]
SQL: SHOW COLUMNS FROM `tblcustom` [ RunTime:0.0004s ]
NOTIC: [8] Undefined index: tblcustom_name /var/www/html/Thinkreport/Qed/Admin/Controller/CustomController.class.php 第 12 行.
SQL: SELECT COUNT(*) AS tp_count FROM `tblcustom` LIMIT 1   [ RunTime:0.0001s ]
SQL: SELECT * FROM `tblcustom` ORDER BY tblcustom_ID DESC LIMIT 0,10   [ RunTime:0.0001s ]
INFO: [ view_parse ] --START--
INFO: [ template_filter ] --START--
INFO: Run Behavior\ContentReplaceBehavior [ RunTime:0.000057s ]
INFO: [ template_filter ] --END-- [ RunTime:0.000071s ]
NOTIC: [8] Undefined index: tblcustom_name /var/www/html/Thinkreport/Qed/Runtime/Cache/Admin/c4798470568d6d146c0eb1a867ed55ab.php 第 124 行.
INFO: Run Behavior\ParseTemplateBehavior [ RunTime:0.001698s ]
INFO: [ view_parse ] --END-- [ RunTime:0.001712s ]
INFO: [ view_filter ] --START--
INFO: Run Behavior\WriteHtmlCacheBehavior [ RunTime:0.000017s ]
INFO: [ view_filter ] --END-- [ RunTime:0.000023s ]
INFO: [ app_end ] --START--
INFO: Run Behavior\ShowPageTraceBehavior [ RunTime:0.000014s ]
INFO: [ app_end ] --END-- [ RunTime:0.000022s ]

[ 2017-04-19T10:18:14+08:00 ] ::1 /Admin/Custom/editCustom/menuname/%E4%BF%AE%E6%94%B9%E8%87%AA%E5%AE%9A%E4%B9%89%E5%AD%97%E6%AE%B5/id/11.html
INFO: [ app_init ] --START--
INFO: Run Behavior\BuildLiteBehavior [ RunTime:0.000008s ]
INFO: [ app_init ] --END-- [ RunTime:0.000059s ]
INFO: [ app_begin ] --START--
INFO: Run Behavior\ReadHtmlCacheBehavior [ RunTime:0.000027s ]
INFO: [ app_begin ] --END-- [ RunTime:0.000050s ]
SQL: SHOW COLUMNS FROM `tblcustom` [ RunTime:0.0007s ]
SQL: SELECT * FROM `tblcustom` WHERE ( tblcustom_ID=11 ) LIMIT 1   [ RunTime:0.0003s ]
INFO: [ view_parse ] --START--
INFO: [ template_filter ] --START--
INFO: Run Behavior\ContentReplaceBehavior [ RunTime:0.000061s ]
INFO: [ template_filter ] --END-- [ RunTime:0.000086s ]
INFO: Run Behavior\ParseTemplateBehavior [ RunTime:0.002032s ]
INFO: [ view_parse ] --END-- [ RunTime:0.002058s ]
INFO: [ view_filter ] --START--
INFO: Run Behavior\WriteHtmlCacheBehavior [ RunTime:0.000023s ]
INFO: [ view_filter ] --END-- [ RunTime:0.000030s ]
INFO: [ app_end ] --START--
INFO: Run Behavior\ShowPageTraceBehavior [ RunTime:0.000013s ]
INFO: [ app_end ] --END-- [ RunTime:0.000020s ]

[ 2017-04-19T10:18:31+08:00 ] ::1 /Admin/Custom/editCustom
INFO: [ app_init ] --START--
INFO: Run Behavior\BuildLiteBehavior [ RunTime:0.000005s ]
INFO: [ app_init ] --END-- [ RunTime:0.000037s ]
INFO: [ app_begin ] --START--
INFO: Run Behavior\ReadHtmlCacheBehavior [ RunTime:0.000019s ]
INFO: [ app_begin ] --END-- [ RunTime:0.000038s ]
SQL: SHOW COLUMNS FROM `tblcustom` [ RunTime:0.0003s ]
NOTIC: [8] Undefined index: menuname /var/www/html/Thinkreport/Qed/Admin/Controller/CustomController.class.php 第 29 行.
SQL: UPDATE `tblcustom` SET `tblcustom_name`='s7',`tblcustom_displayname`='自定义s7' WHERE ( tblcustom_ID=11 ) [ RunTime:0.0248s ]
INFO: [ view_parse ] --START--
INFO: [ template_filter ] --START--
INFO: Run Behavior\ContentReplaceBehavior [ RunTime:0.000031s ]
INFO: [ template_filter ] --END-- [ RunTime:0.000054s ]
INFO: Run Behavior\ParseTemplateBehavior [ RunTime:0.001122s ]
INFO: [ view_parse ] --END-- [ RunTime:0.001146s ]
INFO: [ view_filter ] --START--
INFO: Run Behavior\WriteHtmlCacheBehavior [ RunTime:0.000028s ]
INFO: [ view_filter ] --END-- [ RunTime:0.000038s ]
INFO: [ app_end ] --START--
INFO: Run Behavior\ShowPageTraceBehavior [ RunTime:0.000018s ]
INFO: [ app_end ] --END-- [ RunTime:0.000027s ]

[ 2017-04-19T10:18:32+08:00 ] ::1 /Admin/Custom/customlist.html
INFO: [ app_init ] --START--
INFO: Run Behavior\BuildLiteBehavior [ RunTime:0.000012s ]
INFO: [ app_init ] --END-- [ RunTime:0.000080s ]
INFO: [ app_begin ] --START--
INFO: Run Behavior\ReadHtmlCacheBehavior [ RunTime:0.000031s ]
INFO: [ app_begin ] --END-- [ RunTime:0.000064s ]
SQL: SHOW COLUMNS FROM `tblcustom` [ RunTime:0.0011s ]
NOTIC: [8] Undefined index: tblcustom_name /var/www/html/Thinkreport/Qed/Admin/Controller/CustomController.class.php 第 12 行.
SQL: SELECT COUNT(*) AS tp_count FROM `tblcustom` LIMIT 1   [ RunTime:0.0005s ]
SQL: SELECT * FROM `tblcustom` ORDER BY tblcustom_ID DESC LIMIT 0,10   [ RunTime:0.0006s ]
INFO: [ view_parse ] --START--
INFO: [ template_filter ] --START--
INFO: Run Behavior\ContentReplaceBehavior [ RunTime:0.000193s ]
INFO: [ template_filter ] --END-- [ RunTime:0.000271s ]
NOTIC: [8] Undefined index: tblcustom_name /var/www/html/Thinkreport/Qed/Runtime/Cache/Admin/c4798470568d6d146c0eb1a867ed55ab.php 第 124 行.
INFO: Run Behavior\ParseTemplateBehavior [ RunTime:0.006077s ]
INFO: [ view_parse ] --END-- [ RunTime:0.006145s ]
INFO: [ view_filter ] --START--
INFO: Run Behavior\WriteHtmlCacheBehavior [ RunTime:0.000095s ]
INFO: [ view_filter ] --END-- [ RunTime:0.000128s ]
INFO: [ app_end ] --START--
INFO: Run Behavior\ShowPageTraceBehavior [ RunTime:0.000068s ]
INFO: [ app_end ] --END-- [ RunTime:0.000120s ]

[ 2017-04-19T10:18:41+08:00 ] ::1 /Admin/Custom/del/id/29
INFO: [ app_init ] --START--
INFO: Run Behavior\BuildLiteBehavior [ RunTime:0.000004s ]
INFO: [ app_init ] --END-- [ RunTime:0.000033s ]
INFO: [ app_begin ] --START--
INFO: Run Behavior\ReadHtmlCacheBehavior [ RunTime:0.000013s ]
INFO: [ app_begin ] --END-- [ RunTime:0.000024s ]
SQL: SHOW COLUMNS FROM `tblcustom` [ RunTime:0.0004s ]
SQL: DELETE FROM `tblcustom` WHERE ( tblcustom_ID=29 ) [ RunTime:0.0130s ]
INFO: [ view_parse ] --START--
INFO: [ template_filter ] --START--
INFO: Run Behavior\ContentReplaceBehavior [ RunTime:0.000023s ]
INFO: [ template_filter ] --END-- [ RunTime:0.000042s ]
INFO: Run Behavior\ParseTemplateBehavior [ RunTime:0.000851s ]
INFO: [ view_parse ] --END-- [ RunTime:0.000873s ]
INFO: [ view_filter ] --START--
INFO: Run Behavior\WriteHtmlCacheBehavior [ RunTime:0.000024s ]
INFO: [ view_filter ] --END-- [ RunTime:0.000035s ]
INFO: [ app_end ] --START--
INFO: Run Behavior\ShowPageTraceBehavior [ RunTime:0.000018s ]
INFO: [ app_end ] --END-- [ RunTime:0.000029s ]

[ 2017-04-19T10:18:42+08:00 ] ::1 /Admin/Custom/customlist.html
INFO: [ app_init ] --START--
INFO: Run Behavior\BuildLiteBehavior [ RunTime:0.000009s ]
INFO: [ app_init ] --END-- [ RunTime:0.000057s ]
INFO: [ app_begin ] --START--
INFO: Run Behavior\ReadHtmlCacheBehavior [ RunTime:0.000027s ]
INFO: [ app_begin ] --END-- [ RunTime:0.000054s ]
SQL: SHOW COLUMNS FROM `tblcustom` [ RunTime:0.0004s ]
NOTIC: [8] Undefined index: tblcustom_name /var/www/html/Thinkreport/Qed/Admin/Controller/CustomController.class.php 第 12 行.
SQL: SELECT COUNT(*) AS tp_count FROM `tblcustom` LIMIT 1   [ RunTime:0.0001s ]
SQL: SELECT * FROM `tblcustom` ORDER BY tblcustom_ID DESC LIMIT 0,10   [ RunTime:0.0001s ]
INFO: [ view_parse ] --START--
INFO: [ template_filter ] --START--
INFO: Run Behavior\ContentReplaceBehavior [ RunTime:0.000066s ]
INFO: [ template_filter ] --END-- [ RunTime:0.000085s ]
NOTIC: [8] Undefined index: tblcustom_name /var/www/html/Thinkreport/Qed/Runtime/Cache/Admin/c4798470568d6d146c0eb1a867ed55ab.php 第 124 行.
INFO: Run Behavior\ParseTemplateBehavior [ RunTime:0.002032s ]
INFO: [ view_parse ] --END-- [ RunTime:0.002046s ]
INFO: [ view_filter ] --START--
INFO: Run Behavior\WriteHtmlCacheBehavior [ RunTime:0.000017s ]
INFO: [ view_filter ] --END-- [ RunTime:0.000025s ]
INFO: [ app_end ] --START--
INFO: Run Behavior\ShowPageTraceBehavior [ RunTime:0.000010s ]
INFO: [ app_end ] --END-- [ RunTime:0.000019s ]

[ 2017-04-19T13:58:57+08:00 ] ::1 /
INFO: [ app_init ] --START--
INFO: Run Behavior\BuildLiteBehavior [ RunTime:0.000010s ]
INFO: [ app_init ] --END-- [ RunTime:0.000789s ]
INFO: [ app_begin ] --START--
INFO: Run Behavior\ReadHtmlCacheBehavior [ RunTime:0.000589s ]
INFO: [ app_begin ] --END-- [ RunTime:0.000630s ]
NOTIC: [8] Undefined index: qedLogin /var/www/html/Thinkreport/Qed/Admin/Controller/CommonController.class.php 第 6 行.

[ 2017-04-19T13:58:57+08:00 ] ::1 /Admin/Public/login.html
INFO: [ app_init ] --START--
INFO: Run Behavior\BuildLiteBehavior [ RunTime:0.000005s ]
INFO: [ app_init ] --END-- [ RunTime:0.000036s ]
INFO: [ app_begin ] --START--
INFO: Run Behavior\ReadHtmlCacheBehavior [ RunTime:0.000013s ]
INFO: [ app_begin ] --END-- [ RunTime:0.000026s ]
INFO: [ view_parse ] --START--
INFO: [ template_filter ] --START--
INFO: Run Behavior\ContentReplaceBehavior [ RunTime:0.000035s ]
INFO: [ template_filter ] --END-- [ RunTime:0.000058s ]
INFO: Run Behavior\ParseTemplateBehavior [ RunTime:0.007538s ]
INFO: [ view_parse ] --END-- [ RunTime:0.007561s ]
INFO: [ view_filter ] --START--
INFO: Run Behavior\WriteHtmlCacheBehavior [ RunTime:0.000391s ]
INFO: [ view_filter ] --END-- [ RunTime:0.000413s ]
INFO: [ app_end ] --START--
INFO: Run Behavior\ShowPageTraceBehavior [ RunTime:0.000863s ]
INFO: [ app_end ] --END-- [ RunTime:0.000889s ]

[ 2017-04-19T13:58:57+08:00 ] ::1 /Admin/Public/verify
INFO: [ app_init ] --START--
INFO: Run Behavior\BuildLiteBehavior [ RunTime:0.000007s ]
INFO: [ app_init ] --END-- [ RunTime:0.000045s ]
INFO: [ app_begin ] --START--
INFO: Run Behavior\ReadHtmlCacheBehavior [ RunTime:0.000020s ]
INFO: [ app_begin ] --END-- [ RunTime:0.000040s ]
INFO: [ app_end ] --START--
INFO: Run Behavior\ShowPageTraceBehavior [ RunTime:0.000045s ]
INFO: [ app_end ] --END-- [ RunTime:0.000102s ]

[ 2017-04-19T13:59:03+08:00 ] ::1 /Admin/Public/verify?t=0.042541042592552536
INFO: [ app_init ] --START--
INFO: Run Behavior\BuildLiteBehavior [ RunTime:0.000007s ]
INFO: [ app_init ] --END-- [ RunTime:0.000048s ]
INFO: [ app_begin ] --START--
INFO: Run Behavior\ReadHtmlCacheBehavior [ RunTime:0.000023s ]
INFO: [ app_begin ] --END-- [ RunTime:0.000052s ]
INFO: [ app_end ] --START--
INFO: Run Behavior\ShowPageTraceBehavior [ RunTime:0.000029s ]
INFO: [ app_end ] --END-- [ RunTime:0.000053s ]

[ 2017-04-19T13:59:04+08:00 ] ::1 /Admin/Public/verify?t=0.042541042592552536?t=0.33179000874911524
INFO: [ app_init ] --START--
INFO: Run Behavior\BuildLiteBehavior [ RunTime:0.000005s ]
INFO: [ app_init ] --END-- [ RunTime:0.000032s ]
INFO: [ app_begin ] --START--
INFO: Run Behavior\ReadHtmlCacheBehavior [ RunTime:0.000012s ]
INFO: [ app_begin ] --END-- [ RunTime:0.000024s ]
INFO: [ app_end ] --START--
INFO: Run Behavior\ShowPageTraceBehavior [ RunTime:0.000034s ]
INFO: [ app_end ] --END-- [ RunTime:0.000070s ]

[ 2017-04-19T13:59:11+08:00 ] ::1 /Admin/Public/login.html
INFO: [ app_init ] --START--
INFO: Run Behavior\BuildLiteBehavior [ RunTime:0.000004s ]
INFO: [ app_init ] --END-- [ RunTime:0.000030s ]
INFO: [ app_begin ] --START--
INFO: Run Behavior\ReadHtmlCacheBehavior [ RunTime:0.000012s ]
INFO: [ app_begin ] --END-- [ RunTime:0.000024s ]
SQL: SHOW COLUMNS FROM `tbluser` [ RunTime:0.0006s ]
SQL: SELECT * FROM `tbluser` WHERE (  tbluser_loginname='admin'  ) LIMIT 1   [ RunTime:0.0032s ]
SQL: SHOW COLUMNS FROM `tblrolenode` [ RunTime:0.0005s ]
SQL: SELECT `tblrolenode_menu` FROM `tblrolenode` WHERE ( tblrolenode_RID=1 ) LIMIT 1   [ RunTime:0.0005s ]
INFO: [ view_parse ] --START--
INFO: [ template_filter ] --START--
INFO: Run Behavior\ContentReplaceBehavior [ RunTime:0.000023s ]
INFO: [ template_filter ] --END-- [ RunTime:0.000046s ]
INFO: Run Behavior\ParseTemplateBehavior [ RunTime:0.002209s ]
INFO: [ view_parse ] --END-- [ RunTime:0.002230s ]
INFO: [ view_filter ] --START--
INFO: Run Behavior\WriteHtmlCacheBehavior [ RunTime:0.000026s ]
INFO: [ view_filter ] --END-- [ RunTime:0.000033s ]
INFO: [ app_end ] --START--
INFO: Run Behavior\ShowPageTraceBehavior [ RunTime:0.000014s ]
INFO: [ app_end ] --END-- [ RunTime:0.000021s ]

[ 2017-04-19T13:59:12+08:00 ] ::1 /Admin/Index/index.html
INFO: [ app_init ] --START--
INFO: Run Behavior\BuildLiteBehavior [ RunTime:0.000005s ]
INFO: [ app_init ] --END-- [ RunTime:0.000032s ]
INFO: [ app_begin ] --START--
INFO: Run Behavior\ReadHtmlCacheBehavior [ RunTime:0.000011s ]
INFO: [ app_begin ] --END-- [ RunTime:0.000023s ]
INFO: [ view_parse ] --START--
INFO: [ template_filter ] --START--
INFO: Run Behavior\ContentReplaceBehavior [ RunTime:0.000069s ]
INFO: [ template_filter ] --END-- [ RunTime:0.000098s ]
INFO: Run Behavior\ParseTemplateBehavior [ RunTime:0.002949s ]
INFO: [ view_parse ] --END-- [ RunTime:0.002965s ]
INFO: [ view_filter ] --START--
INFO: Run Behavior\WriteHtmlCacheBehavior [ RunTime:0.000024s ]
INFO: [ view_filter ] --END-- [ RunTime:0.000032s ]
INFO: [ app_end ] --START--
INFO: Run Behavior\ShowPageTraceBehavior [ RunTime:0.000010s ]
INFO: [ app_end ] --END-- [ RunTime:0.000015s ]

[ 2017-04-19T14:08:02+08:00 ] ::1 /Admin/Custom/customlist
INFO: [ app_init ] --START--
INFO: Run Behavior\BuildLiteBehavior [ RunTime:0.000005s ]
INFO: [ app_init ] --END-- [ RunTime:0.000035s ]
INFO: [ app_begin ] --START--
INFO: Run Behavior\ReadHtmlCacheBehavior [ RunTime:0.000014s ]
INFO: [ app_begin ] --END-- [ RunTime:0.000024s ]
SQL: SHOW COLUMNS FROM `tblcustom` [ RunTime:0.0038s ]
NOTIC: [8] Undefined index: tblcustom_name /var/www/html/Thinkreport/Qed/Admin/Controller/CustomController.class.php 第 12 行.
SQL: SELECT COUNT(*) AS tp_count FROM `tblcustom` LIMIT 1   [ RunTime:0.0011s ]
SQL: SELECT * FROM `tblcustom` ORDER BY tblcustom_ID DESC LIMIT 0,10   [ RunTime:0.0007s ]
INFO: [ view_parse ] --START--
INFO: [ template_filter ] --START--
INFO: Run Behavior\ContentReplaceBehavior [ RunTime:0.000076s ]
INFO: [ template_filter ] --END-- [ RunTime:0.000095s ]
NOTIC: [8] Undefined index: tblcustom_name /var/www/html/Thinkreport/Qed/Runtime/Cache/Admin/c4798470568d6d146c0eb1a867ed55ab.php 第 124 行.
INFO: Run Behavior\ParseTemplateBehavior [ RunTime:0.003038s ]
INFO: [ view_parse ] --END-- [ RunTime:0.003055s ]
INFO: [ view_filter ] --START--
INFO: Run Behavior\WriteHtmlCacheBehavior [ RunTime:0.000017s ]
INFO: [ view_filter ] --END-- [ RunTime:0.000025s ]
INFO: [ app_end ] --START--
INFO: Run Behavior\ShowPageTraceBehavior [ RunTime:0.000015s ]
INFO: [ app_end ] --END-- [ RunTime:0.000023s ]

