[ 2017-04-10T09:54:16+08:00 ] ::1 /
INFO: [ app_init ] --START--
INFO: Run Behavior\BuildLiteBehavior [ RunTime:0.000006s ]
INFO: [ app_init ] --END-- [ RunTime:0.000420s ]
INFO: [ app_begin ] --START--
INFO: Run Behavior\ReadHtmlCacheBehavior [ RunTime:0.000604s ]
INFO: [ app_begin ] --END-- [ RunTime:0.000627s ]
NOTIC: [8] Undefined index: qedLogin /var/www/html/Thinkreport/Qed/Admin/Controller/CommonController.class.php 第 6 行.

[ 2017-04-10T09:54:16+08:00 ] ::1 /Admin/Public/login.html
INFO: [ app_init ] --START--
INFO: Run Behavior\BuildLiteBehavior [ RunTime:0.000005s ]
INFO: [ app_init ] --END-- [ RunTime:0.000036s ]
INFO: [ app_begin ] --START--
INFO: Run Behavior\ReadHtmlCacheBehavior [ RunTime:0.000012s ]
INFO: [ app_begin ] --END-- [ RunTime:0.000023s ]
INFO: [ view_parse ] --START--
INFO: [ template_filter ] --START--
INFO: Run Behavior\ContentReplaceBehavior [ RunTime:0.000034s ]
INFO: [ template_filter ] --END-- [ RunTime:0.000051s ]
INFO: Run Behavior\ParseTemplateBehavior [ RunTime:0.005711s ]
INFO: [ view_parse ] --END-- [ RunTime:0.005731s ]
INFO: [ view_filter ] --START--
INFO: Run Behavior\WriteHtmlCacheBehavior [ RunTime:0.000265s ]
INFO: [ view_filter ] --END-- [ RunTime:0.000275s ]
INFO: [ app_end ] --START--
INFO: Run Behavior\ShowPageTraceBehavior [ RunTime:0.000549s ]
INFO: [ app_end ] --END-- [ RunTime:0.000561s ]

[ 2017-04-10T09:54:16+08:00 ] ::1 /Admin/Public/verify
INFO: [ app_init ] --START--
INFO: Run Behavior\BuildLiteBehavior [ RunTime:0.000005s ]
INFO: [ app_init ] --END-- [ RunTime:0.000031s ]
INFO: [ app_begin ] --START--
INFO: Run Behavior\ReadHtmlCacheBehavior [ RunTime:0.000013s ]
INFO: [ app_begin ] --END-- [ RunTime:0.000026s ]
INFO: [ app_end ] --START--
INFO: Run Behavior\ShowPageTraceBehavior [ RunTime:0.000032s ]
INFO: [ app_end ] --END-- [ RunTime:0.000058s ]

[ 2017-04-10T09:54:23+08:00 ] ::1 /Admin/Public/verify?t=0.6401671876691708
INFO: [ app_init ] --START--
INFO: Run Behavior\BuildLiteBehavior [ RunTime:0.000005s ]
INFO: [ app_init ] --END-- [ RunTime:0.000030s ]
INFO: [ app_begin ] --START--
INFO: Run Behavior\ReadHtmlCacheBehavior [ RunTime:0.000011s ]
INFO: [ app_begin ] --END-- [ RunTime:0.000021s ]
INFO: [ app_end ] --START--
INFO: Run Behavior\ShowPageTraceBehavior [ RunTime:0.000018s ]
INFO: [ app_end ] --END-- [ RunTime:0.000032s ]

[ 2017-04-10T09:54:24+08:00 ] ::1 /Admin/Public/verify?t=0.6401671876691708?t=0.40961187806622945
INFO: [ app_init ] --START--
INFO: Run Behavior\BuildLiteBehavior [ RunTime:0.000012s ]
INFO: [ app_init ] --END-- [ RunTime:0.000079s ]
INFO: [ app_begin ] --START--
INFO: Run Behavior\ReadHtmlCacheBehavior [ RunTime:0.000032s ]
INFO: [ app_begin ] --END-- [ RunTime:0.000064s ]
INFO: [ app_end ] --START--
INFO: Run Behavior\ShowPageTraceBehavior [ RunTime:0.000043s ]
INFO: [ app_end ] --END-- [ RunTime:0.000086s ]

[ 2017-04-10T09:54:29+08:00 ] ::1 /Admin/Public/login.html
INFO: [ app_init ] --START--
INFO: Run Behavior\BuildLiteBehavior [ RunTime:0.000004s ]
INFO: [ app_init ] --END-- [ RunTime:0.000032s ]
INFO: [ app_begin ] --START--
INFO: Run Behavior\ReadHtmlCacheBehavior [ RunTime:0.000012s ]
INFO: [ app_begin ] --END-- [ RunTime:0.000023s ]
SQL: SHOW COLUMNS FROM `tbluser` [ RunTime:0.0045s ]
SQL: SELECT * FROM `tbluser` WHERE (  tbluser_loginname='admin'  ) LIMIT 1   [ RunTime:0.0003s ]
INFO: [ view_parse ] --START--
INFO: [ template_filter ] --START--
INFO: Run Behavior\ContentReplaceBehavior [ RunTime:0.000022s ]
INFO: [ template_filter ] --END-- [ RunTime:0.000039s ]
INFO: Run Behavior\ParseTemplateBehavior [ RunTime:0.002090s ]
INFO: [ view_parse ] --END-- [ RunTime:0.002110s ]
INFO: [ view_filter ] --START--
INFO: Run Behavior\WriteHtmlCacheBehavior [ RunTime:0.000019s ]
INFO: [ view_filter ] --END-- [ RunTime:0.000027s ]

[ 2017-04-10T09:54:32+08:00 ] ::1 /Admin/Public/login.html
INFO: [ app_init ] --START--
INFO: Run Behavior\BuildLiteBehavior [ RunTime:0.000006s ]
INFO: [ app_init ] --END-- [ RunTime:0.000073s ]
INFO: [ app_begin ] --START--
INFO: Run Behavior\ReadHtmlCacheBehavior [ RunTime:0.000024s ]
INFO: [ app_begin ] --END-- [ RunTime:0.000041s ]
INFO: [ view_parse ] --START--
INFO: [ template_filter ] --START--
INFO: Run Behavior\ContentReplaceBehavior [ RunTime:0.000036s ]
INFO: [ template_filter ] --END-- [ RunTime:0.000052s ]
INFO: Run Behavior\ParseTemplateBehavior [ RunTime:0.000856s ]
INFO: [ view_parse ] --END-- [ RunTime:0.000875s ]
INFO: [ view_filter ] --START--
INFO: Run Behavior\WriteHtmlCacheBehavior [ RunTime:0.000021s ]
INFO: [ view_filter ] --END-- [ RunTime:0.000028s ]
INFO: [ app_end ] --START--
INFO: Run Behavior\ShowPageTraceBehavior [ RunTime:0.000012s ]
INFO: [ app_end ] --END-- [ RunTime:0.000019s ]

[ 2017-04-10T09:54:33+08:00 ] ::1 /Admin/Public/verify
INFO: [ app_init ] --START--
INFO: Run Behavior\BuildLiteBehavior [ RunTime:0.000004s ]
INFO: [ app_init ] --END-- [ RunTime:0.000030s ]
INFO: [ app_begin ] --START--
INFO: Run Behavior\ReadHtmlCacheBehavior [ RunTime:0.000011s ]
INFO: [ app_begin ] --END-- [ RunTime:0.000022s ]
INFO: [ app_end ] --START--
INFO: Run Behavior\ShowPageTraceBehavior [ RunTime:0.000015s ]
INFO: [ app_end ] --END-- [ RunTime:0.000032s ]

[ 2017-04-10T09:54:38+08:00 ] ::1 /Admin/Public/verify?t=0.6424460495486146
INFO: [ app_init ] --START--
INFO: Run Behavior\BuildLiteBehavior [ RunTime:0.000005s ]
INFO: [ app_init ] --END-- [ RunTime:0.000033s ]
INFO: [ app_begin ] --START--
INFO: Run Behavior\ReadHtmlCacheBehavior [ RunTime:0.000013s ]
INFO: [ app_begin ] --END-- [ RunTime:0.000024s ]
INFO: [ app_end ] --START--
INFO: Run Behavior\ShowPageTraceBehavior [ RunTime:0.000033s ]
INFO: [ app_end ] --END-- [ RunTime:0.000061s ]

[ 2017-04-10T09:54:45+08:00 ] ::1 /Admin/Public/login.html
INFO: [ app_init ] --START--
INFO: Run Behavior\BuildLiteBehavior [ RunTime:0.000005s ]
INFO: [ app_init ] --END-- [ RunTime:0.000034s ]
INFO: [ app_begin ] --START--
INFO: Run Behavior\ReadHtmlCacheBehavior [ RunTime:0.000013s ]
INFO: [ app_begin ] --END-- [ RunTime:0.000023s ]
SQL: SHOW COLUMNS FROM `tbluser` [ RunTime:0.0003s ]
SQL: SELECT * FROM `tbluser` WHERE (  tbluser_loginname='admin'  ) LIMIT 1   [ RunTime:0.0002s ]
SQL: SHOW COLUMNS FROM `tblrolenode` [ RunTime:0.0020s ]
SQL: SELECT `tblrolenode_menu` FROM `tblrolenode` WHERE ( tblrolenode_RID=1 ) LIMIT 1   [ RunTime:0.0002s ]
INFO: [ view_parse ] --START--
INFO: [ template_filter ] --START--
INFO: Run Behavior\ContentReplaceBehavior [ RunTime:0.000031s ]
INFO: [ template_filter ] --END-- [ RunTime:0.000057s ]
INFO: Run Behavior\ParseTemplateBehavior [ RunTime:0.001063s ]
INFO: [ view_parse ] --END-- [ RunTime:0.001086s ]
INFO: [ view_filter ] --START--
INFO: Run Behavior\WriteHtmlCacheBehavior [ RunTime:0.000022s ]
INFO: [ view_filter ] --END-- [ RunTime:0.000033s ]
INFO: [ app_end ] --START--
INFO: Run Behavior\ShowPageTraceBehavior [ RunTime:0.000019s ]
INFO: [ app_end ] --END-- [ RunTime:0.000030s ]

[ 2017-04-10T09:54:46+08:00 ] ::1 /Admin/Index/index.html
INFO: [ app_init ] --START--
INFO: Run Behavior\BuildLiteBehavior [ RunTime:0.000005s ]
INFO: [ app_init ] --END-- [ RunTime:0.000042s ]
INFO: [ app_begin ] --START--
INFO: Run Behavior\ReadHtmlCacheBehavior [ RunTime:0.000011s ]
INFO: [ app_begin ] --END-- [ RunTime:0.000022s ]
INFO: [ view_parse ] --START--
INFO: [ template_filter ] --START--
INFO: Run Behavior\ContentReplaceBehavior [ RunTime:0.000044s ]
INFO: [ template_filter ] --END-- [ RunTime:0.000059s ]
INFO: Run Behavior\ParseTemplateBehavior [ RunTime:0.001467s ]
INFO: [ view_parse ] --END-- [ RunTime:0.001482s ]
INFO: [ view_filter ] --START--
INFO: Run Behavior\WriteHtmlCacheBehavior [ RunTime:0.000014s ]
INFO: [ view_filter ] --END-- [ RunTime:0.000022s ]
INFO: [ app_end ] --START--
INFO: Run Behavior\ShowPageTraceBehavior [ RunTime:0.000010s ]
INFO: [ app_end ] --END-- [ RunTime:0.000017s ]

[ 2017-04-10T16:12:45+08:00 ] 127.0.0.1 /
INFO: [ app_init ] --START--
INFO: Run Behavior\BuildLiteBehavior [ RunTime:0.000006s ]
INFO: [ app_init ] --END-- [ RunTime:0.000258s ]
INFO: [ app_begin ] --START--
INFO: Run Behavior\ReadHtmlCacheBehavior [ RunTime:0.000529s ]
INFO: [ app_begin ] --END-- [ RunTime:0.000548s ]
NOTIC: [8] Undefined index: qedLogin /var/www/html/Thinkreport/Qed/Admin/Controller/CommonController.class.php 第 6 行.

[ 2017-04-10T16:33:24+08:00 ] 127.0.0.1 /Admin/Public/login.html
INFO: [ app_init ] --START--
INFO: Run Behavior\BuildLiteBehavior [ RunTime:0.000005s ]
INFO: [ app_init ] --END-- [ RunTime:0.000038s ]
INFO: [ app_begin ] --START--
INFO: Run Behavior\ReadHtmlCacheBehavior [ RunTime:0.000020s ]
INFO: [ app_begin ] --END-- [ RunTime:0.000034s ]
INFO: [ view_parse ] --START--
INFO: [ template_filter ] --START--
INFO: Run Behavior\ContentReplaceBehavior [ RunTime:0.000050s ]
INFO: [ template_filter ] --END-- [ RunTime:0.000081s ]
INFO: Run Behavior\ParseTemplateBehavior [ RunTime:0.006365s ]
INFO: [ view_parse ] --END-- [ RunTime:0.006385s ]
INFO: [ view_filter ] --START--
INFO: Run Behavior\WriteHtmlCacheBehavior [ RunTime:0.000268s ]
INFO: [ view_filter ] --END-- [ RunTime:0.000279s ]
INFO: [ app_end ] --START--
INFO: Run Behavior\ShowPageTraceBehavior [ RunTime:0.000611s ]
INFO: [ app_end ] --END-- [ RunTime:0.000626s ]

[ 2017-04-10T16:33:24+08:00 ] 127.0.0.1 /Admin/Public/verify
INFO: [ app_init ] --START--
INFO: Run Behavior\BuildLiteBehavior [ RunTime:0.000005s ]
INFO: [ app_init ] --END-- [ RunTime:0.000036s ]
INFO: [ app_begin ] --START--
INFO: Run Behavior\ReadHtmlCacheBehavior [ RunTime:0.000013s ]
INFO: [ app_begin ] --END-- [ RunTime:0.000027s ]
ERR: Call to undefined function Think\imagecreate()

[ 2017-04-10T16:33:24+08:00 ] 127.0.0.1 /Admin/Public/verify
INFO: [ app_init ] --START--
INFO: Run Behavior\BuildLiteBehavior [ RunTime:0.000005s ]
INFO: [ app_init ] --END-- [ RunTime:0.000032s ]
INFO: [ app_begin ] --START--
INFO: Run Behavior\ReadHtmlCacheBehavior [ RunTime:0.000011s ]
INFO: [ app_begin ] --END-- [ RunTime:0.000024s ]
ERR: Call to undefined function Think\imagecreate()

[ 2017-04-10T16:54:05+08:00 ] 127.0.0.1 /Admin/Public/verify?t=0.6406438876698132
INFO: [ app_init ] --START--
INFO: Run Behavior\BuildLiteBehavior [ RunTime:0.000015s ]
INFO: [ app_init ] --END-- [ RunTime:0.000519s ]
INFO: [ app_begin ] --START--
INFO: Run Behavior\ReadHtmlCacheBehavior [ RunTime:0.000035s ]
INFO: [ app_begin ] --END-- [ RunTime:0.000313s ]
ERR: Call to undefined function Think\imagecreate()

[ 2017-04-10T16:54:06+08:00 ] 127.0.0.1 /Admin/Public/verify?t=0.6406438876698132?t=0.4028270287133484
INFO: [ app_init ] --START--
INFO: Run Behavior\BuildLiteBehavior [ RunTime:0.000018s ]
INFO: [ app_init ] --END-- [ RunTime:0.000522s ]
INFO: [ app_begin ] --START--
INFO: Run Behavior\ReadHtmlCacheBehavior [ RunTime:0.000042s ]
INFO: [ app_begin ] --END-- [ RunTime:0.000082s ]
ERR: Call to undefined function Think\imagecreate()

[ 2017-04-10T16:54:06+08:00 ] 127.0.0.1 /Admin/Public/verify?t=0.6406438876698132?t=0.4028270287133484?t=0.0746074916194216
INFO: [ app_init ] --START--
INFO: Run Behavior\BuildLiteBehavior [ RunTime:0.000005s ]
INFO: [ app_init ] --END-- [ RunTime:0.000030s ]
INFO: [ app_begin ] --START--
INFO: Run Behavior\ReadHtmlCacheBehavior [ RunTime:0.000011s ]
INFO: [ app_begin ] --END-- [ RunTime:0.000021s ]
ERR: Call to undefined function Think\imagecreate()

[ 2017-04-10T16:54:07+08:00 ] 127.0.0.1 /Admin/Public/verify?t=0.6406438876698132?t=0.4028270287133484?t=0.0746074916194216?t=0.7592300549143702
INFO: [ app_init ] --START--
INFO: Run Behavior\BuildLiteBehavior [ RunTime:0.000005s ]
INFO: [ app_init ] --END-- [ RunTime:0.000032s ]
INFO: [ app_begin ] --START--
INFO: Run Behavior\ReadHtmlCacheBehavior [ RunTime:0.000011s ]
INFO: [ app_begin ] --END-- [ RunTime:0.000021s ]
ERR: Call to undefined function Think\imagecreate()

[ 2017-04-10T16:54:11+08:00 ] 127.0.0.1 /Admin/Public/verify?t=0.6406438876698132?t=0.4028270287133484?t=0.0746074916194216?t=0.7592300549143702?t=0.6843565942535338
INFO: [ app_init ] --START--
INFO: Run Behavior\BuildLiteBehavior [ RunTime:0.000019s ]
INFO: [ app_init ] --END-- [ RunTime:0.000161s ]
INFO: [ app_begin ] --START--
INFO: Run Behavior\ReadHtmlCacheBehavior [ RunTime:0.000084s ]
INFO: [ app_begin ] --END-- [ RunTime:0.000148s ]
ERR: Call to undefined function Think\imagecreate()

[ 2017-04-10T16:54:13+08:00 ] 127.0.0.1 /Admin/Public/verify?t=0.6406438876698132?t=0.4028270287133484?t=0.0746074916194216?t=0.7592300549143702?t=0.6843565942535338?t=0.2437920489199108
INFO: [ app_init ] --START--
INFO: Run Behavior\BuildLiteBehavior [ RunTime:0.000012s ]
INFO: [ app_init ] --END-- [ RunTime:0.000084s ]
INFO: [ app_begin ] --START--
INFO: Run Behavior\ReadHtmlCacheBehavior [ RunTime:0.000032s ]
INFO: [ app_begin ] --END-- [ RunTime:0.000062s ]
ERR: Call to undefined function Think\imagecreate()

[ 2017-04-10T16:55:37+08:00 ] 127.0.0.1 /
INFO: [ app_init ] --START--
INFO: Run Behavior\BuildLiteBehavior [ RunTime:0.000012s ]
INFO: [ app_init ] --END-- [ RunTime:0.000606s ]
INFO: [ app_begin ] --START--
INFO: Run Behavior\ReadHtmlCacheBehavior [ RunTime:0.000549s ]
INFO: [ app_begin ] --END-- [ RunTime:0.000570s ]
NOTIC: [8] Undefined index: qedLogin /var/www/html/Thinkreport/Qed/Admin/Controller/CommonController.class.php 第 6 行.

[ 2017-04-10T16:55:37+08:00 ] 127.0.0.1 /Admin/Public/login.html
INFO: [ app_init ] --START--
INFO: Run Behavior\BuildLiteBehavior [ RunTime:0.000005s ]
INFO: [ app_init ] --END-- [ RunTime:0.000042s ]
INFO: [ app_begin ] --START--
INFO: Run Behavior\ReadHtmlCacheBehavior [ RunTime:0.000013s ]
INFO: [ app_begin ] --END-- [ RunTime:0.000025s ]
INFO: [ view_parse ] --START--
INFO: [ template_filter ] --START--
INFO: Run Behavior\ContentReplaceBehavior [ RunTime:0.000051s ]
INFO: [ template_filter ] --END-- [ RunTime:0.000103s ]
INFO: Run Behavior\ParseTemplateBehavior [ RunTime:0.008291s ]
INFO: [ view_parse ] --END-- [ RunTime:0.008351s ]
INFO: [ view_filter ] --START--
INFO: Run Behavior\WriteHtmlCacheBehavior [ RunTime:0.000319s ]
INFO: [ view_filter ] --END-- [ RunTime:0.000339s ]
INFO: [ app_end ] --START--
INFO: Run Behavior\ShowPageTraceBehavior [ RunTime:0.000790s ]
INFO: [ app_end ] --END-- [ RunTime:0.000811s ]

[ 2017-04-10T16:55:37+08:00 ] 127.0.0.1 /Admin/Public/verify
INFO: [ app_init ] --START--
INFO: Run Behavior\BuildLiteBehavior [ RunTime:0.000007s ]
INFO: [ app_init ] --END-- [ RunTime:0.000048s ]
INFO: [ app_begin ] --START--
INFO: Run Behavior\ReadHtmlCacheBehavior [ RunTime:0.000021s ]
INFO: [ app_begin ] --END-- [ RunTime:0.000040s ]
ERR: Call to undefined function Think\imagecreate()

[ 2017-04-10T16:55:37+08:00 ] 127.0.0.1 /Admin/Public/verify
INFO: [ app_init ] --START--
INFO: Run Behavior\BuildLiteBehavior [ RunTime:0.000005s ]
INFO: [ app_init ] --END-- [ RunTime:0.000031s ]
INFO: [ app_begin ] --START--
INFO: Run Behavior\ReadHtmlCacheBehavior [ RunTime:0.000012s ]
INFO: [ app_begin ] --END-- [ RunTime:0.000023s ]
ERR: Call to undefined function Think\imagecreate()

[ 2017-04-10T16:55:39+08:00 ] 127.0.0.1 /Admin/Public/verify?t=0.6107770598841257
INFO: [ app_init ] --START--
INFO: Run Behavior\BuildLiteBehavior [ RunTime:0.000005s ]
INFO: [ app_init ] --END-- [ RunTime:0.000037s ]
INFO: [ app_begin ] --START--
INFO: Run Behavior\ReadHtmlCacheBehavior [ RunTime:0.000011s ]
INFO: [ app_begin ] --END-- [ RunTime:0.000021s ]
ERR: Call to undefined function Think\imagecreate()

[ 2017-04-10T16:57:15+08:00 ] 127.0.0.1 /Admin/Public/verify?t=0.6107770598841257?t=0.12222682784171912
INFO: [ app_init ] --START--
INFO: Run Behavior\BuildLiteBehavior [ RunTime:0.000006s ]
INFO: [ app_init ] --END-- [ RunTime:0.000048s ]
INFO: [ app_begin ] --START--
INFO: Run Behavior\ReadHtmlCacheBehavior [ RunTime:0.000021s ]
INFO: [ app_begin ] --END-- [ RunTime:0.000038s ]
ERR: Call to undefined function Think\imagecreate()

[ 2017-04-10T16:57:16+08:00 ] 127.0.0.1 /Admin/Public/verify?t=0.6107770598841257?t=0.12222682784171912?t=0.4434368923874682
INFO: [ app_init ] --START--
INFO: Run Behavior\BuildLiteBehavior [ RunTime:0.000006s ]
INFO: [ app_init ] --END-- [ RunTime:0.000038s ]
INFO: [ app_begin ] --START--
INFO: Run Behavior\ReadHtmlCacheBehavior [ RunTime:0.000011s ]
INFO: [ app_begin ] --END-- [ RunTime:0.000021s ]
ERR: Call to undefined function Think\imagecreate()

[ 2017-04-10T17:00:55+08:00 ] 127.0.0.1 /Admin/Public/login.html
INFO: [ app_init ] --START--
INFO: Run Behavior\BuildLiteBehavior [ RunTime:0.000007s ]
INFO: [ app_init ] --END-- [ RunTime:0.000279s ]
INFO: [ app_begin ] --START--
INFO: Run Behavior\ReadHtmlCacheBehavior [ RunTime:0.000335s ]
INFO: [ app_begin ] --END-- [ RunTime:0.000351s ]
INFO: [ view_parse ] --START--
INFO: [ template_filter ] --START--
INFO: Run Behavior\ContentReplaceBehavior [ RunTime:0.000034s ]
INFO: [ template_filter ] --END-- [ RunTime:0.000050s ]
INFO: Run Behavior\ParseTemplateBehavior [ RunTime:0.004218s ]
INFO: [ view_parse ] --END-- [ RunTime:0.004237s ]
INFO: [ view_filter ] --START--
INFO: Run Behavior\WriteHtmlCacheBehavior [ RunTime:0.000105s ]
INFO: [ view_filter ] --END-- [ RunTime:0.000116s ]
INFO: [ app_end ] --START--
INFO: Run Behavior\ShowPageTraceBehavior [ RunTime:0.000402s ]
INFO: [ app_end ] --END-- [ RunTime:0.000417s ]

[ 2017-04-10T17:00:55+08:00 ] 127.0.0.1 /Admin/Public/verify
INFO: [ app_init ] --START--
INFO: Run Behavior\BuildLiteBehavior [ RunTime:0.000006s ]
INFO: [ app_init ] --END-- [ RunTime:0.000055s ]
INFO: [ app_begin ] --START--
INFO: Run Behavior\ReadHtmlCacheBehavior [ RunTime:0.000019s ]
INFO: [ app_begin ] --END-- [ RunTime:0.000033s ]
INFO: [ app_end ] --START--
INFO: Run Behavior\ShowPageTraceBehavior [ RunTime:0.000065s ]
INFO: [ app_end ] --END-- [ RunTime:0.000109s ]

[ 2017-04-10T17:00:56+08:00 ] 127.0.0.1 /Admin/Public/login.html
INFO: [ app_init ] --START--
INFO: Run Behavior\BuildLiteBehavior [ RunTime:0.000006s ]
INFO: [ app_init ] --END-- [ RunTime:0.000041s ]
INFO: [ app_begin ] --START--
INFO: Run Behavior\ReadHtmlCacheBehavior [ RunTime:0.000017s ]
INFO: [ app_begin ] --END-- [ RunTime:0.000033s ]
INFO: [ view_parse ] --START--
INFO: [ template_filter ] --START--
INFO: Run Behavior\ContentReplaceBehavior [ RunTime:0.000037s ]
INFO: [ template_filter ] --END-- [ RunTime:0.000059s ]
INFO: Run Behavior\ParseTemplateBehavior [ RunTime:0.000934s ]
INFO: [ view_parse ] --END-- [ RunTime:0.000952s ]
INFO: [ view_filter ] --START--
INFO: Run Behavior\WriteHtmlCacheBehavior [ RunTime:0.000018s ]
INFO: [ view_filter ] --END-- [ RunTime:0.000029s ]
INFO: [ app_end ] --START--
INFO: Run Behavior\ShowPageTraceBehavior [ RunTime:0.000013s ]
INFO: [ app_end ] --END-- [ RunTime:0.000023s ]

[ 2017-04-10T17:00:56+08:00 ] 127.0.0.1 /Admin/Public/verify
INFO: [ app_init ] --START--
INFO: Run Behavior\BuildLiteBehavior [ RunTime:0.000006s ]
INFO: [ app_init ] --END-- [ RunTime:0.000037s ]
INFO: [ app_begin ] --START--
INFO: Run Behavior\ReadHtmlCacheBehavior [ RunTime:0.000018s ]
INFO: [ app_begin ] --END-- [ RunTime:0.000033s ]
INFO: [ app_end ] --START--
INFO: Run Behavior\ShowPageTraceBehavior [ RunTime:0.000017s ]
INFO: [ app_end ] --END-- [ RunTime:0.000035s ]

[ 2017-04-10T17:01:09+08:00 ] 127.0.0.1 /Admin/Public/login.html
INFO: [ app_init ] --START--
INFO: Run Behavior\BuildLiteBehavior [ RunTime:0.000008s ]
INFO: [ app_init ] --END-- [ RunTime:0.000058s ]
INFO: [ app_begin ] --START--
INFO: Run Behavior\ReadHtmlCacheBehavior [ RunTime:0.000025s ]
INFO: [ app_begin ] --END-- [ RunTime:0.000048s ]
SQL: SHOW COLUMNS FROM `tbluser` [ RunTime:0.0024s ]
SQL: SELECT * FROM `tbluser` WHERE (  tbluser_loginname='admin'  ) LIMIT 1   [ RunTime:0.0002s ]
SQL: SHOW COLUMNS FROM `tblrolenode` [ RunTime:0.0007s ]
SQL: SELECT `tblrolenode_menu` FROM `tblrolenode` WHERE ( tblrolenode_RID=1 ) LIMIT 1   [ RunTime:0.0002s ]
INFO: [ view_parse ] --START--
INFO: [ template_filter ] --START--
INFO: Run Behavior\ContentReplaceBehavior [ RunTime:0.000027s ]
INFO: [ template_filter ] --END-- [ RunTime:0.000051s ]
INFO: Run Behavior\ParseTemplateBehavior [ RunTime:0.001072s ]
INFO: [ view_parse ] --END-- [ RunTime:0.001097s ]
INFO: [ view_filter ] --START--
INFO: Run Behavior\WriteHtmlCacheBehavior [ RunTime:0.000026s ]
INFO: [ view_filter ] --END-- [ RunTime:0.000040s ]
INFO: [ app_end ] --START--
INFO: Run Behavior\ShowPageTraceBehavior [ RunTime:0.000019s ]
INFO: [ app_end ] --END-- [ RunTime:0.000032s ]

[ 2017-04-10T17:01:10+08:00 ] 127.0.0.1 /Admin/Index/index.html
INFO: [ app_init ] --START--
INFO: Run Behavior\BuildLiteBehavior [ RunTime:0.000013s ]
INFO: [ app_init ] --END-- [ RunTime:0.000084s ]
INFO: [ app_begin ] --START--
INFO: Run Behavior\ReadHtmlCacheBehavior [ RunTime:0.000037s ]
INFO: [ app_begin ] --END-- [ RunTime:0.000072s ]
INFO: [ view_parse ] --START--
INFO: [ template_filter ] --START--
INFO: Run Behavior\ContentReplaceBehavior [ RunTime:0.000126s ]
INFO: [ template_filter ] --END-- [ RunTime:0.000189s ]
INFO: Run Behavior\ParseTemplateBehavior [ RunTime:0.008815s ]
INFO: [ view_parse ] --END-- [ RunTime:0.008865s ]
INFO: [ view_filter ] --START--
INFO: Run Behavior\WriteHtmlCacheBehavior [ RunTime:0.000049s ]
INFO: [ view_filter ] --END-- [ RunTime:0.000075s ]
INFO: [ app_end ] --START--
INFO: Run Behavior\ShowPageTraceBehavior [ RunTime:0.000031s ]
INFO: [ app_end ] --END-- [ RunTime:0.000057s ]

[ 2017-04-10T17:01:22+08:00 ] 127.0.0.1 /Admin/Study/studylist
INFO: [ app_init ] --START--
INFO: Run Behavior\BuildLiteBehavior [ RunTime:0.000005s ]
INFO: [ app_init ] --END-- [ RunTime:0.000029s ]
INFO: [ app_begin ] --START--
INFO: Run Behavior\ReadHtmlCacheBehavior [ RunTime:0.000011s ]
INFO: [ app_begin ] --END-- [ RunTime:0.000022s ]
SQL: SHOW COLUMNS FROM `tblstudy` [ RunTime:0.0017s ]
SQL: SELECT COUNT(*) AS tp_count FROM `tblstudy` LIMIT 1   [ RunTime:0.0002s ]
SQL: SHOW COLUMNS FROM `tblstudy` [ RunTime:0.0007s ]
SQL: SELECT p.tblpatient_ID,p.tblpatient_PID,p.tblpatient_name,p.tblpatient_pinyin,p.tblpatient_sex,p.tblpatient_birthday,p.tblpatient_height,p.tblpatient_weight,p.tblpatient_tel,p.tblpatient_tm,s.tblstudy_ID,s.tblstudy_SID,s.tblstudy_hospitalizedID,s.tblstudy_sickbedID,s.tblstudy_outpatientID,s.tblstudy_imageID,s.tblstudy_modality,s.tblstudy_BloodSugarLevels,s.tblstudy_injectionDate,s.tblstudy_studyDate,d.tbldepartment_department,a.tblInpatientArea_area,m.tblInspectionItem_item,t.tbltracer_tracer,s.tblstudy_dose,s.tblstudy_reportState,s.tblstudy_clinical,s.tblreport_doctor,s.tblreport_checkdoctor,s.tblreport_islock,fl.tblflup_state FROM tblstudy s INNER JOIN tblpatient p ON s.tblpatient_ID = p.tblpatient_ID INNER JOIN tbldepartment d ON s.tbldepartment_ID = d.tbldepartment_ID INNER JOIN tblinpatientarea a ON s.tblInpatientArea_ID = a.tblInpatientArea_ID INNER JOIN tblinspectionitem m ON s.tblInspectionItem_ID = m.tblInspectionItem_ID INNER JOIN tbltracer t ON s.tbltracer_ID = t.tbltracer_ID LEFT JOIN tblflup fl ON s.tblstudy_ID = fl.tblstudy_ID  ORDER BY s.tblstudy_ID DESC LIMIT 0,10   [ RunTime:0.0046s ]
INFO: [ view_parse ] --START--
INFO: [ template_filter ] --START--
INFO: Run Behavior\ContentReplaceBehavior [ RunTime:0.000084s ]
INFO: [ template_filter ] --END-- [ RunTime:0.000105s ]
NOTIC: [8] Undefined variable: classes /var/www/html/Thinkreport/Qed/Runtime/Cache/Admin/58fb0ea3fe51845d6549be65a1dd91fa.php 第 125 行.
NOTIC: [8] Undefined index: tbluser_loginname /var/www/html/Thinkreport/Qed/Runtime/Cache/Admin/58fb0ea3fe51845d6549be65a1dd91fa.php 第 131 行.
NOTIC: [8] Undefined index: tbluser_displayname /var/www/html/Thinkreport/Qed/Runtime/Cache/Admin/58fb0ea3fe51845d6549be65a1dd91fa.php 第 132 行.
NOTIC: [8] Undefined index: tblstudy_bloodSugarlevels /var/www/html/Thinkreport/Qed/Runtime/Cache/Admin/58fb0ea3fe51845d6549be65a1dd91fa.php 第 185 行.
NOTIC: [8] Undefined index: repage /var/www/html/Thinkreport/Qed/Runtime/Cache/Admin/58fb0ea3fe51845d6549be65a1dd91fa.php 第 193 行.
NOTIC: [8] Undefined index: tblstudy_ischarges /var/www/html/Thinkreport/Qed/Runtime/Cache/Admin/58fb0ea3fe51845d6549be65a1dd91fa.php 第 197 行.
NOTIC: [8] Undefined index: tblstudy_bloodSugarlevels /var/www/html/Thinkreport/Qed/Runtime/Cache/Admin/58fb0ea3fe51845d6549be65a1dd91fa.php 第 185 行.
NOTIC: [8] Undefined index: repage /var/www/html/Thinkreport/Qed/Runtime/Cache/Admin/58fb0ea3fe51845d6549be65a1dd91fa.php 第 193 行.
NOTIC: [8] Undefined index: tblstudy_ischarges /var/www/html/Thinkreport/Qed/Runtime/Cache/Admin/58fb0ea3fe51845d6549be65a1dd91fa.php 第 197 行.
NOTIC: [8] Undefined index: tblstudy_bloodSugarlevels /var/www/html/Thinkreport/Qed/Runtime/Cache/Admin/58fb0ea3fe51845d6549be65a1dd91fa.php 第 185 行.
NOTIC: [8] Undefined index: repage /var/www/html/Thinkreport/Qed/Runtime/Cache/Admin/58fb0ea3fe51845d6549be65a1dd91fa.php 第 193 行.
NOTIC: [8] Undefined index: tblstudy_ischarges /var/www/html/Thinkreport/Qed/Runtime/Cache/Admin/58fb0ea3fe51845d6549be65a1dd91fa.php 第 197 行.
NOTIC: [8] Undefined index: tblstudy_bloodSugarlevels /var/www/html/Thinkreport/Qed/Runtime/Cache/Admin/58fb0ea3fe51845d6549be65a1dd91fa.php 第 185 行.
NOTIC: [8] Undefined index: repage /var/www/html/Thinkreport/Qed/Runtime/Cache/Admin/58fb0ea3fe51845d6549be65a1dd91fa.php 第 193 行.
NOTIC: [8] Undefined index: tblstudy_ischarges /var/www/html/Thinkreport/Qed/Runtime/Cache/Admin/58fb0ea3fe51845d6549be65a1dd91fa.php 第 197 行.
NOTIC: [8] Undefined index: tblstudy_bloodSugarlevels /var/www/html/Thinkreport/Qed/Runtime/Cache/Admin/58fb0ea3fe51845d6549be65a1dd91fa.php 第 185 行.
NOTIC: [8] Undefined index: repage /var/www/html/Thinkreport/Qed/Runtime/Cache/Admin/58fb0ea3fe51845d6549be65a1dd91fa.php 第 193 行.
NOTIC: [8] Undefined index: tblstudy_ischarges /var/www/html/Thinkreport/Qed/Runtime/Cache/Admin/58fb0ea3fe51845d6549be65a1dd91fa.php 第 197 行.
NOTIC: [8] Undefined index: tblstudy_bloodSugarlevels /var/www/html/Thinkreport/Qed/Runtime/Cache/Admin/58fb0ea3fe51845d6549be65a1dd91fa.php 第 185 行.
NOTIC: [8] Undefined index: repage /var/www/html/Thinkreport/Qed/Runtime/Cache/Admin/58fb0ea3fe51845d6549be65a1dd91fa.php 第 193 行.
NOTIC: [8] Undefined index: tblstudy_ischarges /var/www/html/Thinkreport/Qed/Runtime/Cache/Admin/58fb0ea3fe51845d6549be65a1dd91fa.php 第 197 行.
NOTIC: [8] Undefined index: tblstudy_bloodSugarlevels /var/www/html/Thinkreport/Qed/Runtime/Cache/Admin/58fb0ea3fe51845d6549be65a1dd91fa.php 第 185 行.
NOTIC: [8] Undefined index: repage /var/www/html/Thinkreport/Qed/Runtime/Cache/Admin/58fb0ea3fe51845d6549be65a1dd91fa.php 第 193 行.
NOTIC: [8] Undefined index: tblstudy_ischarges /var/www/html/Thinkreport/Qed/Runtime/Cache/Admin/58fb0ea3fe51845d6549be65a1dd91fa.php 第 197 行.
NOTIC: [8] Undefined index: tblstudy_bloodSugarlevels /var/www/html/Thinkreport/Qed/Runtime/Cache/Admin/58fb0ea3fe51845d6549be65a1dd91fa.php 第 185 行.
NOTIC: [8] Undefined index: repage /var/www/html/Thinkreport/Qed/Runtime/Cache/Admin/58fb0ea3fe51845d6549be65a1dd91fa.php 第 193 行.
NOTIC: [8] Undefined index: tblstudy_ischarges /var/www/html/Thinkreport/Qed/Runtime/Cache/Admin/58fb0ea3fe51845d6549be65a1dd91fa.php 第 197 行.
NOTIC: [8] Undefined index: tblstudy_bloodSugarlevels /var/www/html/Thinkreport/Qed/Runtime/Cache/Admin/58fb0ea3fe51845d6549be65a1dd91fa.php 第 185 行.
NOTIC: [8] Undefined index: repage /var/www/html/Thinkreport/Qed/Runtime/Cache/Admin/58fb0ea3fe51845d6549be65a1dd91fa.php 第 193 行.
NOTIC: [8] Undefined index: tblstudy_ischarges /var/www/html/Thinkreport/Qed/Runtime/Cache/Admin/58fb0ea3fe51845d6549be65a1dd91fa.php 第 197 行.
INFO: Run Behavior\ParseTemplateBehavior [ RunTime:0.003636s ]
INFO: [ view_parse ] --END-- [ RunTime:0.003651s ]
INFO: [ view_filter ] --START--
INFO: Run Behavior\WriteHtmlCacheBehavior [ RunTime:0.000022s ]
INFO: [ view_filter ] --END-- [ RunTime:0.000031s ]
INFO: [ app_end ] --START--
INFO: Run Behavior\ShowPageTraceBehavior [ RunTime:0.000013s ]
INFO: [ app_end ] --END-- [ RunTime:0.000021s ]

